#
# There is insufficient memory for the Java Runtime Environment to continue.
# Native memory allocation (malloc) failed to allocate 1938400 bytes for Chunk::new
# Possible reasons:
#   The system is out of physical RAM or swap space
#   The process is running with CompressedOops enabled, and the Java Heap may be blocking the growth of the native heap
# Possible solutions:
#   Reduce memory load on the system
#   Increase physical memory or swap space
#   Check if swap backing store is full
#   Decrease Java heap size (-Xmx/-Xms)
#   Decrease number of Java threads
#   Decrease Java thread stack sizes (-Xss)
#   Set larger code cache with -XX:ReservedCodeCacheSize=
#   JVM is running with Unscaled Compressed Oops mode in which the Java heap is
#     placed in the first 4GB address space. The Java Heap base address is the
#     maximum limit for the native heap growth. Please use -XX:HeapBaseMinAddress
#     to set the Java Heap base and to place the Java Heap above 4GB virtual address.
# This output file may be truncated or incomplete.
#
#  Out of Memory Error (allocation.cpp:390), pid=24428, tid=0x0000000000006060
#
# JRE version: Java(TM) SE Runtime Environment (8.0_201-b09) (build 1.8.0_201-b09)
# Java VM: Java HotSpot(TM) 64-Bit Server VM (25.201-b09 mixed mode windows-amd64 compressed oops)
# Failed to write core dump. Minidumps are not enabled by default on client versions of Windows
#

---------------  T H R E A D  ---------------

Current thread (0x000000001a337800):  JavaThread "C2 CompilerThread0" daemon [_thread_in_native, id=24672, stack(0x000000001b0a0000,0x000000001b1a0000)]

Stack: [0x000000001b0a0000,0x000000001b1a0000]
[error occurred during error reporting (printing stack bounds), id 0xc0000005]

Native frames: (J=compiled Java code, j=interpreted, Vv=VM code, C=native code)


Current CompileTask:
C2: 220123 7118       4       org.springframework.core.ResolvableType::forType (115 bytes)


---------------  P R O C E S S  ---------------

Java Threads: ( => current thread )
  0x0000000020241800 JavaThread "commons-pool-evictor-thread" daemon [_thread_blocked, id=23728, stack(0x000000001eef0000,0x000000001eff0000)]
  0x000000001de05800 JavaThread "container-0" [_thread_blocked, id=23144, stack(0x0000000026050000,0x0000000026150000)]
  0x000000001d61d000 JavaThread "Catalina-utility-2" [_thread_blocked, id=24312, stack(0x00000000254a0000,0x00000000255a0000)]
  0x0000000022f48800 JavaThread "Catalina-utility-1" [_thread_blocked, id=13480, stack(0x0000000021740000,0x0000000021840000)]
  0x000000001d580800 JavaThread "restartedMain" [_thread_in_native, id=20660, stack(0x000000001c9d0000,0x000000001cad0000)]
  0x0000000023728000 JavaThread "Thread-0" [_thread_blocked, id=21888, stack(0x000000001c8d0000,0x000000001c9d0000)]
  0x000000001a3ea000 JavaThread "Service Thread" daemon [_thread_blocked, id=19012, stack(0x000000001b3a0000,0x000000001b4a0000)]
  0x000000001a353000 JavaThread "C1 CompilerThread2" daemon [_thread_blocked, id=25364, stack(0x000000001b2a0000,0x000000001b3a0000)]
  0x000000001a352800 JavaThread "C2 CompilerThread1" daemon [_thread_blocked, id=14832, stack(0x000000001b1a0000,0x000000001b2a0000)]
=>0x000000001a337800 JavaThread "C2 CompilerThread0" daemon [_thread_in_native, id=24672, stack(0x000000001b0a0000,0x000000001b1a0000)]
  0x0000000017cb0000 JavaThread "JDWP Command Reader" daemon [_thread_in_native, id=26056, stack(0x00000000197d0000,0x00000000198d0000)]
  0x0000000017cac800 JavaThread "JDWP Event Helper Thread" daemon [_thread_blocked, id=22756, stack(0x00000000196d0000,0x00000000197d0000)]
  0x0000000017cab800 JavaThread "JDWP Transport Listener: dt_socket" daemon [_thread_blocked, id=25184, stack(0x00000000195d0000,0x00000000196d0000)]
  0x0000000017c93800 JavaThread "Attach Listener" daemon [_thread_blocked, id=23428, stack(0x00000000194d0000,0x00000000195d0000)]
  0x0000000017c7f000 JavaThread "Signal Dispatcher" daemon [_thread_blocked, id=22216, stack(0x00000000193d0000,0x00000000194d0000)]
  0x0000000017c56000 JavaThread "Finalizer" daemon [_thread_blocked, id=1252, stack(0x0000000018ed0000,0x0000000018fd0000)]
  0x0000000017c4a800 JavaThread "Reference Handler" daemon [_thread_blocked, id=11996, stack(0x0000000018dd0000,0x0000000018ed0000)]
  0x0000000002f5b800 JavaThread "main" [_thread_blocked, id=20868, stack(0x0000000002df0000,0x0000000002ef0000)]

Other Threads:
  0x000000000304e800 VMThread [stack: 0x0000000018cd0000,0x0000000018dd0000] [id=8536]
  0x000000001a5fd000 WatcherThread [stack: 0x000000001b4a0000,0x000000001b5a0000] [id=15796]

VM state:not at safepoint (normal execution)

VM Mutex/Monitor currently owned by a thread: None

heap address: 0x0000000082e00000, size: 2002 MB, Compressed Oops mode: 32-bit
Narrow klass base: 0x0000000000000000, Narrow klass shift: 3
Compressed class space size: 1073741824 Address: 0x0000000100000000

Heap:
 PSYoungGen      total 629248K, used 52554K [0x00000000d6500000, 0x00000000ffd00000, 0x0000000100000000)
  eden space 589824K, 8% used [0x00000000d6500000,0x00000000d98529b0,0x00000000fa500000)
  from space 39424K, 0% used [0x00000000fca80000,0x00000000fca80000,0x00000000ff100000)
  to   space 38400K, 0% used [0x00000000fa500000,0x00000000fa500000,0x00000000fca80000)
 ParOldGen       total 142336K, used 44738K [0x0000000082e00000, 0x000000008b900000, 0x00000000d6500000)
  object space 142336K, 31% used [0x0000000082e00000,0x00000000859b0a98,0x000000008b900000)
 Metaspace       used 55505K, capacity 58066K, committed 58368K, reserved 1099776K
  class space    used 7059K, capacity 7539K, committed 7552K, reserved 1048576K

Card table byte_map: [0x00000000125b0000,0x00000000129a0000] byte_map_base: 0x0000000012199000

Marking Bits: (ParMarkBitMap*) 0x0000000064014ce0
 Begin Bits: [0x0000000013040000, 0x0000000014f88000)
 End Bits:   [0x0000000014f88000, 0x0000000016ed0000)

Polling page: 0x00000000009c0000

CodeCache: size=245760Kb used=25794Kb max_used=26652Kb free=219965Kb
 bounds [0x00000000031f0000, 0x0000000004c20000, 0x00000000121f0000]
 total_blobs=6328 nmethods=5828 adapters=418
 compilation: enabled

Compilation events (10 events):
Event: 219.597 Thread 0x000000001a353000 nmethod 7122 0x0000000003e20ad0 code [0x0000000003e20dc0, 0x0000000003e224c8]
Event: 219.597 Thread 0x000000001a353000 7124       3       java.util.Iterator::forEachRemaining (30 bytes)
Event: 219.597 Thread 0x000000001a353000 nmethod 7124 0x000000000402be90 code [0x000000000402c040, 0x000000000402c5d8]
Event: 219.597 Thread 0x000000001a353000 7125       3       org.springframework.data.mapping.model.SimpleTypeHolder::isSimpleType (180 bytes)
Event: 219.606 Thread 0x000000001a353000 nmethod 7125 0x0000000003b15410 code [0x0000000003b15800, 0x0000000003b17b58]
Event: 219.606 Thread 0x000000001a353000 7123       3       java.util.Spliterators$IteratorSpliterator::forEachRemaining (58 bytes)
Event: 219.607 Thread 0x000000001a353000 nmethod 7123 0x0000000004479310 code [0x00000000044794c0, 0x00000000044799d8]
Event: 219.988 Thread 0x000000001a352800 nmethod 7117 0x0000000003a7f7d0 code [0x0000000003a7fe40, 0x0000000003a86580]
Event: 219.988 Thread 0x000000001a352800 7126   !   4       org.springframework.util.ConcurrentReferenceHashMap$Segment::clear (69 bytes)
Event: 220.000 Thread 0x000000001a352800 nmethod 7126 0x000000000376cd90 code [0x000000000376cf20, 0x000000000376d348]

GC Heap History (10 events):
Event: 113.823 GC heap before
{Heap before GC invocations=13 (full 2):
 PSYoungGen      total 351744K, used 13820K [0x00000000d6500000, 0x00000000f8180000, 0x0000000100000000)
  eden space 337920K, 0% used [0x00000000d6500000,0x00000000d6500000,0x00000000eaf00000)
  from space 13824K, 99% used [0x00000000eaf00000,0x00000000ebc7f3c0,0x00000000ebc80000)
  to   space 33280K, 0% used [0x00000000f6100000,0x00000000f6100000,0x00000000f8180000)
 ParOldGen       total 65536K, used 65195K [0x0000000082e00000, 0x0000000086e00000, 0x00000000d6500000)
  object space 65536K, 99% used [0x0000000082e00000,0x0000000086daaf90,0x0000000086e00000)
 Metaspace       used 32827K, capacity 34072K, committed 34176K, reserved 1079296K
  class space    used 4119K, capacity 4406K, committed 4480K, reserved 1048576K
Event: 115.342 GC heap after
Heap after GC invocations=13 (full 2):
 PSYoungGen      total 351744K, used 1430K [0x00000000d6500000, 0x00000000f8180000, 0x0000000100000000)
  eden space 337920K, 0% used [0x00000000d6500000,0x00000000d6500000,0x00000000eaf00000)
  from space 13824K, 10% used [0x00000000eaf00000,0x00000000eb065968,0x00000000ebc80000)
  to   space 33280K, 0% used [0x00000000f6100000,0x00000000f6100000,0x00000000f8180000)
 ParOldGen       total 145408K, used 65270K [0x0000000082e00000, 0x000000008bc00000, 0x00000000d6500000)
  object space 145408K, 44% used [0x0000000082e00000,0x0000000086dbdb58,0x000000008bc00000)
 Metaspace       used 32827K, capacity 34072K, committed 34176K, reserved 1079296K
  class space    used 4119K, capacity 4406K, committed 4480K, reserved 1048576K
}
Event: 130.033 GC heap before
{Heap before GC invocations=14 (full 2):
 PSYoungGen      total 351744K, used 339350K [0x00000000d6500000, 0x00000000f8180000, 0x0000000100000000)
  eden space 337920K, 100% used [0x00000000d6500000,0x00000000eaf00000,0x00000000eaf00000)
  from space 13824K, 10% used [0x00000000eaf00000,0x00000000eb065968,0x00000000ebc80000)
  to   space 33280K, 0% used [0x00000000f6100000,0x00000000f6100000,0x00000000f8180000)
 ParOldGen       total 145408K, used 65270K [0x0000000082e00000, 0x000000008bc00000, 0x00000000d6500000)
  object space 145408K, 44% used [0x0000000082e00000,0x0000000086dbdb58,0x000000008bc00000)
 Metaspace       used 35224K, capacity 36650K, committed 36864K, reserved 1081344K
  class space    used 4496K, capacity 4789K, committed 4864K, reserved 1048576K
Event: 130.537 GC heap after
Heap after GC invocations=14 (full 2):
 PSYoungGen      total 484864K, used 33254K [0x00000000d6500000, 0x00000000f8180000, 0x0000000100000000)
  eden space 451584K, 0% used [0x00000000d6500000,0x00000000d6500000,0x00000000f1e00000)
  from space 33280K, 99% used [0x00000000f6100000,0x00000000f8179a50,0x00000000f8180000)
  to   space 40448K, 0% used [0x00000000f3280000,0x00000000f3280000,0x00000000f5a00000)
 ParOldGen       total 145408K, used 70547K [0x0000000082e00000, 0x000000008bc00000, 0x00000000d6500000)
  object space 145408K, 48% used [0x0000000082e00000,0x00000000872e4c48,0x000000008bc00000)
 Metaspace       used 35224K, capacity 36650K, committed 36864K, reserved 1081344K
  class space    used 4496K, capacity 4789K, committed 4864K, reserved 1048576K
}
Event: 155.384 GC heap before
{Heap before GC invocations=15 (full 2):
 PSYoungGen      total 484864K, used 484838K [0x00000000d6500000, 0x00000000f8180000, 0x0000000100000000)
  eden space 451584K, 100% used [0x00000000d6500000,0x00000000f1e00000,0x00000000f1e00000)
  from space 33280K, 99% used [0x00000000f6100000,0x00000000f8179a50,0x00000000f8180000)
  to   space 40448K, 0% used [0x00000000f3280000,0x00000000f3280000,0x00000000f5a00000)
 ParOldGen       total 145408K, used 70547K [0x0000000082e00000, 0x000000008bc00000, 0x00000000d6500000)
  object space 145408K, 48% used [0x0000000082e00000,0x00000000872e4c48,0x000000008bc00000)
 Metaspace       used 46088K, capacity 48368K, committed 48512K, reserved 1091584K
  class space    used 5981K, capacity 6426K, committed 6528K, reserved 1048576K
Event: 155.478 GC heap after
Heap after GC invocations=15 (full 2):
 PSYoungGen      total 513024K, used 19495K [0x00000000d6500000, 0x00000000ff100000, 0x0000000100000000)
  eden space 472576K, 0% used [0x00000000d6500000,0x00000000d6500000,0x00000000f3280000)
  from space 40448K, 48% used [0x00000000f3280000,0x00000000f4589df0,0x00000000f5a00000)
  to   space 39424K, 0% used [0x00000000fca80000,0x00000000fca80000,0x00000000ff100000)
 ParOldGen       total 145408K, used 75111K [0x0000000082e00000, 0x000000008bc00000, 0x00000000d6500000)
  object space 145408K, 51% used [0x0000000082e00000,0x0000000087759cd0,0x000000008bc00000)
 Metaspace       used 46088K, capacity 48368K, committed 48512K, reserved 1091584K
  class space    used 5981K, capacity 6426K, committed 6528K, reserved 1048576K
}
Event: 206.936 GC heap before
{Heap before GC invocations=16 (full 2):
 PSYoungGen      total 513024K, used 367374K [0x00000000d6500000, 0x00000000ff100000, 0x0000000100000000)
  eden space 472576K, 73% used [0x00000000d6500000,0x00000000eb8b9ca8,0x00000000f3280000)
  from space 40448K, 48% used [0x00000000f3280000,0x00000000f4589df0,0x00000000f5a00000)
  to   space 39424K, 0% used [0x00000000fca80000,0x00000000fca80000,0x00000000ff100000)
 ParOldGen       total 145408K, used 75111K [0x0000000082e00000, 0x000000008bc00000, 0x00000000d6500000)
  object space 145408K, 51% used [0x0000000082e00000,0x0000000087759cd0,0x000000008bc00000)
 Metaspace       used 54287K, capacity 56828K, committed 56960K, reserved 1099776K
  class space    used 6880K, capacity 7378K, committed 7424K, reserved 1048576K
Event: 208.391 GC heap after
Heap after GC invocations=16 (full 2):
 PSYoungGen      total 629248K, used 9151K [0x00000000d6500000, 0x00000000ffd00000, 0x0000000100000000)
  eden space 589824K, 0% used [0x00000000d6500000,0x00000000d6500000,0x00000000fa500000)
  from space 39424K, 23% used [0x00000000fca80000,0x00000000fd36fd50,0x00000000ff100000)
  to   space 38400K, 0% used [0x00000000fa500000,0x00000000fa500000,0x00000000fca80000)
 ParOldGen       total 145408K, used 85632K [0x0000000082e00000, 0x000000008bc00000, 0x00000000d6500000)
  object space 145408K, 58% used [0x0000000082e00000,0x00000000881a0168,0x000000008bc00000)
 Metaspace       used 54287K, capacity 56828K, committed 56960K, reserved 1099776K
  class space    used 6880K, capacity 7378K, committed 7424K, reserved 1048576K
}
Event: 208.393 GC heap before
{Heap before GC invocations=17 (full 3):
 PSYoungGen      total 629248K, used 9151K [0x00000000d6500000, 0x00000000ffd00000, 0x0000000100000000)
  eden space 589824K, 0% used [0x00000000d6500000,0x00000000d6500000,0x00000000fa500000)
  from space 39424K, 23% used [0x00000000fca80000,0x00000000fd36fd50,0x00000000ff100000)
  to   space 38400K, 0% used [0x00000000fa500000,0x00000000fa500000,0x00000000fca80000)
 ParOldGen       total 145408K, used 85632K [0x0000000082e00000, 0x000000008bc00000, 0x00000000d6500000)
  object space 145408K, 58% used [0x0000000082e00000,0x00000000881a0168,0x000000008bc00000)
 Metaspace       used 54287K, capacity 56828K, committed 56960K, reserved 1099776K
  class space    used 6880K, capacity 7378K, committed 7424K, reserved 1048576K
Event: 211.540 GC heap after
Heap after GC invocations=17 (full 3):
 PSYoungGen      total 629248K, used 0K [0x00000000d6500000, 0x00000000ffd00000, 0x0000000100000000)
  eden space 589824K, 0% used [0x00000000d6500000,0x00000000d6500000,0x00000000fa500000)
  from space 39424K, 0% used [0x00000000fca80000,0x00000000fca80000,0x00000000ff100000)
  to   space 38400K, 0% used [0x00000000fa500000,0x00000000fa500000,0x00000000fca80000)
 ParOldGen       total 142336K, used 44738K [0x0000000082e00000, 0x000000008b900000, 0x00000000d6500000)
  object space 142336K, 31% used [0x0000000082e00000,0x00000000859b0a98,0x000000008b900000)
 Metaspace       used 54231K, capacity 56738K, committed 56960K, reserved 1099776K
  class space    used 6872K, capacity 7363K, committed 7424K, reserved 1048576K
}

Deoptimization events (10 events):
Event: 219.762 Thread 0x000000001d580800 Uncommon trap: reason=unhandled action=none pc=0x0000000003a6dec8 method=java.net.URLClassLoader.findClass(Ljava/lang/String;)Ljava/lang/Class; @ 44
Event: 220.046 Thread 0x000000001d580800 Uncommon trap: reason=unhandled action=none pc=0x0000000003a6dec8 method=java.net.URLClassLoader.findClass(Ljava/lang/String;)Ljava/lang/Class; @ 44
Event: 220.049 Thread 0x000000001d580800 Uncommon trap: reason=unhandled action=none pc=0x0000000003a6dec8 method=java.net.URLClassLoader.findClass(Ljava/lang/String;)Ljava/lang/Class; @ 44
Event: 220.052 Thread 0x000000001d580800 Uncommon trap: reason=unhandled action=none pc=0x0000000003a6dec8 method=java.net.URLClassLoader.findClass(Ljava/lang/String;)Ljava/lang/Class; @ 44
Event: 220.057 Thread 0x000000001d580800 Uncommon trap: reason=unhandled action=none pc=0x0000000003a6dec8 method=java.net.URLClassLoader.findClass(Ljava/lang/String;)Ljava/lang/Class; @ 44
Event: 220.062 Thread 0x000000001d580800 Uncommon trap: reason=unhandled action=none pc=0x0000000003a6dec8 method=java.net.URLClassLoader.findClass(Ljava/lang/String;)Ljava/lang/Class; @ 44
Event: 220.071 Thread 0x000000001d580800 Uncommon trap: reason=unhandled action=none pc=0x0000000003a6dec8 method=java.net.URLClassLoader.findClass(Ljava/lang/String;)Ljava/lang/Class; @ 44
Event: 220.081 Thread 0x000000001d580800 Uncommon trap: reason=unhandled action=none pc=0x0000000003a6dec8 method=java.net.URLClassLoader.findClass(Ljava/lang/String;)Ljava/lang/Class; @ 44
Event: 220.089 Thread 0x000000001d580800 Uncommon trap: reason=unhandled action=none pc=0x0000000003a6dec8 method=java.net.URLClassLoader.findClass(Ljava/lang/String;)Ljava/lang/Class; @ 44
Event: 220.094 Thread 0x000000001d580800 Uncommon trap: reason=unhandled action=none pc=0x0000000003a6dec8 method=java.net.URLClassLoader.findClass(Ljava/lang/String;)Ljava/lang/Class; @ 44

Classes redefined (0 events):
No events

Internal exceptions (10 events):
Event: 219.361 Thread 0x000000001d580800 Exception <a 'java/lang/ArrayIndexOutOfBoundsException': 185> (0x00000000d86901c8) thrown at [C:\re\workspace\8-2-build-windows-amd64-cygwin\jdk8u201\12322\hotspot\src\share\vm\interpreter\interpreterRuntime.cpp, line 368]
Event: 219.361 Thread 0x000000001d580800 Exception <a 'java/lang/ArrayIndexOutOfBoundsException': 185> (0x00000000d86931f0) thrown at [C:\re\workspace\8-2-build-windows-amd64-cygwin\jdk8u201\12322\hotspot\src\share\vm\interpreter\interpreterRuntime.cpp, line 368]
Event: 219.362 Thread 0x000000001d580800 Exception <a 'java/lang/ArrayIndexOutOfBoundsException': 189> (0x00000000d86967c8) thrown at [C:\re\workspace\8-2-build-windows-amd64-cygwin\jdk8u201\12322\hotspot\src\share\vm\interpreter\interpreterRuntime.cpp, line 368]
Event: 219.362 Thread 0x000000001d580800 Exception <a 'java/lang/ArrayIndexOutOfBoundsException': 189> (0x00000000d8699930) thrown at [C:\re\workspace\8-2-build-windows-amd64-cygwin\jdk8u201\12322\hotspot\src\share\vm\interpreter\interpreterRuntime.cpp, line 368]
Event: 219.362 Thread 0x000000001d580800 Exception <a 'java/lang/ArrayIndexOutOfBoundsException': 185> (0x00000000d869c968) thrown at [C:\re\workspace\8-2-build-windows-amd64-cygwin\jdk8u201\12322\hotspot\src\share\vm\interpreter\interpreterRuntime.cpp, line 368]
Event: 219.363 Thread 0x000000001d580800 Exception <a 'java/lang/ArrayIndexOutOfBoundsException': 185> (0x00000000d869f990) thrown at [C:\re\workspace\8-2-build-windows-amd64-cygwin\jdk8u201\12322\hotspot\src\share\vm\interpreter\interpreterRuntime.cpp, line 368]
Event: 219.363 Thread 0x000000001d580800 Exception <a 'java/lang/ArrayIndexOutOfBoundsException': 191> (0x00000000d86a29e0) thrown at [C:\re\workspace\8-2-build-windows-amd64-cygwin\jdk8u201\12322\hotspot\src\share\vm\interpreter\interpreterRuntime.cpp, line 368]
Event: 219.363 Thread 0x000000001d580800 Exception <a 'java/lang/ArrayIndexOutOfBoundsException': 199> (0x00000000d86a5ae8) thrown at [C:\re\workspace\8-2-build-windows-amd64-cygwin\jdk8u201\12322\hotspot\src\share\vm\interpreter\interpreterRuntime.cpp, line 368]
Event: 219.364 Thread 0x000000001d580800 Exception <a 'java/lang/ArrayIndexOutOfBoundsException': 187> (0x00000000d86a8b40) thrown at [C:\re\workspace\8-2-build-windows-amd64-cygwin\jdk8u201\12322\hotspot\src\share\vm\interpreter\interpreterRuntime.cpp, line 368]
Event: 219.390 Thread 0x000000001d580800 Exception <a 'java/lang/NoSuchMethodError': java.lang.Object.lambda$static$0(Ljava/lang/Object;)Lorg/springframework/expression/EvaluationContext;> (0x00000000d8712870) thrown at [C:\re\workspace\8-2-build-windows-amd64-cygwin\jdk8u201\12322\hotspot\src\s

Events (10 events):
Event: 220.089 loading class com/alibaba/fastjson/util/ASMUtils
Event: 220.089 loading class com/alibaba/fastjson/util/ASMUtils done
Event: 220.089 Thread 0x000000001d580800 Uncommon trap: trap_request=0xffffffa7 fr.pc=0x0000000003a6dec8
Event: 220.089 Thread 0x000000001d580800 DEOPT PACKING pc=0x0000000003a6dec8 sp=0x000000001caca8d0
Event: 220.089 Thread 0x000000001d580800 DEOPT UNPACKING pc=0x000000000323583b sp=0x000000001caca7c8 mode 2
Event: 220.094 loading class com/alibaba/fastjson/JSON
Event: 220.094 loading class com/alibaba/fastjson/JSON done
Event: 220.094 Thread 0x000000001d580800 Uncommon trap: trap_request=0xffffffa7 fr.pc=0x0000000003a6dec8
Event: 220.094 Thread 0x000000001d580800 DEOPT PACKING pc=0x0000000003a6dec8 sp=0x000000001caca8d0
Event: 220.094 Thread 0x000000001d580800 DEOPT UNPACKING pc=0x000000000323583b sp=0x000000001caca7c8 mode 2


Dynamic libraries:
0x00007ff727a20000 - 0x00007ff727a57000 	D:\Software\base\java\jdk1.8.0_201\bin\javaw.exe
0x00007ffef1f90000 - 0x00007ffef2185000 	C:\WINDOWS\SYSTEM32\ntdll.dll
0x00007ffef0480000 - 0x00007ffef053d000 	C:\WINDOWS\System32\KERNEL32.DLL
0x00007ffeefb30000 - 0x00007ffeefdfd000 	C:\WINDOWS\System32\KERNELBASE.dll
0x00007ffef0760000 - 0x00007ffef080e000 	C:\WINDOWS\System32\ADVAPI32.dll
0x00007ffef0170000 - 0x00007ffef020e000 	C:\WINDOWS\System32\msvcrt.dll
0x00007ffef1050000 - 0x00007ffef10ec000 	C:\WINDOWS\System32\sechost.dll
0x00007ffeeffe0000 - 0x00007ffef0105000 	C:\WINDOWS\System32\RPCRT4.dll
0x00007ffef0e80000 - 0x00007ffef1020000 	C:\WINDOWS\System32\USER32.dll
0x00007ffeefe00000 - 0x00007ffeefe22000 	C:\WINDOWS\System32\win32u.dll
0x00007ffef1020000 - 0x00007ffef104a000 	C:\WINDOWS\System32\GDI32.dll
0x00007ffeefea0000 - 0x00007ffeeffab000 	C:\WINDOWS\System32\gdi32full.dll
0x00007ffeef6a0000 - 0x00007ffeef73d000 	C:\WINDOWS\System32\msvcp_win.dll
0x00007ffeef820000 - 0x00007ffeef920000 	C:\WINDOWS\System32\ucrtbase.dll
0x00007ffeedd30000 - 0x00007ffeedfca000 	C:\WINDOWS\WinSxS\amd64_microsoft.windows.common-controls_6595b64144ccf1df_6.0.19041.1110_none_60b5254171f9507e\COMCTL32.dll
0x00007ffef1f10000 - 0x00007ffef1f40000 	C:\WINDOWS\System32\IMM32.DLL
0x00000000669a0000 - 0x00000000669ac000 	C:\Program Files (x86)\360\360Safe\safemon\SafeWrapper.dll
0x00007ffedb170000 - 0x00007ffedb202000 	C:\Program Files (x86)\360\360Safe\safemon\libzdtp64.dll
0x00007ffef1740000 - 0x00007ffef1e84000 	C:\WINDOWS\System32\SHELL32.dll
0x00007ffef10f0000 - 0x00007ffef1145000 	C:\WINDOWS\System32\SHLWAPI.dll
0x00007ffeef2b0000 - 0x00007ffeef2ba000 	C:\WINDOWS\SYSTEM32\VERSION.dll
0x00000000640a0000 - 0x0000000064171000 	D:\Software\base\java\jdk1.8.0_201\jre\bin\msvcr100.dll
0x00000000637f0000 - 0x0000000064094000 	D:\Software\base\java\jdk1.8.0_201\jre\bin\server\jvm.dll
0x00007ffef1660000 - 0x00007ffef1668000 	C:\WINDOWS\System32\PSAPI.DLL
0x00007ffed5be0000 - 0x00007ffed5be9000 	C:\WINDOWS\SYSTEM32\WSOCK32.dll
0x00007ffef0c90000 - 0x00007ffef0cfb000 	C:\WINDOWS\System32\WS2_32.dll
0x00007ffeddac0000 - 0x00007ffeddae7000 	C:\WINDOWS\SYSTEM32\WINMM.dll
0x00007ffeed310000 - 0x00007ffeed31f000 	D:\Software\base\java\jdk1.8.0_201\jre\bin\verify.dll
0x00007ffeed2e0000 - 0x00007ffeed309000 	D:\Software\base\java\jdk1.8.0_201\jre\bin\java.dll
0x00007ffedcc60000 - 0x00007ffedcc95000 	D:\Software\base\java\jdk1.8.0_201\jre\bin\jdwp.dll
0x00007ffee7840000 - 0x00007ffee7848000 	D:\Software\base\java\jdk1.8.0_201\jre\bin\npt.dll
0x00007ffedccc0000 - 0x00007ffedcce3000 	D:\Software\base\java\jdk1.8.0_201\jre\bin\instrument.dll
0x00007ffee1150000 - 0x00007ffee1166000 	D:\Software\base\java\jdk1.8.0_201\jre\bin\zip.dll
0x00007ffeec0e0000 - 0x00007ffeec874000 	C:\WINDOWS\SYSTEM32\windows.storage.dll
0x00007ffef1300000 - 0x00007ffef1654000 	C:\WINDOWS\System32\combase.dll
0x00007ffeeec20000 - 0x00007ffeeec4c000 	C:\WINDOWS\SYSTEM32\Wldp.dll
0x00007ffef1670000 - 0x00007ffef171d000 	C:\WINDOWS\System32\SHCORE.dll
0x00007ffeef5e0000 - 0x00007ffeef5ff000 	C:\WINDOWS\SYSTEM32\profapi.dll
0x00007ffee7640000 - 0x00007ffee7649000 	D:\Software\base\java\jdk1.8.0_201\jre\bin\dt_socket.dll
0x00007ffecf910000 - 0x00007ffecf927000 	C:\WINDOWS\system32\napinsp.dll
0x00007ffecf8f0000 - 0x00007ffecf90b000 	C:\WINDOWS\system32\pnrpnsp.dll
0x00007ffee86f0000 - 0x00007ffee8705000 	C:\WINDOWS\system32\wshbth.dll
0x00007ffee9d00000 - 0x00007ffee9d1d000 	C:\WINDOWS\system32\NLAapi.dll
0x00007ffeee9f0000 - 0x00007ffeeea2b000 	C:\WINDOWS\SYSTEM32\IPHLPAPI.DLL
0x00007ffeee6b0000 - 0x00007ffeee71a000 	C:\WINDOWS\System32\mswsock.dll
0x00007ffeee100000 - 0x00007ffeee1cb000 	C:\WINDOWS\SYSTEM32\DNSAPI.dll
0x00007ffef0410000 - 0x00007ffef0418000 	C:\WINDOWS\System32\NSI.dll
0x00007ffecf8d0000 - 0x00007ffecf8e2000 	C:\WINDOWS\System32\winrnr.dll
0x00007ffedc1d0000 - 0x00007ffedc250000 	C:\WINDOWS\System32\fwpuclnt.dll
0x00007ffeeffb0000 - 0x00007ffeeffd7000 	C:\WINDOWS\System32\bcrypt.dll
0x00007ffedc2b0000 - 0x00007ffedc2ba000 	C:\Windows\System32\rasadhlp.dll
0x00007ffee1130000 - 0x00007ffee114a000 	D:\Software\base\java\jdk1.8.0_201\jre\bin\net.dll
0x00007ffeee7e0000 - 0x00007ffeee9cc000 	C:\WINDOWS\SYSTEM32\urlmon.dll
0x00007ffeee3c0000 - 0x00007ffeee671000 	C:\WINDOWS\SYSTEM32\iertutil.dll
0x00007ffeee740000 - 0x00007ffeee74c000 	C:\WINDOWS\SYSTEM32\netutils.dll
0x00007ffeee680000 - 0x00007ffeee6a8000 	C:\WINDOWS\SYSTEM32\srvcli.dll
0x00007ffee4910000 - 0x00007ffee4927000 	C:\WINDOWS\SYSTEM32\dhcpcsvc6.DLL
0x00007ffee48b0000 - 0x00007ffee48cd000 	C:\WINDOWS\SYSTEM32\dhcpcsvc.DLL
0x00007ffee9d40000 - 0x00007ffee9d4d000 	D:\Software\base\java\jdk1.8.0_201\jre\bin\management.dll
0x00007ffee10d0000 - 0x00007ffee10e1000 	D:\Software\base\java\jdk1.8.0_201\jre\bin\nio.dll
0x0000000180000000 - 0x0000000180281000 	D:\Debug\server\apache-tomcat-9.0.19\bin\tcnative-1.dll
0x00007ffeef920000 - 0x00007ffeefa76000 	C:\WINDOWS\System32\CRYPT32.dll
0x00007ffeef3a0000 - 0x00007ffeef3b8000 	C:\WINDOWS\SYSTEM32\CRYPTSP.dll
0x00007ffeedb10000 - 0x00007ffeedb44000 	C:\WINDOWS\system32\rsaenh.dll
0x00007ffeef5a0000 - 0x00007ffeef5ce000 	C:\WINDOWS\SYSTEM32\USERENV.dll
0x00007ffeef790000 - 0x00007ffeef812000 	C:\WINDOWS\System32\bcryptprimitives.dll
0x00007ffeeeb90000 - 0x00007ffeeeb9c000 	C:\WINDOWS\SYSTEM32\CRYPTBASE.dll

VM Arguments:
jvm_args: -agentlib:jdwp=transport=dt_socket,suspend=y,address=localhost:49442 -javaagent:D:\Debug\Tools\eclipse\eclipse\configuration\org.eclipse.osgi\409\0\.cp\lib\javaagent-shaded.jar -Dfile.encoding=UTF-8 
java_command: com.itour.AccountApp --spring.profiles.active=dev
java_class_path (initial): D:\Debug\gitStore\itour\itour-parent\itour-account-service\target\classes;D:\Cache\.m2\repository\mysql\mysql-connector-java\8.0.18\mysql-connector-java-8.0.18.jar;D:\Cache\.m2\repository\com\google\protobuf\protobuf-java\3.6.1\protobuf-java-3.6.1.jar;D:\Debug\gitStore\itour\itour-parent\itour-account-persist\target\classes;D:\Debug\gitStore\itour\itour-parent\itour-model\target\classes;D:\Debug\gitStore\itour\itour-parent\itour-common\target\classes;D:\Cache\.m2\repository\com\baomidou\mybatis-plus-generator\3.3.0\mybatis-plus-generator-3.3.0.jar;D:\Cache\.m2\repository\com\baomidou\mybatis-plus-extension\3.3.0\mybatis-plus-extension-3.3.0.jar;D:\Cache\.m2\repository\com\baomidou\mybatis-plus-core\3.3.0\mybatis-plus-core-3.3.0.jar;D:\Cache\.m2\repository\com\baomidou\mybatis-plus-annotation\3.3.0\mybatis-plus-annotation-3.3.0.jar;D:\Cache\.m2\repository\org\mybatis\mybatis\3.5.3\mybatis-3.5.3.jar;D:\Cache\.m2\repository\org\mybatis\mybatis-spring\2.0.3\mybatis-spring-2.0.3.jar;D:\Cache\.m2\repository\com\ibeetl\beetl-framework-starter\1.2.19.RELEASE\beetl-framework-starter-1.2.19.RELEASE.jar;D:\Cache\.m2\repository\com\ibeetl\beetl\3.0.15.RELEASE\beetl-3.0.15.RELEASE.jar;D:\Cache\.m2\repository\org\antlr\antlr4-runtime\4.7.2\antlr4-runtime-4.7.2.jar;D:\Cache\.m2\repository\org\ow2\asm\asm-commons\5.2\asm-commons-5.2.jar;D:\Cache\.m2\repository\org\ow2\asm\asm-tree\5.2\asm-tree-5.2.jar;D:\Cache\.m2\repository\com\ibeetl\beetlsql\2.12.17.RELEASE\beetlsql-2.12.17.RELEASE.jar;D:\Cache\.m2\repository\org\apache\shiro\shiro-spring\1.6.0\shiro-spring-1.6.0.jar;D:\Cache\.m2\repository\org\apache\shiro\shiro-core\1.6.0\shiro-core-1.6.0.jar;D:\Cache\.m2\repository\org\apache\shiro\shiro-lang\1.6.0\shiro-lang-1.6.0.jar;D:\Cache\.m2\repository\org\apache\shiro\shiro-cache\1.6.0\shiro-cache-1.6.0.jar;D:\Cache\.m2\repository\org\apache\shiro\shiro-crypto-hash\1.6.0\shiro-crypto-hash-1.6.0.jar;D:\Cache\.m2\repository\org\apache\shiro\shiro-crypto-core
Launcher Type: SUN_STANDARD

Environment Variables:
JAVA_HOME=D:\Software\base\java\jdk1.8.0_201
CLASSPATH=.;D:\Software\base\java\jdk1.8.0_201
PATH=D:\Software\base\java\jdk1.8.0_201\jre\bin;D:/Software/base/java/jre1.8.0_201/bin/server;D:/Software/base/java/jre1.8.0_201/bin;D:/Software/base/java/jre1.8.0_201/lib/amd64;D:\Software\db\oracle\product\12.2.0\dbhome_1\bin;C:\Program Files (x86)\Common Files\Oracle\Java\javapath;C:\Program Files (x86)\Intel\iCLS Client\;C:\Program Files\Intel\iCLS Client\;C:\Windows\system32;C:\Windows;C:\Windows\System32\Wbem;C:\Windows\System32\WindowsPowerShell\v1.0\;C:\Program Files (x86)\Intel\Intel(R) Management Engine Components\DAL;C:\Program Files\Intel\Intel(R) Management Engine Components\DAL;C:\Program Files (x86)\Intel\Intel(R) Management Engine Components\IPT;C:\Program Files\Intel\Intel(R) Management Engine Components\IPT;C:\Program Files (x86)\NVIDIA Corporation\PhysX\Common;C:\WINDOWS\system32;C:\WINDOWS;C:\WINDOWS\System32\Wbem;C:\WINDOWS\System32\WindowsPowerShell\v1.0\;C:\WINDOWS\System32\OpenSSH\;D:\Software\base\java\jdk1.8.0_201\bin;D:\Debug\Tools\apache-maven-3.6.1\bin;D:\Software\work\Git\cmd;D:\Debug\server\apache-tomcat-9.0.19\bin;C:\Users\wwang\AppData\Local\Microsoft\WindowsApps;C:\Users\wwang\AppData\Local\BypassRuntm;C:\Users\wwang\AppData\Local\Microsoft\WindowsApps;;C:\Users\wwang\Desktop;
USERNAME=wwang
OS=Windows_NT
PROCESSOR_IDENTIFIER=Intel64 Family 6 Model 142 Stepping 9, GenuineIntel



---------------  S Y S T E M  ---------------

OS: Windows 10.0 , 64 bit Build 19041 (10.0.19041.1706)

CPU:total 4 (initial active 4) (2 cores per cpu, 2 threads per core) family 6 model 142 stepping 9, cmov, cx8, fxsr, mmx, sse, sse2, sse3, ssse3, sse4.1, sse4.2, popcnt, avx, avx2, aes, clmul, erms, 3dnowpref, lzcnt, ht, tsc, tscinvbit, bmi1, bmi2, adx

Memory: 4k page, physical 8193548k(77500k free), swap 21300744k(5160k free)

vm_info: Java HotSpot(TM) 64-Bit Server VM (25.201-b09) for windows-amd64 JRE (1.8.0_201-b09), built on Dec 15 2018 18:36:39 by "java_re" with MS VC++ 10.0 (VS2010)

time: Mon May 30 14:46:26 2022
timezone: 中国标准时间
elapsed time: 220 seconds (0d 0h 3m 40s)

