#
# There is insufficient memory for the Java Runtime Environment to continue.
# Native memory allocation (malloc) failed to allocate 32744 bytes for ChunkPool::allocate
# Possible reasons:
#   The system is out of physical RAM or swap space
#   The process is running with CompressedOops enabled, and the Java Heap may be blocking the growth of the native heap
# Possible solutions:
#   Reduce memory load on the system
#   Increase physical memory or swap space
#   Check if swap backing store is full
#   Decrease Java heap size (-Xmx/-Xms)
#   Decrease number of Java threads
#   Decrease Java thread stack sizes (-Xss)
#   Set larger code cache with -XX:ReservedCodeCacheSize=
#   JVM is running with Unscaled Compressed Oops mode in which the Java heap is
#     placed in the first 4GB address space. The Java Heap base address is the
#     maximum limit for the native heap growth. Please use -XX:HeapBaseMinAddress
#     to set the Java Heap base and to place the Java Heap above 4GB virtual address.
# This output file may be truncated or incomplete.
#
#  Out of Memory Error (allocation.cpp:273), pid=19752, tid=0x0000000000004cec
#
# JRE version: Java(TM) SE Runtime Environment (8.0_201-b09) (build 1.8.0_201-b09)
# Java VM: Java HotSpot(TM) 64-Bit Server VM (25.201-b09 mixed mode windows-amd64 compressed oops)
# Failed to write core dump. Minidumps are not enabled by default on client versions of Windows
#

---------------  T H R E A D  ---------------

Current thread (0x000000001a0e0000):  JavaThread "C1 CompilerThread2" daemon [_thread_in_native, id=19692, stack(0x000000001afa0000,0x000000001b0a0000)]

Stack: [0x000000001afa0000,0x000000001b0a0000]
[error occurred during error reporting (printing stack bounds), id 0xc0000005]

Native frames: (J=compiled Java code, j=interpreted, Vv=VM code, C=native code)


Current CompileTask:
C1: 219298 6547       3       java.util.concurrent.ConcurrentHashMap::
[error occurred during error reporting (printing current compile task), id 0xe0000001]


---------------  P R O C E S S  ---------------

Java Threads: ( => current thread )
  0x0000000026019800 JavaThread "container-0" [_thread_blocked, id=22032, stack(0x0000000022ef0000,0x0000000022ff0000)]
  0x000000001f099000 JavaThread "Catalina-utility-2" [_thread_blocked, id=16940, stack(0x0000000022df0000,0x0000000022ef0000)]
  0x000000001feb6800 JavaThread "Catalina-utility-1" [_thread_blocked, id=26228, stack(0x0000000021600000,0x0000000021700000)]
  0x000000001be5b800 JavaThread "restartedMain" [_thread_in_vm, id=16916, stack(0x000000001c4c0000,0x000000001c5c0000)]
  0x000000001ccff800 JavaThread "Thread-0" [_thread_blocked, id=12376, stack(0x000000001c3c0000,0x000000001c4c0000)]
  0x000000001a0ec800 JavaThread "Service Thread" daemon [_thread_blocked, id=15748, stack(0x000000001b0a0000,0x000000001b1a0000)]
=>0x000000001a0e0000 JavaThread "C1 CompilerThread2" daemon [_thread_in_native, id=19692, stack(0x000000001afa0000,0x000000001b0a0000)]
  0x000000001a0df000 JavaThread "C2 CompilerThread1" daemon [_thread_blocked, id=5152, stack(0x000000001aea0000,0x000000001afa0000)]
  0x000000001a058000 JavaThread "C2 CompilerThread0" daemon [_thread_blocked, id=8576, stack(0x000000001ada0000,0x000000001aea0000)]
  0x00000000179c0000 JavaThread "JDWP Command Reader" daemon [_thread_in_native, id=26132, stack(0x00000000194d0000,0x00000000195d0000)]
  0x00000000179bc800 JavaThread "JDWP Event Helper Thread" daemon [_thread_blocked, id=25548, stack(0x00000000193d0000,0x00000000194d0000)]
  0x00000000179ad800 JavaThread "JDWP Transport Listener: dt_socket" daemon [_thread_blocked, id=25816, stack(0x00000000192d0000,0x00000000193d0000)]
  0x00000000179a2000 JavaThread "Attach Listener" daemon [_thread_blocked, id=3576, stack(0x00000000191d0000,0x00000000192d0000)]
  0x000000001798f000 JavaThread "Signal Dispatcher" daemon [_thread_blocked, id=23456, stack(0x00000000190d0000,0x00000000191d0000)]
  0x0000000017966000 JavaThread "Finalizer" daemon [_thread_blocked, id=22108, stack(0x0000000018bd0000,0x0000000018cd0000)]
  0x000000001795a800 JavaThread "Reference Handler" daemon [_thread_blocked, id=336, stack(0x0000000018ad0000,0x0000000018bd0000)]
  0x0000000002c6b800 JavaThread "main" [_thread_blocked, id=18992, stack(0x0000000002b60000,0x0000000002c60000)]

Other Threads:
  0x0000000002d5e800 VMThread [stack: 0x00000000189d0000,0x0000000018ad0000] [id=20824]
  0x000000001a200000 WatcherThread [stack: 0x000000001b1a0000,0x000000001b2a0000] [id=25108]

VM state:not at safepoint (normal execution)

VM Mutex/Monitor currently owned by a thread: None

heap address: 0x0000000082e00000, size: 2002 MB, Compressed Oops mode: 32-bit
Narrow klass base: 0x0000000000000000, Narrow klass shift: 3
Compressed class space size: 1073741824 Address: 0x0000000100000000

Heap:
 PSYoungGen      total 485376K, used 302189K [0x00000000d6500000, 0x00000000fdf00000, 0x0000000100000000)
  eden space 443904K, 63% used [0x00000000d6500000,0x00000000e79fe400,0x00000000f1680000)
  from space 41472K, 44% used [0x00000000f1680000,0x00000000f289d380,0x00000000f3f00000)
  to   space 39936K, 0% used [0x00000000fb800000,0x00000000fb800000,0x00000000fdf00000)
 ParOldGen       total 138752K, used 74511K [0x0000000082e00000, 0x000000008b580000, 0x00000000d6500000)
  object space 138752K, 53% used [0x0000000082e00000,0x00000000876c3db8,0x000000008b580000)
 Metaspace       used 51894K, capacity 54328K, committed 54528K, reserved 1097728K
  class space    used 6684K, capacity 7142K, committed 7168K, reserved 1048576K

Card table byte_map: [0x00000000122c0000,0x00000000126b0000] byte_map_base: 0x0000000011ea9000

Marking Bits: (ParMarkBitMap*) 0x0000000064014ce0
 Begin Bits: [0x0000000012d50000, 0x0000000014c98000)
 End Bits:   [0x0000000014c98000, 0x0000000016be0000)

Polling page: 0x0000000000a30000

CodeCache: size=245760Kb used=24459Kb max_used=24473Kb free=221301Kb
 bounds [0x0000000002f00000, 0x0000000004710000, 0x0000000011f00000]
 total_blobs=6018 nmethods=5551 adapters=386
 compilation: enabled

Compilation events (10 events):
Event: 183.321 Thread 0x000000001a0e0000 nmethod 6542 0x00000000046efa90 code [0x00000000046efc00, 0x00000000046efef0]
Event: 183.321 Thread 0x000000001a0df000 6543       4       com.sun.org.apache.xerces.internal.dom.DeferredDocumentImpl::getNodeValueString (417 bytes)
Event: 183.348 Thread 0x000000001a058000 6544       4       org.apache.xml.utils.SuballocatedIntVector::<init> (109 bytes)
Event: 183.356 Thread 0x000000001a058000 nmethod 6544 0x00000000046ee010 code [0x00000000046ee160, 0x00000000046ee438]
Event: 183.382 Thread 0x000000001a0df000 nmethod 6543 0x00000000046a85d0 code [0x00000000046a8820, 0x00000000046a9d10]
Event: 210.819 Thread 0x000000001a0e0000 6545       1       java.util.concurrent.locks.AbstractQueuedSynchronizer::compareAndSetState (13 bytes)
Event: 210.820 Thread 0x000000001a0e0000 nmethod 6545 0x00000000046edd10 code [0x00000000046ede60, 0x00000000046edf90]
Event: 219.275 Thread 0x000000001a0e0000 6546       1       java.lang.reflect.Modifier::methodModifiers (4 bytes)
Event: 219.275 Thread 0x000000001a0e0000 nmethod 6546 0x00000000046ef7d0 code [0x00000000046ef920, 0x00000000046efa10]
Event: 219.283 Thread 0x000000001a0e0000 6547       3       java.util.concurrent.ConcurrentHashMap::get (162 bytes)

GC Heap History (10 events):
Event: 98.818 GC heap before
{Heap before GC invocations=11 (full 1):
 PSYoungGen      total 268800K, used 268795K [0x00000000d6500000, 0x00000000eba00000, 0x0000000100000000)
  eden space 258560K, 100% used [0x00000000d6500000,0x00000000e6180000,0x00000000e6180000)
  from space 10240K, 99% used [0x00000000e6180000,0x00000000e6b7ed60,0x00000000e6b80000)
  to   space 11776K, 0% used [0x00000000eae80000,0x00000000eae80000,0x00000000eba00000)
 ParOldGen       total 55808K, used 12858K [0x0000000082e00000, 0x0000000086480000, 0x00000000d6500000)
  object space 55808K, 23% used [0x0000000082e00000,0x0000000083a8e8f8,0x0000000086480000)
 Metaspace       used 32610K, capacity 33942K, committed 34048K, reserved 1079296K
  class space    used 4060K, capacity 4343K, committed 4352K, reserved 1048576K
Event: 98.847 GC heap after
Heap after GC invocations=11 (full 1):
 PSYoungGen      total 334848K, used 11767K [0x00000000d6500000, 0x00000000ee080000, 0x0000000100000000)
  eden space 323072K, 0% used [0x00000000d6500000,0x00000000d6500000,0x00000000ea080000)
  from space 11776K, 99% used [0x00000000eae80000,0x00000000eb9fdc58,0x00000000eba00000)
  to   space 14336K, 0% used [0x00000000ea080000,0x00000000ea080000,0x00000000eae80000)
 ParOldGen       total 55808K, used 16062K [0x0000000082e00000, 0x0000000086480000, 0x00000000d6500000)
  object space 55808K, 28% used [0x0000000082e00000,0x0000000083dafa68,0x0000000086480000)
 Metaspace       used 32610K, capacity 33942K, committed 34048K, reserved 1079296K
  class space    used 4060K, capacity 4343K, committed 4352K, reserved 1048576K
}
Event: 113.842 GC heap before
{Heap before GC invocations=12 (full 1):
 PSYoungGen      total 334848K, used 334839K [0x00000000d6500000, 0x00000000ee080000, 0x0000000100000000)
  eden space 323072K, 100% used [0x00000000d6500000,0x00000000ea080000,0x00000000ea080000)
  from space 11776K, 99% used [0x00000000eae80000,0x00000000eb9fdc58,0x00000000eba00000)
  to   space 14336K, 0% used [0x00000000ea080000,0x00000000ea080000,0x00000000eae80000)
 ParOldGen       total 55808K, used 16062K [0x0000000082e00000, 0x0000000086480000, 0x00000000d6500000)
  object space 55808K, 28% used [0x0000000082e00000,0x0000000083dafa68,0x0000000086480000)
 Metaspace       used 32757K, capacity 34044K, committed 34176K, reserved 1079296K
  class space    used 4105K, capacity 4376K, committed 4480K, reserved 1048576K
Event: 114.257 GC heap after
Heap after GC invocations=12 (full 1):
 PSYoungGen      total 337408K, used 14309K [0x00000000d6500000, 0x00000000f6780000, 0x0000000100000000)
  eden space 323072K, 0% used [0x00000000d6500000,0x00000000d6500000,0x00000000ea080000)
  from space 14336K, 99% used [0x00000000ea080000,0x00000000eae79478,0x00000000eae80000)
  to   space 32768K, 0% used [0x00000000f4780000,0x00000000f4780000,0x00000000f6780000)
 ParOldGen       total 61440K, used 61045K [0x0000000082e00000, 0x0000000086a00000, 0x00000000d6500000)
  object space 61440K, 99% used [0x0000000082e00000,0x000000008699d670,0x0000000086a00000)
 Metaspace       used 32757K, capacity 34044K, committed 34176K, reserved 1079296K
  class space    used 4105K, capacity 4376K, committed 4480K, reserved 1048576K
}
Event: 114.257 GC heap before
{Heap before GC invocations=13 (full 2):
 PSYoungGen      total 337408K, used 14309K [0x00000000d6500000, 0x00000000f6780000, 0x0000000100000000)
  eden space 323072K, 0% used [0x00000000d6500000,0x00000000d6500000,0x00000000ea080000)
  from space 14336K, 99% used [0x00000000ea080000,0x00000000eae79478,0x00000000eae80000)
  to   space 32768K, 0% used [0x00000000f4780000,0x00000000f4780000,0x00000000f6780000)
 ParOldGen       total 61440K, used 61045K [0x0000000082e00000, 0x0000000086a00000, 0x00000000d6500000)
  object space 61440K, 99% used [0x0000000082e00000,0x000000008699d670,0x0000000086a00000)
 Metaspace       used 32757K, capacity 34044K, committed 34176K, reserved 1079296K
  class space    used 4105K, capacity 4376K, committed 4480K, reserved 1048576K
Event: 115.430 GC heap after
Heap after GC invocations=13 (full 2):
 PSYoungGen      total 337408K, used 2896K [0x00000000d6500000, 0x00000000f6780000, 0x0000000100000000)
  eden space 323072K, 0% used [0x00000000d6500000,0x00000000d6500000,0x00000000ea080000)
  from space 14336K, 20% used [0x00000000ea080000,0x00000000ea354078,0x00000000eae80000)
  to   space 32768K, 0% used [0x00000000f4780000,0x00000000f4780000,0x00000000f6780000)
 ParOldGen       total 138752K, used 61282K [0x0000000082e00000, 0x000000008b580000, 0x00000000d6500000)
  object space 138752K, 44% used [0x0000000082e00000,0x00000000869d89e0,0x000000008b580000)
 Metaspace       used 32757K, capacity 34044K, committed 34176K, reserved 1079296K
  class space    used 4105K, capacity 4376K, committed 4480K, reserved 1048576K
}
Event: 130.130 GC heap before
{Heap before GC invocations=14 (full 2):
 PSYoungGen      total 337408K, used 325968K [0x00000000d6500000, 0x00000000f6780000, 0x0000000100000000)
  eden space 323072K, 100% used [0x00000000d6500000,0x00000000ea080000,0x00000000ea080000)
  from space 14336K, 20% used [0x00000000ea080000,0x00000000ea354078,0x00000000eae80000)
  to   space 32768K, 0% used [0x00000000f4780000,0x00000000f4780000,0x00000000f6780000)
 ParOldGen       total 138752K, used 61282K [0x0000000082e00000, 0x000000008b580000, 0x00000000d6500000)
  object space 138752K, 44% used [0x0000000082e00000,0x00000000869d89e0,0x000000008b580000)
 Metaspace       used 34716K, capacity 36160K, committed 36224K, reserved 1081344K
  class space    used 4411K, capacity 4692K, committed 4736K, reserved 1048576K
Event: 130.257 GC heap after
Heap after GC invocations=14 (full 2):
 PSYoungGen      total 460800K, used 32739K [0x00000000d6500000, 0x00000000f6780000, 0x0000000100000000)
  eden space 428032K, 0% used [0x00000000d6500000,0x00000000d6500000,0x00000000f0700000)
  from space 32768K, 99% used [0x00000000f4780000,0x00000000f6778c98,0x00000000f6780000)
  to   space 41472K, 0% used [0x00000000f1680000,0x00000000f1680000,0x00000000f3f00000)
 ParOldGen       total 138752K, used 70075K [0x0000000082e00000, 0x000000008b580000, 0x00000000d6500000)
  object space 138752K, 50% used [0x0000000082e00000,0x000000008726ed88,0x000000008b580000)
 Metaspace       used 34716K, capacity 36160K, committed 36224K, reserved 1081344K
  class space    used 4411K, capacity 4692K, committed 4736K, reserved 1048576K
}
Event: 153.984 GC heap before
{Heap before GC invocations=15 (full 2):
 PSYoungGen      total 460800K, used 460771K [0x00000000d6500000, 0x00000000f6780000, 0x0000000100000000)
  eden space 428032K, 100% used [0x00000000d6500000,0x00000000f0700000,0x00000000f0700000)
  from space 32768K, 99% used [0x00000000f4780000,0x00000000f6778c98,0x00000000f6780000)
  to   space 41472K, 0% used [0x00000000f1680000,0x00000000f1680000,0x00000000f3f00000)
 ParOldGen       total 138752K, used 70075K [0x0000000082e00000, 0x000000008b580000, 0x00000000d6500000)
  object space 138752K, 50% used [0x0000000082e00000,0x000000008726ed88,0x000000008b580000)
 Metaspace       used 44517K, capacity 46496K, committed 46592K, reserved 1089536K
  class space    used 5720K, capacity 6096K, committed 6144K, reserved 1048576K
Event: 154.359 GC heap after
Heap after GC invocations=15 (full 2):
 PSYoungGen      total 485376K, used 18548K [0x00000000d6500000, 0x00000000fdf00000, 0x0000000100000000)
  eden space 443904K, 0% used [0x00000000d6500000,0x00000000d6500000,0x00000000f1680000)
  from space 41472K, 44% used [0x00000000f1680000,0x00000000f289d380,0x00000000f3f00000)
  to   space 39936K, 0% used [0x00000000fb800000,0x00000000fb800000,0x00000000fdf00000)
 ParOldGen       total 138752K, used 74511K [0x0000000082e00000, 0x000000008b580000, 0x00000000d6500000)
  object space 138752K, 53% used [0x0000000082e00000,0x00000000876c3db8,0x000000008b580000)
 Metaspace       used 44517K, capacity 46496K, committed 46592K, reserved 1089536K
  class space    used 5720K, capacity 6096K, committed 6144K, reserved 1048576K
}

Deoptimization events (10 events):
Event: 219.267 Thread 0x000000001be5b800 Uncommon trap: reason=unhandled action=none pc=0x00000000036b7d88 method=java.net.URLClassLoader.findClass(Ljava/lang/String;)Ljava/lang/Class; @ 44
Event: 219.270 Thread 0x000000001be5b800 Uncommon trap: reason=unstable_if action=reinterpret pc=0x000000000403ecc4 method=java.util.concurrent.ConcurrentHashMap.putVal(Ljava/lang/Object;Ljava/lang/Object;Z)Ljava/lang/Object; @ 331
Event: 219.273 Thread 0x000000001be5b800 Uncommon trap: reason=range_check action=none pc=0x0000000003321d5c method=sun.reflect.generics.parser.SignatureParser.current()C @ 34
Event: 219.273 Thread 0x000000001be5b800 Uncommon trap: reason=range_check action=none pc=0x0000000003321d5c method=sun.reflect.generics.parser.SignatureParser.current()C @ 34
Event: 219.277 Thread 0x000000001be5b800 Uncommon trap: reason=unstable_if action=reinterpret pc=0x00000000037ec264 method=java.util.concurrent.ConcurrentHashMap.get(Ljava/lang/Object;)Ljava/lang/Object; @ 86
Event: 219.279 Thread 0x000000001be5b800 Uncommon trap: reason=unhandled action=none pc=0x00000000037fc154 method=java.net.URLClassLoader.findClass(Ljava/lang/String;)Ljava/lang/Class; @ 44
Event: 219.280 Thread 0x000000001be5b800 Uncommon trap: reason=unhandled action=none pc=0x00000000037fc154 method=java.net.URLClassLoader.findClass(Ljava/lang/String;)Ljava/lang/Class; @ 44
Event: 219.281 Thread 0x000000001be5b800 Uncommon trap: reason=unhandled action=none pc=0x00000000037fc154 method=java.net.URLClassLoader.findClass(Ljava/lang/String;)Ljava/lang/Class; @ 44
Event: 219.282 Thread 0x000000001be5b800 Uncommon trap: reason=unhandled action=none pc=0x00000000037fc154 method=java.net.URLClassLoader.findClass(Ljava/lang/String;)Ljava/lang/Class; @ 44
Event: 219.282 Thread 0x000000001be5b800 Uncommon trap: reason=range_check action=none pc=0x0000000003321d5c method=sun.reflect.generics.parser.SignatureParser.current()C @ 34

Classes redefined (0 events):
No events

Internal exceptions (10 events):
Event: 179.640 Thread 0x000000001be5b800 Exception <a 'java/lang/ArrayIndexOutOfBoundsException': 103> (0x00000000e4b23980) thrown at [C:\re\workspace\8-2-build-windows-amd64-cygwin\jdk8u201\12322\hotspot\src\share\vm\interpreter\interpreterRuntime.cpp, line 368]
Event: 179.985 Thread 0x000000001be5b800 Exception <a 'java/lang/ArrayIndexOutOfBoundsException': 49> (0x00000000e559fd60) thrown at [C:\re\workspace\8-2-build-windows-amd64-cygwin\jdk8u201\12322\hotspot\src\share\vm\interpreter\interpreterRuntime.cpp, line 368]
Event: 179.985 Thread 0x000000001be5b800 Exception <a 'java/lang/ArrayIndexOutOfBoundsException': 50> (0x00000000e55a8298) thrown at [C:\re\workspace\8-2-build-windows-amd64-cygwin\jdk8u201\12322\hotspot\src\share\vm\interpreter\interpreterRuntime.cpp, line 368]
Event: 180.019 Thread 0x000000001be5b800 Exception <a 'java/lang/ArrayIndexOutOfBoundsException': 108> (0x00000000e5649328) thrown at [C:\re\workspace\8-2-build-windows-amd64-cygwin\jdk8u201\12322\hotspot\src\share\vm\interpreter\interpreterRuntime.cpp, line 368]
Event: 181.343 Thread 0x000000001be5b800 Exception <a 'java/lang/ArrayIndexOutOfBoundsException': 49> (0x00000000e626c978) thrown at [C:\re\workspace\8-2-build-windows-amd64-cygwin\jdk8u201\12322\hotspot\src\share\vm\interpreter\interpreterRuntime.cpp, line 368]
Event: 181.345 Thread 0x000000001be5b800 Exception <a 'java/lang/ArrayIndexOutOfBoundsException': 50> (0x00000000e627d6a0) thrown at [C:\re\workspace\8-2-build-windows-amd64-cygwin\jdk8u201\12322\hotspot\src\share\vm\interpreter\interpreterRuntime.cpp, line 368]
Event: 182.347 Thread 0x000000001be5b800 Exception <a 'java/lang/ArrayIndexOutOfBoundsException': 100> (0x00000000e6fbe060) thrown at [C:\re\workspace\8-2-build-windows-amd64-cygwin\jdk8u201\12322\hotspot\src\share\vm\interpreter\interpreterRuntime.cpp, line 368]
Event: 219.273 Thread 0x000000001be5b800 Exception <a 'java/lang/ArrayIndexOutOfBoundsException': 83> (0x00000000e78e8d78) thrown at [C:\re\workspace\8-2-build-windows-amd64-cygwin\jdk8u201\12322\hotspot\src\share\vm\interpreter\interpreterRuntime.cpp, line 368]
Event: 219.273 Thread 0x000000001be5b800 Exception <a 'java/lang/ArrayIndexOutOfBoundsException': 40> (0x00000000e78e9dd0) thrown at [C:\re\workspace\8-2-build-windows-amd64-cygwin\jdk8u201\12322\hotspot\src\share\vm\interpreter\interpreterRuntime.cpp, line 368]
Event: 219.283 Thread 0x000000001be5b800 Exception <a 'java/lang/ArrayIndexOutOfBoundsException': 71> (0x00000000e7950468) thrown at [C:\re\workspace\8-2-build-windows-amd64-cygwin\jdk8u201\12322\hotspot\src\share\vm\interpreter\interpreterRuntime.cpp, line 368]

Events (10 events):
Event: 219.282 Thread 0x000000001be5b800 Uncommon trap: trap_request=0xffffffa7 fr.pc=0x00000000037fc154
Event: 219.282 Thread 0x000000001be5b800 DEOPT PACKING pc=0x00000000037fc154 sp=0x000000001c5ba260
Event: 219.282 Thread 0x000000001be5b800 DEOPT UNPACKING pc=0x0000000002f4583b sp=0x000000001c5ba1f8 mode 2
Event: 219.282 Thread 0x000000001be5b800 DEOPT PACKING pc=0x00000000039f1cac sp=0x000000001c5ba2a0
Event: 219.282 Thread 0x000000001be5b800 DEOPT UNPACKING pc=0x0000000002f47890 sp=0x000000001c5b9fd0 mode 1
Event: 219.282 Thread 0x000000001be5b800 DEOPT PACKING pc=0x00000000039cc18c sp=0x000000001c5ba300
Event: 219.282 Thread 0x000000001be5b800 DEOPT UNPACKING pc=0x0000000002f47890 sp=0x000000001c5ba0c8 mode 1
Event: 219.282 Thread 0x000000001be5b800 Uncommon trap: trap_request=0xffffffe7 fr.pc=0x0000000003321d5c
Event: 219.282 Thread 0x000000001be5b800 DEOPT PACKING pc=0x0000000003321d5c sp=0x000000001c5bac10
Event: 219.282 Thread 0x000000001be5b800 DEOPT UNPACKING pc=0x0000000002f4583b sp=0x000000001c5baba0 mode 2


Dynamic libraries:
0x00007ff727a20000 - 0x00007ff727a57000 	D:\Software\base\java\jdk1.8.0_201\bin\javaw.exe
0x00007ffef1f90000 - 0x00007ffef2185000 	C:\WINDOWS\SYSTEM32\ntdll.dll
0x00007ffef0480000 - 0x00007ffef053d000 	C:\WINDOWS\System32\KERNEL32.DLL
0x00007ffeefb30000 - 0x00007ffeefdfd000 	C:\WINDOWS\System32\KERNELBASE.dll
0x00007ffef0760000 - 0x00007ffef080e000 	C:\WINDOWS\System32\ADVAPI32.dll
0x00007ffef0170000 - 0x00007ffef020e000 	C:\WINDOWS\System32\msvcrt.dll
0x00007ffef1050000 - 0x00007ffef10ec000 	C:\WINDOWS\System32\sechost.dll
0x00007ffeeffe0000 - 0x00007ffef0105000 	C:\WINDOWS\System32\RPCRT4.dll
0x00007ffef0e80000 - 0x00007ffef1020000 	C:\WINDOWS\System32\USER32.dll
0x00007ffeefe00000 - 0x00007ffeefe22000 	C:\WINDOWS\System32\win32u.dll
0x00007ffef1020000 - 0x00007ffef104a000 	C:\WINDOWS\System32\GDI32.dll
0x00007ffeefea0000 - 0x00007ffeeffab000 	C:\WINDOWS\System32\gdi32full.dll
0x00007ffeef6a0000 - 0x00007ffeef73d000 	C:\WINDOWS\System32\msvcp_win.dll
0x00007ffeef820000 - 0x00007ffeef920000 	C:\WINDOWS\System32\ucrtbase.dll
0x00007ffeedd30000 - 0x00007ffeedfca000 	C:\WINDOWS\WinSxS\amd64_microsoft.windows.common-controls_6595b64144ccf1df_6.0.19041.1110_none_60b5254171f9507e\COMCTL32.dll
0x00007ffef1f10000 - 0x00007ffef1f40000 	C:\WINDOWS\System32\IMM32.DLL
0x00000000669a0000 - 0x00000000669ac000 	C:\Program Files (x86)\360\360Safe\safemon\SafeWrapper.dll
0x00007ffedb170000 - 0x00007ffedb202000 	C:\Program Files (x86)\360\360Safe\safemon\libzdtp64.dll
0x00007ffef1740000 - 0x00007ffef1e84000 	C:\WINDOWS\System32\SHELL32.dll
0x00007ffef10f0000 - 0x00007ffef1145000 	C:\WINDOWS\System32\SHLWAPI.dll
0x00007ffeef2b0000 - 0x00007ffeef2ba000 	C:\WINDOWS\SYSTEM32\VERSION.dll
0x00000000640a0000 - 0x0000000064171000 	D:\Software\base\java\jdk1.8.0_201\jre\bin\msvcr100.dll
0x00000000637f0000 - 0x0000000064094000 	D:\Software\base\java\jdk1.8.0_201\jre\bin\server\jvm.dll
0x00007ffef1660000 - 0x00007ffef1668000 	C:\WINDOWS\System32\PSAPI.DLL
0x00007ffed5be0000 - 0x00007ffed5be9000 	C:\WINDOWS\SYSTEM32\WSOCK32.dll
0x00007ffef0c90000 - 0x00007ffef0cfb000 	C:\WINDOWS\System32\WS2_32.dll
0x00007ffeddac0000 - 0x00007ffeddae7000 	C:\WINDOWS\SYSTEM32\WINMM.dll
0x00007ffeed310000 - 0x00007ffeed31f000 	D:\Software\base\java\jdk1.8.0_201\jre\bin\verify.dll
0x00007ffeed2e0000 - 0x00007ffeed309000 	D:\Software\base\java\jdk1.8.0_201\jre\bin\java.dll
0x00007ffedcc60000 - 0x00007ffedcc95000 	D:\Software\base\java\jdk1.8.0_201\jre\bin\jdwp.dll
0x00007ffee7840000 - 0x00007ffee7848000 	D:\Software\base\java\jdk1.8.0_201\jre\bin\npt.dll
0x00007ffedccc0000 - 0x00007ffedcce3000 	D:\Software\base\java\jdk1.8.0_201\jre\bin\instrument.dll
0x00007ffee1150000 - 0x00007ffee1166000 	D:\Software\base\java\jdk1.8.0_201\jre\bin\zip.dll
0x00007ffeec0e0000 - 0x00007ffeec874000 	C:\WINDOWS\SYSTEM32\windows.storage.dll
0x00007ffef1300000 - 0x00007ffef1654000 	C:\WINDOWS\System32\combase.dll
0x00007ffeeec20000 - 0x00007ffeeec4c000 	C:\WINDOWS\SYSTEM32\Wldp.dll
0x00007ffef1670000 - 0x00007ffef171d000 	C:\WINDOWS\System32\SHCORE.dll
0x00007ffeef5e0000 - 0x00007ffeef5ff000 	C:\WINDOWS\SYSTEM32\profapi.dll
0x00007ffee7640000 - 0x00007ffee7649000 	D:\Software\base\java\jdk1.8.0_201\jre\bin\dt_socket.dll
0x00007ffecf910000 - 0x00007ffecf927000 	C:\WINDOWS\system32\napinsp.dll
0x00007ffecf8f0000 - 0x00007ffecf90b000 	C:\WINDOWS\system32\pnrpnsp.dll
0x00007ffee86f0000 - 0x00007ffee8705000 	C:\WINDOWS\system32\wshbth.dll
0x00007ffee9d00000 - 0x00007ffee9d1d000 	C:\WINDOWS\system32\NLAapi.dll
0x00007ffeee9f0000 - 0x00007ffeeea2b000 	C:\WINDOWS\SYSTEM32\IPHLPAPI.DLL
0x00007ffeee6b0000 - 0x00007ffeee71a000 	C:\WINDOWS\System32\mswsock.dll
0x00007ffeee100000 - 0x00007ffeee1cb000 	C:\WINDOWS\SYSTEM32\DNSAPI.dll
0x00007ffef0410000 - 0x00007ffef0418000 	C:\WINDOWS\System32\NSI.dll
0x00007ffecf8d0000 - 0x00007ffecf8e2000 	C:\WINDOWS\System32\winrnr.dll
0x00007ffedc1d0000 - 0x00007ffedc250000 	C:\WINDOWS\System32\fwpuclnt.dll
0x00007ffeeffb0000 - 0x00007ffeeffd7000 	C:\WINDOWS\System32\bcrypt.dll
0x00007ffedc2b0000 - 0x00007ffedc2ba000 	C:\Windows\System32\rasadhlp.dll
0x00007ffee1130000 - 0x00007ffee114a000 	D:\Software\base\java\jdk1.8.0_201\jre\bin\net.dll
0x00007ffeee7e0000 - 0x00007ffeee9cc000 	C:\WINDOWS\SYSTEM32\urlmon.dll
0x00007ffeee3c0000 - 0x00007ffeee671000 	C:\WINDOWS\SYSTEM32\iertutil.dll
0x00007ffeee680000 - 0x00007ffeee6a8000 	C:\WINDOWS\SYSTEM32\srvcli.dll
0x00007ffeee740000 - 0x00007ffeee74c000 	C:\WINDOWS\SYSTEM32\netutils.dll
0x00007ffee4910000 - 0x00007ffee4927000 	C:\WINDOWS\SYSTEM32\dhcpcsvc6.DLL
0x00007ffee48b0000 - 0x00007ffee48cd000 	C:\WINDOWS\SYSTEM32\dhcpcsvc.DLL
0x00007ffee9d40000 - 0x00007ffee9d4d000 	D:\Software\base\java\jdk1.8.0_201\jre\bin\management.dll
0x00007ffee10d0000 - 0x00007ffee10e1000 	D:\Software\base\java\jdk1.8.0_201\jre\bin\nio.dll
0x0000000180000000 - 0x0000000180281000 	D:\Debug\server\apache-tomcat-9.0.19\bin\tcnative-1.dll
0x00007ffeef920000 - 0x00007ffeefa76000 	C:\WINDOWS\System32\CRYPT32.dll
0x00007ffeef3a0000 - 0x00007ffeef3b8000 	C:\WINDOWS\SYSTEM32\CRYPTSP.dll
0x00007ffeedb10000 - 0x00007ffeedb44000 	C:\WINDOWS\system32\rsaenh.dll
0x00007ffeef5a0000 - 0x00007ffeef5ce000 	C:\WINDOWS\SYSTEM32\USERENV.dll
0x00007ffeef790000 - 0x00007ffeef812000 	C:\WINDOWS\System32\bcryptprimitives.dll
0x00007ffeeeb90000 - 0x00007ffeeeb9c000 	C:\WINDOWS\SYSTEM32\CRYPTBASE.dll

VM Arguments:
jvm_args: -agentlib:jdwp=transport=dt_socket,suspend=y,address=localhost:49443 -javaagent:D:\Debug\Tools\eclipse\eclipse\configuration\org.eclipse.osgi\409\0\.cp\lib\javaagent-shaded.jar -Dfile.encoding=UTF-8 
java_command: com.itour.WorkApp --spring.profiles.active=dev
java_class_path (initial): D:\Debug\gitStore\itour\itour-parent\itour-work-service\target\classes;D:\Debug\gitStore\itour\itour-parent\itour-work-persist\target\classes;D:\Debug\gitStore\itour\itour-parent\itour-model\target\classes;D:\Debug\gitStore\itour\itour-parent\itour-work-api\target\classes;D:\Debug\gitStore\itour\itour-parent\itour-common\target\classes;D:\Cache\.m2\repository\com\baomidou\mybatis-plus-generator\3.3.0\mybatis-plus-generator-3.3.0.jar;D:\Cache\.m2\repository\com\baomidou\mybatis-plus-extension\3.3.0\mybatis-plus-extension-3.3.0.jar;D:\Cache\.m2\repository\com\baomidou\mybatis-plus-core\3.3.0\mybatis-plus-core-3.3.0.jar;D:\Cache\.m2\repository\com\baomidou\mybatis-plus-annotation\3.3.0\mybatis-plus-annotation-3.3.0.jar;D:\Cache\.m2\repository\org\mybatis\mybatis\3.5.3\mybatis-3.5.3.jar;D:\Cache\.m2\repository\org\mybatis\mybatis-spring\2.0.3\mybatis-spring-2.0.3.jar;D:\Cache\.m2\repository\com\ibeetl\beetl-framework-starter\1.2.19.RELEASE\beetl-framework-starter-1.2.19.RELEASE.jar;D:\Cache\.m2\repository\com\ibeetl\beetl\3.0.15.RELEASE\beetl-3.0.15.RELEASE.jar;D:\Cache\.m2\repository\org\antlr\antlr4-runtime\4.7.2\antlr4-runtime-4.7.2.jar;D:\Cache\.m2\repository\org\ow2\asm\asm-commons\5.2\asm-commons-5.2.jar;D:\Cache\.m2\repository\org\ow2\asm\asm-tree\5.2\asm-tree-5.2.jar;D:\Cache\.m2\repository\com\ibeetl\beetlsql\2.12.17.RELEASE\beetlsql-2.12.17.RELEASE.jar;D:\Cache\.m2\repository\org\apache\shiro\shiro-spring\1.6.0\shiro-spring-1.6.0.jar;D:\Cache\.m2\repository\org\apache\shiro\shiro-core\1.6.0\shiro-core-1.6.0.jar;D:\Cache\.m2\repository\org\apache\shiro\shiro-lang\1.6.0\shiro-lang-1.6.0.jar;D:\Cache\.m2\repository\org\apache\shiro\shiro-cache\1.6.0\shiro-cache-1.6.0.jar;D:\Cache\.m2\repository\org\apache\shiro\shiro-crypto-hash\1.6.0\shiro-crypto-hash-1.6.0.jar;D:\Cache\.m2\repository\org\apache\shiro\shiro-crypto-core\1.6.0\shiro-crypto-core-1.6.0.jar;D:\Cache\.m2\repository\org\apache\shiro\shiro-crypto-cipher\1.6.0\shiro-crypto-ci
Launcher Type: SUN_STANDARD

Environment Variables:
JAVA_HOME=D:\Software\base\java\jdk1.8.0_201
CLASSPATH=.;D:\Software\base\java\jdk1.8.0_201
PATH=D:\Software\base\java\jdk1.8.0_201\jre\bin;D:/Software/base/java/jre1.8.0_201/bin/server;D:/Software/base/java/jre1.8.0_201/bin;D:/Software/base/java/jre1.8.0_201/lib/amd64;D:\Software\db\oracle\product\12.2.0\dbhome_1\bin;C:\Program Files (x86)\Common Files\Oracle\Java\javapath;C:\Program Files (x86)\Intel\iCLS Client\;C:\Program Files\Intel\iCLS Client\;C:\Windows\system32;C:\Windows;C:\Windows\System32\Wbem;C:\Windows\System32\WindowsPowerShell\v1.0\;C:\Program Files (x86)\Intel\Intel(R) Management Engine Components\DAL;C:\Program Files\Intel\Intel(R) Management Engine Components\DAL;C:\Program Files (x86)\Intel\Intel(R) Management Engine Components\IPT;C:\Program Files\Intel\Intel(R) Management Engine Components\IPT;C:\Program Files (x86)\NVIDIA Corporation\PhysX\Common;C:\WINDOWS\system32;C:\WINDOWS;C:\WINDOWS\System32\Wbem;C:\WINDOWS\System32\WindowsPowerShell\v1.0\;C:\WINDOWS\System32\OpenSSH\;D:\Software\base\java\jdk1.8.0_201\bin;D:\Debug\Tools\apache-maven-3.6.1\bin;D:\Software\work\Git\cmd;D:\Debug\server\apache-tomcat-9.0.19\bin;C:\Users\wwang\AppData\Local\Microsoft\WindowsApps;C:\Users\wwang\AppData\Local\BypassRuntm;C:\Users\wwang\AppData\Local\Microsoft\WindowsApps;;C:\Users\wwang\Desktop;
USERNAME=wwang
OS=Windows_NT
PROCESSOR_IDENTIFIER=Intel64 Family 6 Model 142 Stepping 9, GenuineIntel



---------------  S Y S T E M  ---------------

OS: Windows 10.0 , 64 bit Build 19041 (10.0.19041.1706)

CPU:total 4 (initial active 4) (2 cores per cpu, 2 threads per core) family 6 model 142 stepping 9, cmov, cx8, fxsr, mmx, sse, sse2, sse3, ssse3, sse4.1, sse4.2, popcnt, avx, avx2, aes, clmul, erms, 3dnowpref, lzcnt, ht, tsc, tscinvbit, bmi1, bmi2, adx

Memory: 4k page, physical 8193548k(83032k free), swap 21300744k(80k free)

vm_info: Java HotSpot(TM) 64-Bit Server VM (25.201-b09) for windows-amd64 JRE (1.8.0_201-b09), built on Dec 15 2018 18:36:39 by "java_re" with MS VC++ 10.0 (VS2010)

time: Mon May 30 14:46:25 2022
timezone: 中国标准时间
elapsed time: 219 seconds (0d 0h 3m 39s)

