#
# There is insufficient memory for the Java Runtime Environment to continue.
# Native memory allocation (malloc) failed to allocate 238384 bytes for Chunk::new
# Possible reasons:
#   The system is out of physical RAM or swap space
#   The process is running with CompressedOops enabled, and the Java Heap may be blocking the growth of the native heap
# Possible solutions:
#   Reduce memory load on the system
#   Increase physical memory or swap space
#   Check if swap backing store is full
#   Decrease Java heap size (-Xmx/-Xms)
#   Decrease number of Java threads
#   Decrease Java thread stack sizes (-Xss)
#   Set larger code cache with -XX:ReservedCodeCacheSize=
#   JVM is running with Unscaled Compressed Oops mode in which the Java heap is
#     placed in the first 4GB address space. The Java Heap base address is the
#     maximum limit for the native heap growth. Please use -XX:HeapBaseMinAddress
#     to set the Java Heap base and to place the Java Heap above 4GB virtual address.
# This output file may be truncated or incomplete.
#
#  Out of Memory Error (allocation.cpp:390), pid=2696, tid=0x000000000000049c
#
# JRE version: Java(TM) SE Runtime Environment (8.0_201-b09) (build 1.8.0_201-b09)
# Java VM: Java HotSpot(TM) 64-Bit Server VM (25.201-b09 mixed mode windows-amd64 compressed oops)
# Failed to write core dump. Minidumps are not enabled by default on client versions of Windows
#

---------------  T H R E A D  ---------------

Current thread (0x0000000019749000):  JavaThread "C2 CompilerThread0" daemon [_thread_in_native, id=1180, stack(0x00000000199e0000,0x0000000019ae0000)]

Stack: [0x00000000199e0000,0x0000000019ae0000]
[error occurred during error reporting (printing stack bounds), id 0xc0000005]

Native frames: (J=compiled Java code, j=interpreted, Vv=VM code, C=native code)


Current CompileTask:
C2: 166886 5997       4       java.io.WinNTFileSystem::normalize (143 bytes)


---------------  P R O C E S S  ---------------

Java Threads: ( => current thread )
  0x00000000226d7800 JavaThread "DestroyJavaVM" [_thread_blocked, id=14224, stack(0x00000000027a0000,0x00000000028a0000)]
  0x00000000226d4000 JavaThread "http-nio-9090-Acceptor" daemon [_thread_in_native, id=7480, stack(0x000000002eba0000,0x000000002eca0000)]
  0x00000000226d6000 JavaThread "http-nio-9090-ClientPoller" daemon [_thread_in_native, id=1608, stack(0x000000002eaa0000,0x000000002eba0000)]
  0x00000000226d5800 JavaThread "http-nio-9090-exec-10" daemon [_thread_blocked, id=10788, stack(0x000000002e9a0000,0x000000002eaa0000)]
  0x00000000226d3000 JavaThread "http-nio-9090-exec-9" daemon [_thread_blocked, id=13512, stack(0x000000002e8a0000,0x000000002e9a0000)]
  0x000000001fff3000 JavaThread "http-nio-9090-exec-8" daemon [_thread_blocked, id=13260, stack(0x000000002e7a0000,0x000000002e8a0000)]
  0x000000001fff4800 JavaThread "http-nio-9090-exec-7" daemon [_thread_blocked, id=9472, stack(0x000000002e6a0000,0x000000002e7a0000)]
  0x000000001fff2000 JavaThread "http-nio-9090-exec-6" daemon [_thread_blocked, id=3256, stack(0x000000002e5a0000,0x000000002e6a0000)]
  0x000000001fff1800 JavaThread "http-nio-9090-exec-5" daemon [_thread_blocked, id=972, stack(0x000000002e4a0000,0x000000002e5a0000)]
  0x000000001fff0800 JavaThread "http-nio-9090-exec-4" daemon [_thread_blocked, id=13372, stack(0x000000002e3a0000,0x000000002e4a0000)]
  0x000000001fff6800 JavaThread "http-nio-9090-exec-3" daemon [_thread_blocked, id=13812, stack(0x000000002e2a0000,0x000000002e3a0000)]
  0x000000001fff6000 JavaThread "http-nio-9090-exec-2" daemon [_thread_blocked, id=17864, stack(0x000000002e1a0000,0x000000002e2a0000)]
  0x000000001fff7800 JavaThread "http-nio-9090-exec-1" daemon [_thread_in_Java, id=17540, stack(0x000000002e0a0000,0x000000002e1a0000)]
  0x000000001fff3800 JavaThread "http-nio-9090-BlockPoller" daemon [_thread_in_native, id=14856, stack(0x000000002ddc0000,0x000000002dec0000)]
  0x000000001fff5000 JavaThread "Eureka-CacheFillTimer" daemon [_thread_blocked, id=12992, stack(0x000000002d0f0000,0x000000002d1f0000)]
  0x000000001ffe9000 JavaThread "Eureka-PeerNodesUpdater" daemon [_thread_blocked, id=14480, stack(0x000000002cff0000,0x000000002d0f0000)]
  0x000000001fff0000 JavaThread "Eureka-MeasureRateTimer" daemon [_thread_blocked, id=14600, stack(0x000000002d9c0000,0x000000002dac0000)]
  0x000000001ffeb800 JavaThread "ReplicaAwareInstanceRegistry - RenewalThresholdUpdater" daemon [_thread_blocked, id=3744, stack(0x000000002d8c0000,0x000000002d9c0000)]
  0x000000001ffed000 JavaThread "Eureka-MeasureRateTimer" daemon [_thread_blocked, id=15704, stack(0x000000002d7c0000,0x000000002d8c0000)]
  0x000000001ffe8800 JavaThread "Eureka-EvictionTimer" daemon [_thread_blocked, id=21252, stack(0x000000002c9a0000,0x000000002caa0000)]
  0x000000001ffee800 JavaThread "Eureka-DeltaRetentionTimer" daemon [_thread_blocked, id=1520, stack(0x000000002c3d0000,0x000000002c4d0000)]
  0x000000001ffec000 JavaThread "Live Reload Server" daemon [_thread_in_native, id=1640, stack(0x000000002c8a0000,0x000000002c9a0000)]
  0x000000001ffea800 JavaThread "File Watcher" daemon [_thread_blocked, id=11700, stack(0x000000002c550000,0x000000002c650000)]
  0x000000001ffea000 JavaThread "container-0" [_thread_blocked, id=21748, stack(0x000000002c0d0000,0x000000002c1d0000)]
  0x0000000021198000 JavaThread "Catalina-utility-2" [_thread_blocked, id=22280, stack(0x000000002bfd0000,0x000000002c0d0000)]
  0x0000000021197000 JavaThread "Catalina-utility-1" [_thread_blocked, id=4632, stack(0x0000000021f20000,0x0000000022020000)]
  0x000000002119d000 JavaThread "spring.cloud.inetutils" daemon [_thread_blocked, id=9328, stack(0x000000001e970000,0x000000001ea70000)]
  0x0000000026550000 JavaThread "JMX server connection timeout 22" daemon [_thread_blocked, id=10652, stack(0x000000001ec70000,0x000000001ed70000)]
  0x0000000022ed4000 JavaThread "RMI Scheduler(0)" daemon [_thread_blocked, id=19500, stack(0x000000001eb70000,0x000000001ec70000)]
  0x00000000205ee000 JavaThread "RMI TCP Connection(idle)" daemon [_thread_blocked, id=19348, stack(0x000000001ea70000,0x000000001eb70000)]
  0x000000001fc77000 JavaThread "RMI TCP Accept-0" daemon [_thread_in_native, id=8224, stack(0x000000001c230000,0x000000001c330000)]
  0x00000000197cb000 JavaThread "Service Thread" daemon [_thread_blocked, id=3356, stack(0x0000000019ce0000,0x0000000019de0000)]
  0x0000000019756800 JavaThread "C1 CompilerThread2" daemon [_thread_blocked, id=5532, stack(0x0000000019be0000,0x0000000019ce0000)]
  0x000000001974c000 JavaThread "C2 CompilerThread1" daemon [_thread_in_native, id=19336, stack(0x0000000019ae0000,0x0000000019be0000)]
=>0x0000000019749000 JavaThread "C2 CompilerThread0" daemon [_thread_in_native, id=1180, stack(0x00000000199e0000,0x0000000019ae0000)]
  0x0000000017556800 JavaThread "JDWP Command Reader" daemon [_thread_in_native, id=18700, stack(0x00000000190e0000,0x00000000191e0000)]
  0x0000000017553000 JavaThread "JDWP Event Helper Thread" daemon [_thread_blocked, id=17824, stack(0x0000000018fe0000,0x00000000190e0000)]
  0x0000000017551000 JavaThread "JDWP Transport Listener: dt_socket" daemon [_thread_blocked, id=3408, stack(0x0000000018ee0000,0x0000000018fe0000)]
  0x0000000018923800 JavaThread "Attach Listener" daemon [_thread_blocked, id=8508, stack(0x0000000018de0000,0x0000000018ee0000)]
  0x000000001752a000 JavaThread "Signal Dispatcher" daemon [_thread_blocked, id=5152, stack(0x0000000018ce0000,0x0000000018de0000)]
  0x0000000017501800 JavaThread "Finalizer" daemon [_thread_blocked, id=17924, stack(0x0000000018780000,0x0000000018880000)]
  0x00000000174f9000 JavaThread "Reference Handler" daemon [_thread_blocked, id=10984, stack(0x0000000018680000,0x0000000018780000)]

Other Threads:
  0x00000000174d7800 VMThread [stack: 0x0000000018580000,0x0000000018680000] [id=13984]
  0x00000000197a3000 WatcherThread [stack: 0x0000000019de0000,0x0000000019ee0000] [id=20172]

VM state:not at safepoint (normal execution)

VM Mutex/Monitor currently owned by a thread: None

heap address: 0x0000000082e00000, size: 2002 MB, Compressed Oops mode: 32-bit
Narrow klass base: 0x0000000000000000, Narrow klass shift: 3
Compressed class space size: 1073741824 Address: 0x0000000100000000

Heap:
 PSYoungGen      total 380928K, used 93883K [0x00000000d6500000, 0x00000000ef380000, 0x0000000100000000)
  eden space 371200K, 25% used [0x00000000d6500000,0x00000000dc0aed40,0x00000000ecf80000)
  from space 9728K, 0% used [0x00000000eea00000,0x00000000eea00000,0x00000000ef380000)
  to   space 16896K, 0% used [0x00000000ed280000,0x00000000ed280000,0x00000000ee300000)
 ParOldGen       total 116224K, used 31651K [0x0000000082e00000, 0x0000000089f80000, 0x00000000d6500000)
  object space 116224K, 27% used [0x0000000082e00000,0x0000000084ce8ed0,0x0000000089f80000)
 Metaspace       used 59104K, capacity 61982K, committed 62080K, reserved 1103872K
  class space    used 7824K, capacity 8306K, committed 8320K, reserved 1048576K

Card table byte_map: [0x0000000011e60000,0x0000000012250000] byte_map_base: 0x0000000011a49000

Marking Bits: (ParMarkBitMap*) 0x0000000052184ce0
 Begin Bits: [0x00000000128f0000, 0x0000000014838000)
 End Bits:   [0x0000000014838000, 0x0000000016780000)

Polling page: 0x00000000025c0000

CodeCache: size=245760Kb used=23391Kb max_used=23718Kb free=222368Kb
 bounds [0x0000000002aa0000, 0x00000000041f0000, 0x0000000011aa0000]
 total_blobs=5561 nmethods=5040 adapters=441
 compilation: enabled

Compilation events (10 events):
Event: 166.785 Thread 0x0000000019756800 5996       3       java.lang.Class::getPackage (5 bytes)
Event: 166.785 Thread 0x0000000019756800 nmethod 5996 0x0000000002e7f510 code [0x0000000002e7f680, 0x0000000002e7f808]
Event: 166.801 Thread 0x0000000019749000 5997       4       java.io.WinNTFileSystem::normalize (143 bytes)
Event: 166.852 Thread 0x000000001974c000 5998 %     4       java.util.Properties$LineReader::readLine @ 21 (468 bytes)
Event: 166.853 Thread 0x0000000019756800 5999       3       java.util.ResourceBundle$CacheKey::calculateHashCode (52 bytes)
Event: 166.854 Thread 0x0000000019756800 nmethod 5999 0x0000000003270210 code [0x00000000032703c0, 0x0000000003270a08]
Event: 166.872 Thread 0x000000001974c000 nmethod 5998% 0x0000000002c1d150 code [0x0000000002c1d2e0, 0x0000000002c1e1f8]
Event: 166.873 Thread 0x000000001974c000 6000       4       org.eclipse.jdt.launching.internal.org.objectweb.asm.FieldWriter::putFieldInfo (418 bytes)
Event: 166.879 Thread 0x0000000019756800 6006       3       java.util.HashMap::putMapEntries (154 bytes)
Event: 166.881 Thread 0x0000000019756800 nmethod 6006 0x0000000002c1bcd0 code [0x0000000002c1bf40, 0x0000000002c1cca8]

GC Heap History (10 events):
Event: 28.838 GC heap before
{Heap before GC invocations=11 (full 2):
 PSYoungGen      total 223232K, used 9232K [0x00000000d6500000, 0x00000000e9480000, 0x0000000100000000)
  eden space 212480K, 0% used [0x00000000d6500000,0x00000000d6500000,0x00000000e3480000)
  from space 10752K, 85% used [0x00000000e3480000,0x00000000e3d84348,0x00000000e3f00000)
  to   space 10752K, 0% used [0x00000000e8a00000,0x00000000e8a00000,0x00000000e9480000)
 ParOldGen       total 54784K, used 7197K [0x0000000082e00000, 0x0000000086380000, 0x00000000d6500000)
  object space 54784K, 13% used [0x0000000082e00000,0x00000000835076c8,0x0000000086380000)
 Metaspace       used 34168K, capacity 35420K, committed 35496K, reserved 1081344K
  class space    used 4333K, capacity 4601K, committed 4608K, reserved 1048576K
Event: 29.100 GC heap after
Heap after GC invocations=11 (full 2):
 PSYoungGen      total 223232K, used 0K [0x00000000d6500000, 0x00000000e9480000, 0x0000000100000000)
  eden space 212480K, 0% used [0x00000000d6500000,0x00000000d6500000,0x00000000e3480000)
  from space 10752K, 0% used [0x00000000e3480000,0x00000000e3480000,0x00000000e3f00000)
  to   space 10752K, 0% used [0x00000000e8a00000,0x00000000e8a00000,0x00000000e9480000)
 ParOldGen       total 76288K, used 13938K [0x0000000082e00000, 0x0000000087880000, 0x00000000d6500000)
  object space 76288K, 18% used [0x0000000082e00000,0x0000000083b9c8b8,0x0000000087880000)
 Metaspace       used 34168K, capacity 35420K, committed 35496K, reserved 1081344K
  class space    used 4333K, capacity 4601K, committed 4608K, reserved 1048576K
}
Event: 34.533 GC heap before
{Heap before GC invocations=12 (full 2):
 PSYoungGen      total 223232K, used 212480K [0x00000000d6500000, 0x00000000e9480000, 0x0000000100000000)
  eden space 212480K, 100% used [0x00000000d6500000,0x00000000e3480000,0x00000000e3480000)
  from space 10752K, 0% used [0x00000000e3480000,0x00000000e3480000,0x00000000e3f00000)
  to   space 10752K, 0% used [0x00000000e8a00000,0x00000000e8a00000,0x00000000e9480000)
 ParOldGen       total 76288K, used 13938K [0x0000000082e00000, 0x0000000087880000, 0x00000000d6500000)
  object space 76288K, 18% used [0x0000000082e00000,0x0000000083b9c8b8,0x0000000087880000)
 Metaspace       used 40960K, capacity 42952K, committed 43264K, reserved 1087488K
  class space    used 5225K, capacity 5591K, committed 5632K, reserved 1048576K
Event: 34.558 GC heap after
Heap after GC invocations=12 (full 2):
 PSYoungGen      total 297984K, used 10750K [0x00000000d6500000, 0x00000000e9800000, 0x0000000100000000)
  eden space 287232K, 0% used [0x00000000d6500000,0x00000000d6500000,0x00000000e7d80000)
  from space 10752K, 99% used [0x00000000e8a00000,0x00000000e947fa20,0x00000000e9480000)
  to   space 12800K, 0% used [0x00000000e7d80000,0x00000000e7d80000,0x00000000e8a00000)
 ParOldGen       total 76288K, used 16304K [0x0000000082e00000, 0x0000000087880000, 0x00000000d6500000)
  object space 76288K, 21% used [0x0000000082e00000,0x0000000083dec330,0x0000000087880000)
 Metaspace       used 40960K, capacity 42952K, committed 43264K, reserved 1087488K
  class space    used 5225K, capacity 5591K, committed 5632K, reserved 1048576K
}
Event: 46.257 GC heap before
{Heap before GC invocations=13 (full 2):
 PSYoungGen      total 297984K, used 297982K [0x00000000d6500000, 0x00000000e9800000, 0x0000000100000000)
  eden space 287232K, 100% used [0x00000000d6500000,0x00000000e7d80000,0x00000000e7d80000)
  from space 10752K, 99% used [0x00000000e8a00000,0x00000000e947fa20,0x00000000e9480000)
  to   space 12800K, 0% used [0x00000000e7d80000,0x00000000e7d80000,0x00000000e8a00000)
 ParOldGen       total 76288K, used 16304K [0x0000000082e00000, 0x0000000087880000, 0x00000000d6500000)
  object space 76288K, 21% used [0x0000000082e00000,0x0000000083dec330,0x0000000087880000)
 Metaspace       used 50779K, capacity 52970K, committed 53376K, reserved 1095680K
  class space    used 6573K, capacity 6978K, committed 7040K, reserved 1048576K
Event: 46.307 GC heap after
Heap after GC invocations=13 (full 2):
 PSYoungGen      total 300032K, used 12784K [0x00000000d6500000, 0x00000000efb00000, 0x0000000100000000)
  eden space 287232K, 0% used [0x00000000d6500000,0x00000000d6500000,0x00000000e7d80000)
  from space 12800K, 99% used [0x00000000e7d80000,0x00000000e89fc098,0x00000000e8a00000)
  to   space 17408K, 0% used [0x00000000eea00000,0x00000000eea00000,0x00000000efb00000)
 ParOldGen       total 76288K, used 26039K [0x0000000082e00000, 0x0000000087880000, 0x00000000d6500000)
  object space 76288K, 34% used [0x0000000082e00000,0x000000008476dc70,0x0000000087880000)
 Metaspace       used 50779K, capacity 52970K, committed 53376K, reserved 1095680K
  class space    used 6573K, capacity 6978K, committed 7040K, reserved 1048576K
}
Event: 54.392 GC heap before
{Heap before GC invocations=14 (full 2):
 PSYoungGen      total 300032K, used 194408K [0x00000000d6500000, 0x00000000efb00000, 0x0000000100000000)
  eden space 287232K, 63% used [0x00000000d6500000,0x00000000e165e300,0x00000000e7d80000)
  from space 12800K, 99% used [0x00000000e7d80000,0x00000000e89fc098,0x00000000e8a00000)
  to   space 17408K, 0% used [0x00000000eea00000,0x00000000eea00000,0x00000000efb00000)
 ParOldGen       total 76288K, used 26039K [0x0000000082e00000, 0x0000000087880000, 0x00000000d6500000)
  object space 76288K, 34% used [0x0000000082e00000,0x000000008476dc70,0x0000000087880000)
 Metaspace       used 56321K, capacity 59072K, committed 59136K, reserved 1099776K
  class space    used 7452K, capacity 7911K, committed 7936K, reserved 1048576K
Event: 54.419 GC heap after
Heap after GC invocations=14 (full 2):
 PSYoungGen      total 380928K, used 9638K [0x00000000d6500000, 0x00000000ef380000, 0x0000000100000000)
  eden space 371200K, 0% used [0x00000000d6500000,0x00000000d6500000,0x00000000ecf80000)
  from space 9728K, 99% used [0x00000000eea00000,0x00000000ef369868,0x00000000ef380000)
  to   space 16896K, 0% used [0x00000000ed280000,0x00000000ed280000,0x00000000ee300000)
 ParOldGen       total 76288K, used 31088K [0x0000000082e00000, 0x0000000087880000, 0x00000000d6500000)
  object space 76288K, 40% used [0x0000000082e00000,0x0000000084c5c330,0x0000000087880000)
 Metaspace       used 56321K, capacity 59072K, committed 59136K, reserved 1099776K
  class space    used 7452K, capacity 7911K, committed 7936K, reserved 1048576K
}
Event: 54.420 GC heap before
{Heap before GC invocations=15 (full 3):
 PSYoungGen      total 380928K, used 9638K [0x00000000d6500000, 0x00000000ef380000, 0x0000000100000000)
  eden space 371200K, 0% used [0x00000000d6500000,0x00000000d6500000,0x00000000ecf80000)
  from space 9728K, 99% used [0x00000000eea00000,0x00000000ef369868,0x00000000ef380000)
  to   space 16896K, 0% used [0x00000000ed280000,0x00000000ed280000,0x00000000ee300000)
 ParOldGen       total 76288K, used 31088K [0x0000000082e00000, 0x0000000087880000, 0x00000000d6500000)
  object space 76288K, 40% used [0x0000000082e00000,0x0000000084c5c330,0x0000000087880000)
 Metaspace       used 56321K, capacity 59072K, committed 59136K, reserved 1099776K
  class space    used 7452K, capacity 7911K, committed 7936K, reserved 1048576K
Event: 54.755 GC heap after
Heap after GC invocations=15 (full 3):
 PSYoungGen      total 380928K, used 0K [0x00000000d6500000, 0x00000000ef380000, 0x0000000100000000)
  eden space 371200K, 0% used [0x00000000d6500000,0x00000000d6500000,0x00000000ecf80000)
  from space 9728K, 0% used [0x00000000eea00000,0x00000000eea00000,0x00000000ef380000)
  to   space 16896K, 0% used [0x00000000ed280000,0x00000000ed280000,0x00000000ee300000)
 ParOldGen       total 116224K, used 31651K [0x0000000082e00000, 0x0000000089f80000, 0x00000000d6500000)
  object space 116224K, 27% used [0x0000000082e00000,0x0000000084ce8ed0,0x0000000089f80000)
 Metaspace       used 56321K, capacity 59072K, committed 59136K, reserved 1099776K
  class space    used 7452K, capacity 7911K, committed 7936K, reserved 1048576K
}

Deoptimization events (10 events):
Event: 166.865 Thread 0x000000001fff7800 Uncommon trap: reason=unhandled action=none pc=0x0000000003311394 method=java.net.URLClassLoader.findClass(Ljava/lang/String;)Ljava/lang/Class; @ 44
Event: 166.866 Thread 0x000000001fff7800 Uncommon trap: reason=unhandled action=none pc=0x0000000003311394 method=java.net.URLClassLoader.findClass(Ljava/lang/String;)Ljava/lang/Class; @ 44
Event: 166.869 Thread 0x000000001fff7800 Uncommon trap: reason=unhandled action=none pc=0x00000000039c688c method=org.springframework.beans.factory.support.DefaultListableBeanFactory.getBeanDefinition(Ljava/lang/String;)Lorg/springframework/beans/factory/config/BeanDefinition; @ 77
Event: 166.869 Thread 0x000000001fff7800 Uncommon trap: reason=unhandled action=none pc=0x0000000003311394 method=java.net.URLClassLoader.findClass(Ljava/lang/String;)Ljava/lang/Class; @ 44
Event: 166.873 Thread 0x000000001fff7800 Uncommon trap: reason=unhandled action=none pc=0x00000000039c688c method=org.springframework.beans.factory.support.DefaultListableBeanFactory.getBeanDefinition(Ljava/lang/String;)Lorg/springframework/beans/factory/config/BeanDefinition; @ 77
Event: 166.873 Thread 0x000000001fff7800 Uncommon trap: reason=unhandled action=none pc=0x0000000003311394 method=java.net.URLClassLoader.findClass(Ljava/lang/String;)Ljava/lang/Class; @ 44
Event: 166.874 Thread 0x000000001fff7800 Uncommon trap: reason=unhandled action=none pc=0x0000000003311394 method=java.net.URLClassLoader.findClass(Ljava/lang/String;)Ljava/lang/Class; @ 44
Event: 166.877 Thread 0x000000001fff7800 Uncommon trap: reason=unstable_if action=reinterpret pc=0x0000000002dab6bc method=java.util.HashMap.putMapEntries(Ljava/util/Map;Z)V @ 53
Event: 166.877 Thread 0x000000001fff7800 Uncommon trap: reason=unhandled action=none pc=0x00000000039c688c method=org.springframework.beans.factory.support.DefaultListableBeanFactory.getBeanDefinition(Ljava/lang/String;)Lorg/springframework/beans/factory/config/BeanDefinition; @ 77
Event: 166.878 Thread 0x000000001fff7800 Uncommon trap: reason=unhandled action=none pc=0x0000000003311394 method=java.net.URLClassLoader.findClass(Ljava/lang/String;)Ljava/lang/Class; @ 44

Classes redefined (0 events):
No events

Internal exceptions (10 events):
Event: 56.177 Thread 0x0000000021080000 Exception <a 'java/lang/ArrayIndexOutOfBoundsException': 249> (0x00000000d8f229d8) thrown at [C:\re\workspace\8-2-build-windows-amd64-cygwin\jdk8u201\12322\hotspot\src\share\vm\interpreter\interpreterRuntime.cpp, line 368]
Event: 56.177 Thread 0x0000000021080000 Exception <a 'java/lang/ArrayIndexOutOfBoundsException': 139> (0x00000000d8f24b40) thrown at [C:\re\workspace\8-2-build-windows-amd64-cygwin\jdk8u201\12322\hotspot\src\share\vm\interpreter\interpreterRuntime.cpp, line 368]
Event: 56.177 Thread 0x0000000021080000 Exception <a 'java/lang/ArrayIndexOutOfBoundsException': 126> (0x00000000d8f26708) thrown at [C:\re\workspace\8-2-build-windows-amd64-cygwin\jdk8u201\12322\hotspot\src\share\vm\interpreter\interpreterRuntime.cpp, line 368]
Event: 56.177 Thread 0x0000000021080000 Exception <a 'java/lang/ArrayIndexOutOfBoundsException': 185> (0x00000000d8f28828) thrown at [C:\re\workspace\8-2-build-windows-amd64-cygwin\jdk8u201\12322\hotspot\src\share\vm\interpreter\interpreterRuntime.cpp, line 368]
Event: 56.177 Thread 0x0000000021080000 Exception <a 'java/lang/ArrayIndexOutOfBoundsException': 133> (0x00000000d8f2ab08) thrown at [C:\re\workspace\8-2-build-windows-amd64-cygwin\jdk8u201\12322\hotspot\src\share\vm\interpreter\interpreterRuntime.cpp, line 368]
Event: 56.177 Thread 0x0000000021080000 Exception <a 'java/lang/ArrayIndexOutOfBoundsException': 184> (0x00000000d8f2d770) thrown at [C:\re\workspace\8-2-build-windows-amd64-cygwin\jdk8u201\12322\hotspot\src\share\vm\interpreter\interpreterRuntime.cpp, line 368]
Event: 56.178 Thread 0x0000000021080000 Exception <a 'java/lang/ArrayIndexOutOfBoundsException': 133> (0x00000000d8f2f768) thrown at [C:\re\workspace\8-2-build-windows-amd64-cygwin\jdk8u201\12322\hotspot\src\share\vm\interpreter\interpreterRuntime.cpp, line 368]
Event: 56.178 Thread 0x0000000021080000 Exception <a 'java/lang/ArrayIndexOutOfBoundsException': 145> (0x00000000d8f31ca8) thrown at [C:\re\workspace\8-2-build-windows-amd64-cygwin\jdk8u201\12322\hotspot\src\share\vm\interpreter\interpreterRuntime.cpp, line 368]
Event: 56.178 Thread 0x0000000021080000 Exception <a 'java/lang/ArrayIndexOutOfBoundsException': 165> (0x00000000d8f33c00) thrown at [C:\re\workspace\8-2-build-windows-amd64-cygwin\jdk8u201\12322\hotspot\src\share\vm\interpreter\interpreterRuntime.cpp, line 368]
Event: 56.184 Thread 0x0000000021080000 Exception <a 'java/lang/ArrayIndexOutOfBoundsException': 123> (0x00000000d8f528e0) thrown at [C:\re\workspace\8-2-build-windows-amd64-cygwin\jdk8u201\12322\hotspot\src\share\vm\interpreter\interpreterRuntime.cpp, line 368]

Events (10 events):
Event: 166.877 Thread 0x000000001fff7800 DEOPT UNPACKING pc=0x0000000002ae7890 sp=0x000000002e19de98 mode 1
Event: 166.877 Thread 0x000000001fff7800 DEOPT PACKING pc=0x00000000036d5ca4 sp=0x000000002e19e230
Event: 166.877 Thread 0x000000001fff7800 DEOPT UNPACKING pc=0x0000000002ae7890 sp=0x000000002e19df80 mode 1
Event: 166.877 loading class org/springframework/web/servlet/view/DefaultRequestToViewNameTranslator
Event: 166.878 loading class org/springframework/web/servlet/view/DefaultRequestToViewNameTranslator done
Event: 166.878 Thread 0x000000001fff7800 Uncommon trap: trap_request=0xffffffa7 fr.pc=0x0000000003311394
Event: 166.878 Thread 0x000000001fff7800 DEOPT PACKING pc=0x0000000003311394 sp=0x000000002e19d540
Event: 166.878 Thread 0x000000001fff7800 DEOPT UNPACKING pc=0x0000000002ae583b sp=0x000000002e19d4d8 mode 2
Event: 166.878 Thread 0x000000001fff7800 DEOPT PACKING pc=0x000000000322dd4c sp=0x000000002e19d580
Event: 166.878 Thread 0x000000001fff7800 DEOPT UNPACKING pc=0x0000000002ae7890 sp=0x000000002e19d250 mode 1


Dynamic libraries:
0x00007ff6909c0000 - 0x00007ff6909f7000 	D:\Software\base\java\jdk1.8.0_201\bin\javaw.exe
0x00007ff8251e0000 - 0x00007ff8253d0000 	C:\WINDOWS\SYSTEM32\ntdll.dll
0x00007ff824e00000 - 0x00007ff824eb2000 	C:\WINDOWS\System32\KERNEL32.DLL
0x00007ff822510000 - 0x00007ff8227b5000 	C:\WINDOWS\System32\KERNELBASE.dll
0x00007ff823340000 - 0x00007ff8233e3000 	C:\WINDOWS\System32\ADVAPI32.dll
0x00007ff824f80000 - 0x00007ff82501e000 	C:\WINDOWS\System32\msvcrt.dll
0x00007ff823ed0000 - 0x00007ff823f67000 	C:\WINDOWS\System32\sechost.dll
0x00007ff8233f0000 - 0x00007ff82350f000 	C:\WINDOWS\System32\RPCRT4.dll
0x00007ff8235c0000 - 0x00007ff823754000 	C:\WINDOWS\System32\USER32.dll
0x00007ff8224b0000 - 0x00007ff8224d1000 	C:\WINDOWS\System32\win32u.dll
0x00007ff823310000 - 0x00007ff823336000 	C:\WINDOWS\System32\GDI32.dll
0x00007ff822810000 - 0x00007ff8229a8000 	C:\WINDOWS\System32\gdi32full.dll
0x00007ff822410000 - 0x00007ff8224ae000 	C:\WINDOWS\System32\msvcp_win.dll
0x00007ff823130000 - 0x00007ff82322a000 	C:\WINDOWS\System32\ucrtbase.dll
0x00007ff80cc30000 - 0x00007ff80ceb4000 	C:\WINDOWS\WinSxS\amd64_microsoft.windows.common-controls_6595b64144ccf1df_6.0.18362.1316_none_9e7a364fe461dbd7\COMCTL32.dll
0x00007ff824ac0000 - 0x00007ff824df7000 	C:\WINDOWS\System32\combase.dll
0x00007ff822180000 - 0x00007ff822201000 	C:\WINDOWS\System32\bcryptPrimitives.dll
0x00007ff824580000 - 0x00007ff8245ae000 	C:\WINDOWS\System32\IMM32.DLL
0x00000000538c0000 - 0x0000000053991000 	D:\Software\base\java\jdk1.8.0_201\jre\bin\msvcr100.dll
0x0000000051960000 - 0x0000000052204000 	D:\Software\base\java\jdk1.8.0_201\jre\bin\server\jvm.dll
0x00007ff825190000 - 0x00007ff825198000 	C:\WINDOWS\System32\PSAPI.DLL
0x00007ff81c040000 - 0x00007ff81c04a000 	C:\WINDOWS\SYSTEM32\VERSION.dll
0x00007ff816dc0000 - 0x00007ff816de4000 	C:\WINDOWS\SYSTEM32\WINMM.dll
0x00007ff81c970000 - 0x00007ff81c979000 	C:\WINDOWS\SYSTEM32\WSOCK32.dll
0x00007ff824970000 - 0x00007ff8249df000 	C:\WINDOWS\System32\WS2_32.dll
0x00007ff816d90000 - 0x00007ff816dbd000 	C:\WINDOWS\SYSTEM32\WINMMBASE.dll
0x00007ff8227c0000 - 0x00007ff82280a000 	C:\WINDOWS\System32\cfgmgr32.dll
0x00007ff820cc0000 - 0x00007ff820ccf000 	D:\Software\base\java\jdk1.8.0_201\jre\bin\verify.dll
0x00007ff8191d0000 - 0x00007ff8191f9000 	D:\Software\base\java\jdk1.8.0_201\jre\bin\java.dll
0x00007ff81d5d0000 - 0x00007ff81d605000 	D:\Software\base\java\jdk1.8.0_201\jre\bin\jdwp.dll
0x00007ff81e460000 - 0x00007ff81e468000 	D:\Software\base\java\jdk1.8.0_201\jre\bin\npt.dll
0x00007ff81d170000 - 0x00007ff81d193000 	D:\Software\base\java\jdk1.8.0_201\jre\bin\instrument.dll
0x00007ff8154d0000 - 0x00007ff8154e6000 	D:\Software\base\java\jdk1.8.0_201\jre\bin\zip.dll
0x00007ff8237e0000 - 0x00007ff823ec8000 	C:\WINDOWS\System32\SHELL32.dll
0x00007ff823510000 - 0x00007ff8235b7000 	C:\WINDOWS\System32\shcore.dll
0x00007ff8229b0000 - 0x00007ff82312b000 	C:\WINDOWS\System32\windows.storage.dll
0x00007ff8220f0000 - 0x00007ff822113000 	C:\WINDOWS\System32\profapi.dll
0x00007ff8220a0000 - 0x00007ff8220ea000 	C:\WINDOWS\System32\powrprof.dll
0x00007ff822090000 - 0x00007ff8220a0000 	C:\WINDOWS\System32\UMPDC.dll
0x00007ff824ec0000 - 0x00007ff824f12000 	C:\WINDOWS\System32\shlwapi.dll
0x00007ff822140000 - 0x00007ff822151000 	C:\WINDOWS\System32\kernel.appcore.dll
0x00007ff822160000 - 0x00007ff822177000 	C:\WINDOWS\System32\cryptsp.dll
0x00007ff81d5c0000 - 0x00007ff81d5c9000 	D:\Software\base\java\jdk1.8.0_201\jre\bin\dt_socket.dll
0x00007ff8066b0000 - 0x00007ff8066c6000 	C:\WINDOWS\system32\napinsp.dll
0x00007ff806690000 - 0x00007ff8066aa000 	C:\WINDOWS\system32\pnrpnsp.dll
0x00007ff8218d0000 - 0x00007ff821937000 	C:\WINDOWS\System32\mswsock.dll
0x00007ff821620000 - 0x00007ff8216eb000 	C:\WINDOWS\SYSTEM32\DNSAPI.dll
0x00007ff825020000 - 0x00007ff825028000 	C:\WINDOWS\System32\NSI.dll
0x00007ff8215e0000 - 0x00007ff82161a000 	C:\WINDOWS\SYSTEM32\IPHLPAPI.DLL
0x00007ff806660000 - 0x00007ff80666e000 	C:\WINDOWS\System32\winrnr.dll
0x00007ff81ab50000 - 0x00007ff81ab6c000 	C:\WINDOWS\system32\NLAapi.dll
0x00007ff81daa0000 - 0x00007ff81dab5000 	C:\WINDOWS\system32\wshbth.dll
0x00007ff818e40000 - 0x00007ff818eb7000 	C:\WINDOWS\System32\fwpuclnt.dll
0x00007ff8224e0000 - 0x00007ff822506000 	C:\WINDOWS\System32\bcrypt.dll
0x00007ff816810000 - 0x00007ff81681a000 	C:\Windows\System32\rasadhlp.dll
0x00007ff8154b0000 - 0x00007ff8154ca000 	D:\Software\base\java\jdk1.8.0_201\jre\bin\net.dll
0x00007ff812310000 - 0x00007ff8124e6000 	C:\WINDOWS\SYSTEM32\urlmon.dll
0x00007ff812670000 - 0x00007ff812917000 	C:\WINDOWS\SYSTEM32\iertutil.dll
0x00007ff821aa0000 - 0x00007ff821aac000 	C:\WINDOWS\SYSTEM32\CRYPTBASE.DLL
0x00007ff81d4e0000 - 0x00007ff81d4ed000 	D:\Software\base\java\jdk1.8.0_201\jre\bin\management.dll
0x00007ff820c10000 - 0x00007ff820c21000 	D:\Software\base\java\jdk1.8.0_201\jre\bin\nio.dll
0x00007ff821450000 - 0x00007ff821483000 	C:\WINDOWS\system32\rsaenh.dll
0x00007ff821f70000 - 0x00007ff821f95000 	C:\WINDOWS\SYSTEM32\USERENV.dll
0x00007ff819320000 - 0x00007ff819336000 	C:\WINDOWS\SYSTEM32\dhcpcsvc6.DLL
0x00007ff819630000 - 0x00007ff81964c000 	C:\WINDOWS\SYSTEM32\dhcpcsvc.DLL
0x0000000180000000 - 0x0000000180281000 	D:\Debug\server\apache-tomcat-9.0.19\bin\tcnative-1.dll
0x00007ff822210000 - 0x00007ff82235a000 	C:\WINDOWS\System32\CRYPT32.dll
0x00007ff822120000 - 0x00007ff822132000 	C:\WINDOWS\System32\MSASN1.dll

VM Arguments:
jvm_args: -agentlib:jdwp=transport=dt_socket,suspend=y,address=localhost:54294 -javaagent:D:\Debug\Tools\eclipse\eclipse\configuration\org.eclipse.osgi\409\0\.cp\lib\javaagent-shaded.jar -Dfile.encoding=UTF-8 
java_command: com.itour.EurekaApplication
java_class_path (initial): D:\Debug\gitStore\itour\itour-parent\itour-eureka-server\target\classes;D:\Cache\.m2\repository\org\springframework\boot\spring-boot-starter-web\2.2.0.RELEASE\spring-boot-starter-web-2.2.0.RELEASE.jar;D:\Cache\.m2\repository\org\springframework\boot\spring-boot-starter-json\2.2.0.RELEASE\spring-boot-starter-json-2.2.0.RELEASE.jar;D:\Cache\.m2\repository\com\fasterxml\jackson\datatype\jackson-datatype-jdk8\2.10.0\jackson-datatype-jdk8-2.10.0.jar;D:\Cache\.m2\repository\com\fasterxml\jackson\datatype\jackson-datatype-jsr310\2.10.0\jackson-datatype-jsr310-2.10.0.jar;D:\Cache\.m2\repository\com\fasterxml\jackson\module\jackson-module-parameter-names\2.10.0\jackson-module-parameter-names-2.10.0.jar;D:\Cache\.m2\repository\org\springframework\boot\spring-boot-starter-tomcat\2.2.0.RELEASE\spring-boot-starter-tomcat-2.2.0.RELEASE.jar;D:\Cache\.m2\repository\org\apache\tomcat\embed\tomcat-embed-core\9.0.27\tomcat-embed-core-9.0.27.jar;D:\Cache\.m2\repository\org\apache\tomcat\embed\tomcat-embed-el\9.0.27\tomcat-embed-el-9.0.27.jar;D:\Cache\.m2\repository\org\apache\tomcat\embed\tomcat-embed-websocket\9.0.27\tomcat-embed-websocket-9.0.27.jar;D:\Cache\.m2\repository\org\springframework\boot\spring-boot-starter-validation\2.2.0.RELEASE\spring-boot-starter-validation-2.2.0.RELEASE.jar;D:\Cache\.m2\repository\jakarta\validation\jakarta.validation-api\2.0.1\jakarta.validation-api-2.0.1.jar;D:\Cache\.m2\repository\org\hibernate\validator\hibernate-validator\6.0.17.Final\hibernate-validator-6.0.17.Final.jar;D:\Cache\.m2\repository\org\jboss\logging\jboss-logging\3.4.1.Final\jboss-logging-3.4.1.Final.jar;D:\Cache\.m2\repository\com\fasterxml\classmate\1.5.0\classmate-1.5.0.jar;D:\Cache\.m2\repository\org\springframework\spring-web\5.2.0.RELEASE\spring-web-5.2.0.RELEASE.jar;D:\Cache\.m2\repository\org\springframework\spring-beans\5.2.0.RELEASE\spring-beans-5.2.0.RELEASE.jar;D:\Cache\.m2\repository\org\springframework\spring-webmvc\5.2.0.RELEASE\spring-webm
Launcher Type: SUN_STANDARD

Environment Variables:
JAVA_HOME=D:\Software\base\java\jdk1.8.0_201
CLASSPATH=.;D:\Software\base\java\jdk1.8.0_201
PATH=D:\Software\base\java\jdk1.8.0_201\jre\bin;D:/Software/base/java/jre1.8.0_201/bin/server;D:/Software/base/java/jre1.8.0_201/bin;D:/Software/base/java/jre1.8.0_201/lib/amd64;D:\Software\db\oracle\product\12.2.0\dbhome_1\bin;C:\Program Files (x86)\Common Files\Oracle\Java\javapath;C:\Program Files (x86)\Intel\iCLS Client\;C:\Program Files\Intel\iCLS Client\;C:\Windows\system32;C:\Windows;C:\Windows\System32\Wbem;C:\Windows\System32\WindowsPowerShell\v1.0\;C:\Program Files (x86)\Intel\Intel(R) Management Engine Components\DAL;C:\Program Files\Intel\Intel(R) Management Engine Components\DAL;C:\Program Files (x86)\Intel\Intel(R) Management Engine Components\IPT;C:\Program Files\Intel\Intel(R) Management Engine Components\IPT;C:\Program Files (x86)\NVIDIA Corporation\PhysX\Common;C:\WINDOWS\system32;C:\WINDOWS;C:\WINDOWS\System32\Wbem;C:\WINDOWS\System32\WindowsPowerShell\v1.0\;C:\WINDOWS\System32\OpenSSH\;D:\Software\base\java\jdk1.8.0_201\bin;D:\Debug\Tools\apache-maven-3.6.1\bin;D:\Software\work\Git\cmd;D:\Debug\server\apache-tomcat-9.0.19\bin;C:\Users\wwang\AppData\Local\Microsoft\WindowsApps;C:\Users\wwang\AppData\Local\BypassRuntm;C:\Users\wwang\AppData\Local\Microsoft\WindowsApps;;C:\Users\wwang\Desktop;
USERNAME=wwang
OS=Windows_NT
PROCESSOR_IDENTIFIER=Intel64 Family 6 Model 142 Stepping 9, GenuineIntel



---------------  S Y S T E M  ---------------

OS: Windows 10.0 , 64 bit Build 18362 (10.0.18362.1316)

CPU:total 4 (initial active 4) (2 cores per cpu, 2 threads per core) family 6 model 142 stepping 9, cmov, cx8, fxsr, mmx, sse, sse2, sse3, ssse3, sse4.1, sse4.2, popcnt, avx, avx2, aes, clmul, erms, 3dnowpref, lzcnt, ht, tsc, tscinvbit, bmi1, bmi2, adx

Memory: 4k page, physical 8193548k(290400k free), swap 21300744k(4128k free)

vm_info: Java HotSpot(TM) 64-Bit Server VM (25.201-b09) for windows-amd64 JRE (1.8.0_201-b09), built on Dec 15 2018 18:36:39 by "java_re" with MS VC++ 10.0 (VS2010)

time: Tue Feb 02 22:05:24 2021
timezone: 中国标准时间
elapsed time: 166 seconds (0d 0h 2m 46s)

