2021-05-24 09:45:59.504 [restartedMain] DEBUG o.s.b.c.l.ClasspathLoggingApplicationListener - Application started with classpath: [file:/D:/private/itour/itour-parent/itour-account-service/target/classes/, file:/D:/private/itour/itour-parent/itour-account-persist/target/classes/, file:/D:/private/itour/itour-parent/itour-model/target/classes/, file:/D:/private/itour/itour-parent/itour-common/target/classes/, file:/D:/private/itour/itour-parent/itour-account-api/target/classes/]
2021-05-24 09:45:59.618 [background-preinit] DEBUG org.jboss.logging - Logging Provider: org.jboss.logging.Log4j2LoggerProvider
2021-05-24 09:45:59.644 [background-preinit] DEBUG o.h.v.i.engine.resolver.TraversableResolvers - Cannot find javax.persistence.Persistence on classpath. Assuming non JPA 2 environment. All properties will per default be traversable.
2021-05-24 09:45:59.656 [background-preinit] DEBUG o.h.v.internal.xml.config.ValidationXmlParser - Trying to load META-INF/validation.xml for XML based Validator configuration.
2021-05-24 09:45:59.660 [background-preinit] DEBUG o.h.v.internal.xml.config.ResourceLoaderHelper - Trying to load META-INF/validation.xml via TCCL
2021-05-24 09:45:59.662 [background-preinit] DEBUG o.h.v.internal.xml.config.ResourceLoaderHelper - Trying to load META-INF/validation.xml via Hibernate Validator's class loader
2021-05-24 09:45:59.663 [background-preinit] DEBUG o.h.v.internal.xml.config.ValidationXmlParser - No META-INF/validation.xml found. Using annotation based configuration only.
2021-05-24 09:45:59.683 [restartedMain] DEBUG org.springframework.boot.SpringApplication - Loading source class org.springframework.cloud.bootstrap.BootstrapImportSelectorConfiguration
2021-05-24 09:45:59.742 [restartedMain] DEBUG o.s.boot.devtools.restart.ChangeableUrls - Matching URLs for reloading : [file:/D:/private/itour/itour-parent/itour-account-service/target/classes/, file:/D:/private/itour/itour-parent/itour-account-persist/target/classes/, file:/D:/private/itour/itour-parent/itour-model/target/classes/, file:/D:/private/itour/itour-parent/itour-common/target/classes/, file:/D:/private/itour/itour-parent/itour-account-api/target/classes/]
2021-05-24 09:45:59.742 [restartedMain] DEBUG o.s.boot.devtools.settings.DevToolsSettings - Included patterns for restart : [/mybatis-plus-[\w-]+.jar]
2021-05-24 09:45:59.742 [restartedMain] DEBUG o.s.boot.devtools.settings.DevToolsSettings - Excluded patterns for restart : [/spring-boot-actuator/target/classes/, /spring-boot-devtools/target/classes/, /spring-boot/target/classes/, /spring-boot-starter-[\w-]+/, /spring-boot-autoconfigure/target/classes/, /spring-boot-starter/target/classes/]
2021-05-24 09:45:59.742 [restartedMain] DEBUG o.s.c.a.AnnotationConfigApplicationContext - Refreshing org.springframework.context.annotation.AnnotationConfigApplicationContext@6e3b1d5e
2021-05-24 09:45:59.771 [restartedMain] DEBUG o.s.b.factory.support.DefaultListableBeanFactory - Creating shared instance of singleton bean 'org.springframework.context.annotation.internalConfigurationAnnotationProcessor'
2021-05-24 09:45:59.797 [restartedMain] DEBUG o.s.b.factory.support.DefaultListableBeanFactory - Creating shared instance of singleton bean 'org.springframework.boot.autoconfigure.internalCachingMetadataReaderFactory'
2021-05-24 09:45:59.987 [background-preinit] DEBUG o.h.v.m.ResourceBundleMessageInterpolator - Loaded expression factory via original TCCL
2021-05-24 09:46:00.001 [background-preinit] DEBUG o.h.validator.internal.engine.ValidatorFactoryImpl - HV000234: Using org.hibernate.validator.messageinterpolation.ResourceBundleMessageInterpolator as ValidatorFactory-scoped message interpolator.
2021-05-24 09:46:00.001 [background-preinit] DEBUG o.h.validator.internal.engine.ValidatorFactoryImpl - HV000234: Using org.hibernate.validator.internal.engine.resolver.TraverseAllTraversableResolver as ValidatorFactory-scoped traversable resolver.
2021-05-24 09:46:00.001 [background-preinit] DEBUG o.h.validator.internal.engine.ValidatorFactoryImpl - HV000234: Using org.hibernate.validator.internal.util.ExecutableParameterNameProvider as ValidatorFactory-scoped parameter name provider.
2021-05-24 09:46:00.001 [background-preinit] DEBUG o.h.validator.internal.engine.ValidatorFactoryImpl - HV000234: Using org.hibernate.validator.internal.engine.DefaultClockProvider as ValidatorFactory-scoped clock provider.
2021-05-24 09:46:00.001 [background-preinit] DEBUG o.h.validator.internal.engine.ValidatorFactoryImpl - HV000234: Using org.hibernate.validator.internal.engine.scripting.DefaultScriptEvaluatorFactory as ValidatorFactory-scoped script evaluator factory.
2021-05-24 09:46:00.209 [restartedMain] DEBUG o.s.b.factory.support.DefaultListableBeanFactory - Creating shared instance of singleton bean 'propertySourcesPlaceholderConfigurer'
2021-05-24 09:46:00.217 [restartedMain] DEBUG o.s.b.factory.support.DefaultListableBeanFactory - Creating shared instance of singleton bean 'org.springframework.context.event.internalEventListenerProcessor'
2021-05-24 09:46:00.220 [restartedMain] DEBUG o.s.b.factory.support.DefaultListableBeanFactory - Creating shared instance of singleton bean 'org.springframework.context.event.internalEventListenerFactory'
2021-05-24 09:46:00.222 [restartedMain] DEBUG o.s.b.factory.support.DefaultListableBeanFactory - Creating shared instance of singleton bean 'org.springframework.context.annotation.internalAutowiredAnnotationProcessor'
2021-05-24 09:46:00.223 [restartedMain] DEBUG o.s.b.factory.support.DefaultListableBeanFactory - Creating shared instance of singleton bean 'org.springframework.context.annotation.internalCommonAnnotationProcessor'
2021-05-24 09:46:00.228 [restartedMain] DEBUG o.s.b.factory.support.DefaultListableBeanFactory - Creating shared instance of singleton bean 'org.springframework.boot.context.properties.ConfigurationPropertiesBindingPostProcessor'
2021-05-24 09:46:00.229 [restartedMain] DEBUG o.s.b.factory.support.DefaultListableBeanFactory - Creating shared instance of singleton bean 'org.springframework.boot.context.internalConfigurationPropertiesBinder'
2021-05-24 09:46:00.229 [restartedMain] DEBUG o.s.b.factory.support.DefaultListableBeanFactory - Creating shared instance of singleton bean 'org.springframework.boot.context.internalConfigurationPropertiesBinderFactory'
2021-05-24 09:46:00.233 [restartedMain] DEBUG o.s.b.factory.support.DefaultListableBeanFactory - Creating shared instance of singleton bean 'configurationPropertiesBeans'
2021-05-24 09:46:00.234 [restartedMain] DEBUG o.s.b.factory.support.DefaultListableBeanFactory - Creating shared instance of singleton bean 'org.springframework.cloud.autoconfigure.ConfigurationPropertiesRebinderAutoConfiguration'
2021-05-24 09:46:00.267 [restartedMain] DEBUG o.s.b.factory.support.DefaultListableBeanFactory - Creating shared instance of singleton bean 'bootstrapImportSelectorConfiguration'
2021-05-24 09:46:00.271 [restartedMain] DEBUG o.s.b.factory.support.DefaultListableBeanFactory - Creating shared instance of singleton bean 'org.springframework.cloud.bootstrap.config.PropertySourceBootstrapConfiguration'
2021-05-24 09:46:00.288 [restartedMain] DEBUG o.s.b.factory.support.DefaultListableBeanFactory - Creating shared instance of singleton bean 'org.springframework.boot.context.properties.ConfigurationBeanFactoryMetadata'
2021-05-24 09:46:00.289 [restartedMain] DEBUG o.s.b.factory.support.DefaultListableBeanFactory - Creating shared instance of singleton bean 'spring.cloud.config-org.springframework.cloud.bootstrap.config.PropertySourceBootstrapProperties'
2021-05-24 09:46:00.311 [restartedMain] DEBUG o.s.b.factory.support.DefaultListableBeanFactory - Creating shared instance of singleton bean 'org.springframework.cloud.bootstrap.encrypt.EncryptionBootstrapConfiguration'
2021-05-24 09:46:00.316 [restartedMain] DEBUG o.s.b.factory.support.DefaultListableBeanFactory - Creating shared instance of singleton bean 'encrypt-org.springframework.cloud.bootstrap.encrypt.KeyProperties'
2021-05-24 09:46:00.321 [restartedMain] DEBUG o.s.b.factory.support.DefaultListableBeanFactory - Creating shared instance of singleton bean 'environmentDecryptApplicationListener'
2021-05-24 09:46:00.330 [restartedMain] DEBUG o.s.b.factory.support.DefaultListableBeanFactory - Creating shared instance of singleton bean 'configurationPropertiesRebinder'
2021-05-24 09:46:00.332 [restartedMain] DEBUG o.s.b.factory.support.DefaultListableBeanFactory - Autowiring by type from bean name 'configurationPropertiesRebinder' via factory method to bean named 'configurationPropertiesBeans'
2021-05-24 09:46:00.343 [restartedMain] DEBUG o.s.b.factory.support.DefaultListableBeanFactory - Creating shared instance of singleton bean 'org.springframework.boot.autoconfigure.context.PropertyPlaceholderAutoConfiguration'
2021-05-24 09:46:00.368 [restartedMain] DEBUG o.s.b.a.l.ConditionEvaluationReportLoggingListener - 


============================
CONDITIONS EVALUATION REPORT
============================


Positive matches:
-----------------

   ConfigurationPropertiesRebinderAutoConfiguration matched:
      - @ConditionalOnBean (types: org.springframework.boot.context.properties.ConfigurationPropertiesBindingPostProcessor; SearchStrategy: all) found bean 'org.springframework.boot.context.properties.ConfigurationPropertiesBindingPostProcessor' (OnBeanCondition)

   ConfigurationPropertiesRebinderAutoConfiguration#configurationPropertiesBeans matched:
      - @ConditionalOnMissingBean (types: org.springframework.cloud.context.properties.ConfigurationPropertiesBeans; SearchStrategy: current) did not find any beans (OnBeanCondition)

   ConfigurationPropertiesRebinderAutoConfiguration#configurationPropertiesRebinder matched:
      - @ConditionalOnMissingBean (types: org.springframework.cloud.context.properties.ConfigurationPropertiesRebinder; SearchStrategy: current) did not find any beans (OnBeanCondition)

   EncryptionBootstrapConfiguration matched:
      - @ConditionalOnClass found required class 'org.springframework.security.crypto.encrypt.TextEncryptor' (OnClassCondition)

   PropertyPlaceholderAutoConfiguration#propertySourcesPlaceholderConfigurer matched:
      - @ConditionalOnMissingBean (types: org.springframework.context.support.PropertySourcesPlaceholderConfigurer; SearchStrategy: current) did not find any beans (OnBeanCondition)


Negative matches:
-----------------

   EncryptionBootstrapConfiguration.RsaEncryptionConfiguration:
      Did not match:
         - Keystore nor key found in Environment (EncryptionBootstrapConfiguration.KeyCondition)
      Matched:
         - @ConditionalOnClass found required class 'org.springframework.security.rsa.crypto.RsaSecretEncryptor' (OnClassCondition)

   EncryptionBootstrapConfiguration.VanillaEncryptionConfiguration:
      Did not match:
         - @ConditionalOnMissingClass found unwanted class 'org.springframework.security.rsa.crypto.RsaSecretEncryptor' (OnClassCondition)

   EurekaDiscoveryClientConfigServiceBootstrapConfiguration:
      Did not match:
         - @ConditionalOnClass did not find required class 'org.springframework.cloud.config.client.ConfigServicePropertySourceLocator' (OnClassCondition)


Exclusions:
-----------

    None


Unconditional classes:
----------------------

    None



2021-05-24 09:46:00.378 [restartedMain] DEBUG o.springframework.boot.devtools.restart.Restarter - Creating new Restarter for thread Thread[main,5,main]
2021-05-24 09:46:00.378 [restartedMain] DEBUG o.springframework.boot.devtools.restart.Restarter - Immediately restarting application
2021-05-24 09:46:00.378 [restartedMain] DEBUG o.springframework.boot.devtools.restart.Restarter - Created RestartClassLoader org.springframework.boot.devtools.restart.classloader.RestartClassLoader@5b678b
2021-05-24 09:46:00.378 [restartedMain] DEBUG o.springframework.boot.devtools.restart.Restarter - Starting application com.itour.AccountApp with URLs [file:/D:/private/itour/itour-parent/itour-account-service/target/classes/, file:/D:/private/itour/itour-parent/itour-account-persist/target/classes/, file:/D:/private/itour/itour-parent/itour-model/target/classes/, file:/D:/private/itour/itour-parent/itour-common/target/classes/, file:/D:/private/itour/itour-parent/itour-account-api/target/classes/]
2021-05-24 09:49:27.280 [restartedMain] DEBUG o.s.b.c.l.ClasspathLoggingApplicationListener - Application started with classpath: [file:/D:/private/itour/itour-parent/itour-account-service/target/classes/, file:/D:/private/itour/itour-parent/itour-account-persist/target/classes/, file:/D:/private/itour/itour-parent/itour-model/target/classes/, file:/D:/private/itour/itour-parent/itour-common/target/classes/, file:/D:/private/itour/itour-parent/itour-account-api/target/classes/]
2021-05-24 09:49:27.521 [background-preinit] DEBUG org.jboss.logging - Logging Provider: org.jboss.logging.Log4j2LoggerProvider
2021-05-24 09:49:27.560 [background-preinit] DEBUG o.h.v.i.engine.resolver.TraversableResolvers - Cannot find javax.persistence.Persistence on classpath. Assuming non JPA 2 environment. All properties will per default be traversable.
2021-05-24 09:49:27.584 [background-preinit] DEBUG o.h.v.internal.xml.config.ValidationXmlParser - Trying to load META-INF/validation.xml for XML based Validator configuration.
2021-05-24 09:49:27.590 [background-preinit] DEBUG o.h.v.internal.xml.config.ResourceLoaderHelper - Trying to load META-INF/validation.xml via TCCL
2021-05-24 09:49:27.591 [background-preinit] DEBUG o.h.v.internal.xml.config.ResourceLoaderHelper - Trying to load META-INF/validation.xml via Hibernate Validator's class loader
2021-05-24 09:49:27.593 [background-preinit] DEBUG o.h.v.internal.xml.config.ValidationXmlParser - No META-INF/validation.xml found. Using annotation based configuration only.
2021-05-24 09:49:27.717 [restartedMain] DEBUG org.springframework.boot.SpringApplication - Loading source class org.springframework.cloud.bootstrap.BootstrapImportSelectorConfiguration
2021-05-24 09:49:27.845 [restartedMain] DEBUG o.s.boot.devtools.restart.ChangeableUrls - Matching URLs for reloading : [file:/D:/private/itour/itour-parent/itour-account-service/target/classes/, file:/D:/private/itour/itour-parent/itour-account-persist/target/classes/, file:/D:/private/itour/itour-parent/itour-model/target/classes/, file:/D:/private/itour/itour-parent/itour-common/target/classes/, file:/D:/private/itour/itour-parent/itour-account-api/target/classes/]
2021-05-24 09:49:27.846 [restartedMain] DEBUG o.s.boot.devtools.settings.DevToolsSettings - Included patterns for restart : [/mybatis-plus-[\w-]+.jar]
2021-05-24 09:49:27.847 [restartedMain] DEBUG o.s.boot.devtools.settings.DevToolsSettings - Excluded patterns for restart : [/spring-boot-actuator/target/classes/, /spring-boot-devtools/target/classes/, /spring-boot/target/classes/, /spring-boot-starter-[\w-]+/, /spring-boot-autoconfigure/target/classes/, /spring-boot-starter/target/classes/]
2021-05-24 09:49:27.848 [restartedMain] DEBUG o.s.c.a.AnnotationConfigApplicationContext - Refreshing org.springframework.context.annotation.AnnotationConfigApplicationContext@49f54630
2021-05-24 09:49:27.930 [restartedMain] DEBUG o.s.b.factory.support.DefaultListableBeanFactory - Creating shared instance of singleton bean 'org.springframework.context.annotation.internalConfigurationAnnotationProcessor'
2021-05-24 09:49:27.994 [restartedMain] DEBUG o.s.b.factory.support.DefaultListableBeanFactory - Creating shared instance of singleton bean 'org.springframework.boot.autoconfigure.internalCachingMetadataReaderFactory'
2021-05-24 09:49:28.423 [background-preinit] DEBUG o.h.v.m.ResourceBundleMessageInterpolator - Loaded expression factory via original TCCL
2021-05-24 09:49:28.451 [background-preinit] DEBUG o.h.validator.internal.engine.ValidatorFactoryImpl - HV000234: Using org.hibernate.validator.messageinterpolation.ResourceBundleMessageInterpolator as ValidatorFactory-scoped message interpolator.
2021-05-24 09:49:28.452 [background-preinit] DEBUG o.h.validator.internal.engine.ValidatorFactoryImpl - HV000234: Using org.hibernate.validator.internal.engine.resolver.TraverseAllTraversableResolver as ValidatorFactory-scoped traversable resolver.
2021-05-24 09:49:28.452 [background-preinit] DEBUG o.h.validator.internal.engine.ValidatorFactoryImpl - HV000234: Using org.hibernate.validator.internal.util.ExecutableParameterNameProvider as ValidatorFactory-scoped parameter name provider.
2021-05-24 09:49:28.452 [background-preinit] DEBUG o.h.validator.internal.engine.ValidatorFactoryImpl - HV000234: Using org.hibernate.validator.internal.engine.DefaultClockProvider as ValidatorFactory-scoped clock provider.
2021-05-24 09:49:28.453 [background-preinit] DEBUG o.h.validator.internal.engine.ValidatorFactoryImpl - HV000234: Using org.hibernate.validator.internal.engine.scripting.DefaultScriptEvaluatorFactory as ValidatorFactory-scoped script evaluator factory.
2021-05-24 09:49:29.068 [restartedMain] DEBUG o.s.b.factory.support.DefaultListableBeanFactory - Creating shared instance of singleton bean 'propertySourcesPlaceholderConfigurer'
2021-05-24 09:49:29.082 [restartedMain] DEBUG o.s.b.factory.support.DefaultListableBeanFactory - Creating shared instance of singleton bean 'org.springframework.context.event.internalEventListenerProcessor'
2021-05-24 09:49:29.086 [restartedMain] DEBUG o.s.b.factory.support.DefaultListableBeanFactory - Creating shared instance of singleton bean 'org.springframework.context.event.internalEventListenerFactory'
2021-05-24 09:49:29.092 [restartedMain] DEBUG o.s.b.factory.support.DefaultListableBeanFactory - Creating shared instance of singleton bean 'org.springframework.context.annotation.internalAutowiredAnnotationProcessor'
2021-05-24 09:49:29.102 [restartedMain] DEBUG o.s.b.factory.support.DefaultListableBeanFactory - Creating shared instance of singleton bean 'org.springframework.context.annotation.internalCommonAnnotationProcessor'
2021-05-24 09:49:29.119 [restartedMain] DEBUG o.s.b.factory.support.DefaultListableBeanFactory - Creating shared instance of singleton bean 'org.springframework.boot.context.properties.ConfigurationPropertiesBindingPostProcessor'
2021-05-24 09:49:29.119 [restartedMain] DEBUG o.s.b.factory.support.DefaultListableBeanFactory - Creating shared instance of singleton bean 'org.springframework.boot.context.internalConfigurationPropertiesBinder'
2021-05-24 09:49:29.120 [restartedMain] DEBUG o.s.b.factory.support.DefaultListableBeanFactory - Creating shared instance of singleton bean 'org.springframework.boot.context.internalConfigurationPropertiesBinderFactory'
2021-05-24 09:49:29.130 [restartedMain] DEBUG o.s.b.factory.support.DefaultListableBeanFactory - Creating shared instance of singleton bean 'configurationPropertiesBeans'
2021-05-24 09:49:29.131 [restartedMain] DEBUG o.s.b.factory.support.DefaultListableBeanFactory - Creating shared instance of singleton bean 'org.springframework.cloud.autoconfigure.ConfigurationPropertiesRebinderAutoConfiguration'
2021-05-24 09:49:29.283 [restartedMain] DEBUG o.s.b.factory.support.DefaultListableBeanFactory - Creating shared instance of singleton bean 'bootstrapImportSelectorConfiguration'
2021-05-24 09:49:29.292 [restartedMain] DEBUG o.s.b.factory.support.DefaultListableBeanFactory - Creating shared instance of singleton bean 'org.springframework.cloud.bootstrap.config.PropertySourceBootstrapConfiguration'
2021-05-24 09:49:29.321 [restartedMain] DEBUG o.s.b.factory.support.DefaultListableBeanFactory - Creating shared instance of singleton bean 'org.springframework.boot.context.properties.ConfigurationBeanFactoryMetadata'
2021-05-24 09:49:29.322 [restartedMain] DEBUG o.s.b.factory.support.DefaultListableBeanFactory - Creating shared instance of singleton bean 'spring.cloud.config-org.springframework.cloud.bootstrap.config.PropertySourceBootstrapProperties'
2021-05-24 09:49:29.372 [restartedMain] DEBUG o.s.b.factory.support.DefaultListableBeanFactory - Creating shared instance of singleton bean 'org.springframework.cloud.bootstrap.encrypt.EncryptionBootstrapConfiguration'
2021-05-24 09:49:29.377 [restartedMain] DEBUG o.s.b.factory.support.DefaultListableBeanFactory - Creating shared instance of singleton bean 'encrypt-org.springframework.cloud.bootstrap.encrypt.KeyProperties'
2021-05-24 09:49:29.386 [restartedMain] DEBUG o.s.b.factory.support.DefaultListableBeanFactory - Creating shared instance of singleton bean 'environmentDecryptApplicationListener'
2021-05-24 09:49:29.404 [restartedMain] DEBUG o.s.b.factory.support.DefaultListableBeanFactory - Creating shared instance of singleton bean 'configurationPropertiesRebinder'
2021-05-24 09:49:29.410 [restartedMain] DEBUG o.s.b.factory.support.DefaultListableBeanFactory - Autowiring by type from bean name 'configurationPropertiesRebinder' via factory method to bean named 'configurationPropertiesBeans'
2021-05-24 09:49:29.441 [restartedMain] DEBUG o.s.b.factory.support.DefaultListableBeanFactory - Creating shared instance of singleton bean 'org.springframework.boot.autoconfigure.context.PropertyPlaceholderAutoConfiguration'
2021-05-24 09:49:29.479 [restartedMain] DEBUG o.s.b.a.l.ConditionEvaluationReportLoggingListener - 


============================
CONDITIONS EVALUATION REPORT
============================


Positive matches:
-----------------

   ConfigurationPropertiesRebinderAutoConfiguration matched:
      - @ConditionalOnBean (types: org.springframework.boot.context.properties.ConfigurationPropertiesBindingPostProcessor; SearchStrategy: all) found bean 'org.springframework.boot.context.properties.ConfigurationPropertiesBindingPostProcessor' (OnBeanCondition)

   ConfigurationPropertiesRebinderAutoConfiguration#configurationPropertiesBeans matched:
      - @ConditionalOnMissingBean (types: org.springframework.cloud.context.properties.ConfigurationPropertiesBeans; SearchStrategy: current) did not find any beans (OnBeanCondition)

   ConfigurationPropertiesRebinderAutoConfiguration#configurationPropertiesRebinder matched:
      - @ConditionalOnMissingBean (types: org.springframework.cloud.context.properties.ConfigurationPropertiesRebinder; SearchStrategy: current) did not find any beans (OnBeanCondition)

   EncryptionBootstrapConfiguration matched:
      - @ConditionalOnClass found required class 'org.springframework.security.crypto.encrypt.TextEncryptor' (OnClassCondition)

   PropertyPlaceholderAutoConfiguration#propertySourcesPlaceholderConfigurer matched:
      - @ConditionalOnMissingBean (types: org.springframework.context.support.PropertySourcesPlaceholderConfigurer; SearchStrategy: current) did not find any beans (OnBeanCondition)


Negative matches:
-----------------

   EncryptionBootstrapConfiguration.RsaEncryptionConfiguration:
      Did not match:
         - Keystore nor key found in Environment (EncryptionBootstrapConfiguration.KeyCondition)
      Matched:
         - @ConditionalOnClass found required class 'org.springframework.security.rsa.crypto.RsaSecretEncryptor' (OnClassCondition)

   EncryptionBootstrapConfiguration.VanillaEncryptionConfiguration:
      Did not match:
         - @ConditionalOnMissingClass found unwanted class 'org.springframework.security.rsa.crypto.RsaSecretEncryptor' (OnClassCondition)

   EurekaDiscoveryClientConfigServiceBootstrapConfiguration:
      Did not match:
         - @ConditionalOnClass did not find required class 'org.springframework.cloud.config.client.ConfigServicePropertySourceLocator' (OnClassCondition)


Exclusions:
-----------

    None


Unconditional classes:
----------------------

    None



2021-05-24 09:49:29.500 [restartedMain] DEBUG o.springframework.boot.devtools.restart.Restarter - Creating new Restarter for thread Thread[main,5,main]
2021-05-24 09:49:29.501 [restartedMain] DEBUG o.springframework.boot.devtools.restart.Restarter - Immediately restarting application
2021-05-24 09:49:29.501 [restartedMain] DEBUG o.springframework.boot.devtools.restart.Restarter - Created RestartClassLoader org.springframework.boot.devtools.restart.classloader.RestartClassLoader@7140cf7e
2021-05-24 09:49:29.501 [restartedMain] DEBUG o.springframework.boot.devtools.restart.Restarter - Starting application com.itour.AccountApp with URLs [file:/D:/private/itour/itour-parent/itour-account-service/target/classes/, file:/D:/private/itour/itour-parent/itour-account-persist/target/classes/, file:/D:/private/itour/itour-parent/itour-model/target/classes/, file:/D:/private/itour/itour-parent/itour-common/target/classes/, file:/D:/private/itour/itour-parent/itour-account-api/target/classes/]
