#
# There is insufficient memory for the Java Runtime Environment to continue.
# Native memory allocation (malloc) failed to allocate 791456 bytes for Chunk::new
# Possible reasons:
#   The system is out of physical RAM or swap space
#   The process is running with CompressedOops enabled, and the Java Heap may be blocking the growth of the native heap
# Possible solutions:
#   Reduce memory load on the system
#   Increase physical memory or swap space
#   Check if swap backing store is full
#   Decrease Java heap size (-Xmx/-Xms)
#   Decrease number of Java threads
#   Decrease Java thread stack sizes (-Xss)
#   Set larger code cache with -XX:ReservedCodeCacheSize=
#   JVM is running with Unscaled Compressed Oops mode in which the Java heap is
#     placed in the first 4GB address space. The Java Heap base address is the
#     maximum limit for the native heap growth. Please use -XX:HeapBaseMinAddress
#     to set the Java Heap base and to place the Java Heap above 4GB virtual address.
# This output file may be truncated or incomplete.
#
#  Out of Memory Error (allocation.cpp:390), pid=14620, tid=0x0000000000000134
#
# JRE version: Java(TM) SE Runtime Environment (8.0_201-b09) (build 1.8.0_201-b09)
# Java VM: Java HotSpot(TM) 64-Bit Server VM (25.201-b09 mixed mode windows-amd64 compressed oops)
# Failed to write core dump. Minidumps are not enabled by default on client versions of Windows
#

---------------  T H R E A D  ---------------

Current thread (0x000000001a67b000):  JavaThread "C2 CompilerThread1" daemon [_thread_in_native, id=308, stack(0x000000001a8b0000,0x000000001a9b0000)]

Stack: [0x000000001a8b0000,0x000000001a9b0000]
[error occurred during error reporting (printing stack bounds), id 0xc0000005]

Native frames: (J=compiled Java code, j=interpreted, Vv=VM code, C=native code)


Current CompileTask:
C2:  34377 6179       4       org.aspectj.weaver.Iterators$6::hasNext (30 bytes)


---------------  P R O C E S S  ---------------

Java Threads: ( => current thread )
  0x000000001bf5a800 JavaThread "PollingServerListUpdater-1" daemon [_thread_blocked, id=15624, stack(0x000000002a040000,0x000000002a140000)]
  0x00000000227a0800 JavaThread "Keep-Alive-Timer" daemon [_thread_blocked, id=2444, stack(0x0000000029f40000,0x000000002a040000)]
  0x000000002279c000 JavaThread "DataPublisher" daemon [_thread_blocked, id=7400, stack(0x0000000029a40000,0x0000000029b40000)]
  0x000000002279d800 JavaThread "DiscoveryClient-InstanceInfoReplicator-0" daemon [_thread_blocked, id=13092, stack(0x0000000029940000,0x0000000029a40000)]
  0x000000002279e000 JavaThread "DiscoveryClient-1" daemon [_thread_blocked, id=8744, stack(0x0000000029840000,0x0000000029940000)]
  0x000000002279f000 JavaThread "DiscoveryClient-0" daemon [_thread_blocked, id=16172, stack(0x0000000029740000,0x0000000029840000)]
  0x000000002279f800 JavaThread "AsyncResolver-bootstrap-0" daemon [_thread_blocked, id=16764, stack(0x0000000029540000,0x0000000029640000)]
  0x000000002279b000 JavaThread "Eureka-JerseyClient-Conn-Cleaner2" daemon [_thread_blocked, id=1700, stack(0x0000000028be0000,0x0000000028ce0000)]
  0x000000002279c800 JavaThread "PollingServerListUpdater-0" daemon [_thread_blocked, id=7008, stack(0x0000000028d50000,0x0000000028e50000)]
  0x00000000227a1000 JavaThread "NFLoadBalancer-PingTimer-itour-account-service" daemon [_thread_blocked, id=11552, stack(0x0000000024760000,0x0000000024860000)]
  0x000000001e747000 JavaThread "RibbonApacheHttpClientConfiguration.connectionManagerTimer" daemon [_thread_blocked, id=1796, stack(0x0000000028ae0000,0x0000000028be0000)]
  0x000000001e74a000 JavaThread "spring.cloud.inetutils" daemon [_thread_blocked, id=15644, stack(0x000000001e1f0000,0x000000001e2f0000)]
  0x000000001e746800 JavaThread "logback-6" daemon [_thread_blocked, id=9660, stack(0x0000000023fd0000,0x00000000240d0000)]
  0x000000001e745000 JavaThread "logback-5" daemon [_thread_blocked, id=14800, stack(0x000000001dff0000,0x000000001e0f0000)]
  0x000000001e749800 JavaThread "logback-4" daemon [_thread_blocked, id=16824, stack(0x000000001def0000,0x000000001dff0000)]
  0x000000001e744000 JavaThread "JMX server connection timeout 25" daemon [_thread_blocked, id=8344, stack(0x0000000028010000,0x0000000028110000)]
  0x000000001e748800 JavaThread "RMI Scheduler(0)" daemon [_thread_blocked, id=15472, stack(0x000000001f460000,0x000000001f560000)]
  0x000000001e74b000 JavaThread "RMI TCP Connection(1)-192.168.0.1" daemon [_thread_in_native, id=6200, stack(0x000000001e0f0000,0x000000001e1f0000)]
  0x0000000020cef000 JavaThread "RMI TCP Accept-0" daemon [_thread_in_native, id=14248, stack(0x0000000022d00000,0x0000000022e00000)]
  0x000000001e762800 JavaThread "restartedMain" [_thread_in_vm, id=17568, stack(0x0000000022a00000,0x0000000022b00000)]
  0x000000001e762000 JavaThread "Thread-1" [_thread_blocked, id=14672, stack(0x000000001e350000,0x000000001e450000)]
  0x000000001a74c000 JavaThread "Service Thread" daemon [_thread_blocked, id=14920, stack(0x000000001aab0000,0x000000001abb0000)]
  0x000000001a699000 JavaThread "C1 CompilerThread2" daemon [_thread_blocked, id=17200, stack(0x000000001a9b0000,0x000000001aab0000)]
=>0x000000001a67b000 JavaThread "C2 CompilerThread1" daemon [_thread_in_native, id=308, stack(0x000000001a8b0000,0x000000001a9b0000)]
  0x000000001a67a000 JavaThread "C2 CompilerThread0" daemon [_thread_in_native, id=13768, stack(0x000000001a7b0000,0x000000001a8b0000)]
  0x000000001824c800 JavaThread "JDWP Command Reader" daemon [_thread_in_native, id=15668, stack(0x0000000019eb0000,0x0000000019fb0000)]
  0x0000000018249000 JavaThread "JDWP Event Helper Thread" daemon [_thread_blocked, id=16660, stack(0x0000000019db0000,0x0000000019eb0000)]
  0x000000001823d800 JavaThread "JDWP Transport Listener: dt_socket" daemon [_thread_blocked, id=16592, stack(0x0000000019cb0000,0x0000000019db0000)]
  0x0000000018230000 JavaThread "Attach Listener" daemon [_thread_blocked, id=15500, stack(0x0000000019bb0000,0x0000000019cb0000)]
  0x00000000196f3800 JavaThread "Signal Dispatcher" daemon [_thread_blocked, id=15972, stack(0x0000000019ab0000,0x0000000019bb0000)]
  0x00000000181f2800 JavaThread "Finalizer" daemon [_thread_blocked, id=10252, stack(0x0000000019450000,0x0000000019550000)]
  0x00000000181e9800 JavaThread "Reference Handler" daemon [_thread_blocked, id=12316, stack(0x0000000019350000,0x0000000019450000)]
  0x000000000358a000 JavaThread "main" [_thread_blocked, id=780, stack(0x0000000003470000,0x0000000003570000)]

Other Threads:
  0x00000000181c7800 VMThread [stack: 0x0000000019250000,0x0000000019350000] [id=6408]
  0x000000001abd3000 WatcherThread [stack: 0x000000001bb80000,0x000000001bc80000] [id=1264]

VM state:not at safepoint (normal execution)

VM Mutex/Monitor currently owned by a thread: None

heap address: 0x0000000082e00000, size: 2002 MB, Compressed Oops mode: 32-bit
Narrow klass base: 0x0000000000000000, Narrow klass shift: 3
Compressed class space size: 1073741824 Address: 0x0000000100000000

Heap:
 PSYoungGen      total 366080K, used 8260K [0x00000000d6500000, 0x00000000edc00000, 0x0000000100000000)
  eden space 354304K, 2% used [0x00000000d6500000,0x00000000d6d11268,0x00000000ebf00000)
  from space 11776K, 0% used [0x00000000ed080000,0x00000000ed080000,0x00000000edc00000)
  to   space 14848K, 0% used [0x00000000ebf00000,0x00000000ebf00000,0x00000000ecd80000)
 ParOldGen       total 125440K, used 29518K [0x0000000082e00000, 0x000000008a880000, 0x00000000d6500000)
  object space 125440K, 23% used [0x0000000082e00000,0x0000000084ad3880,0x000000008a880000)
 Metaspace       used 56837K, capacity 59050K, committed 59288K, reserved 1101824K
  class space    used 7318K, capacity 7721K, committed 7832K, reserved 1048576K

Card table byte_map: [0x0000000012b50000,0x0000000012f40000] byte_map_base: 0x0000000012739000

Marking Bits: (ParMarkBitMap*) 0x000000006dd64ce0
 Begin Bits: [0x00000000135e0000, 0x0000000015528000)
 End Bits:   [0x0000000015528000, 0x0000000017470000)

Polling page: 0x00000000013e0000

CodeCache: size=245760Kb used=21019Kb max_used=21019Kb free=224740Kb
 bounds [0x0000000003790000, 0x0000000004c40000, 0x0000000012790000]
 total_blobs=5688 nmethods=5166 adapters=442
 compilation: enabled

Compilation events (10 events):
Event: 34.370 Thread 0x000000001a699000 nmethod 6243 0x0000000004bd97d0 code [0x0000000004bd9b80, 0x0000000004bdc138]
Event: 34.370 Thread 0x000000001a699000 6244       3       java.util.stream.SortedOps$RefSortingSink::end (126 bytes)
Event: 34.371 Thread 0x000000001a699000 nmethod 6244 0x0000000004bd7e10 code [0x0000000004bd8060, 0x0000000004bd90a8]
Event: 34.371 Thread 0x000000001a699000 6245       3       java.util.stream.SortedOps$RefSortingSink$$Lambda$356/418882366::get$Lambda (9 bytes)
Event: 34.371 Thread 0x000000001a699000 nmethod 6245 0x0000000004be0150 code [0x0000000004be02c0, 0x0000000004be0510]
Event: 34.371 Thread 0x000000001a699000 6246       3       java.util.stream.SortedOps$RefSortingSink$$Lambda$356/418882366::<init> (10 bytes)
Event: 34.371 Thread 0x000000001a699000 nmethod 6246 0x0000000004bd7a50 code [0x0000000004bd7ba0, 0x0000000004bd7d70]
Event: 34.371 Thread 0x000000001a699000 6247       3       org.springframework.cache.annotation.SpringCacheAnnotationParser::parseCacheAnnotations (176 bytes)
Event: 34.373 Thread 0x000000001a699000 nmethod 6247 0x0000000004bd35d0 code [0x0000000004bd3a80, 0x0000000004bd62c8]
Event: 34.373 Thread 0x000000001a699000 6248       3       org.springframework.core.annotation.AnnotatedElementUtils::findAllMergedAnnotations (38 bytes)

GC Heap History (10 events):
Event: 17.289 GC heap before
{Heap before GC invocations=11 (full 2):
 PSYoungGen      total 224768K, used 9718K [0x00000000d6500000, 0x00000000e8e00000, 0x0000000100000000)
  eden space 215040K, 0% used [0x00000000d6500000,0x00000000d6500000,0x00000000e3700000)
  from space 9728K, 99% used [0x00000000e3700000,0x00000000e407db80,0x00000000e4080000)
  to   space 10752K, 0% used [0x00000000e8380000,0x00000000e8380000,0x00000000e8e00000)
 ParOldGen       total 54272K, used 7072K [0x0000000082e00000, 0x0000000086300000, 0x00000000d6500000)
  object space 54272K, 13% used [0x0000000082e00000,0x00000000834e8228,0x0000000086300000)
 Metaspace       used 34060K, capacity 35358K, committed 35496K, reserved 1081344K
  class space    used 4236K, capacity 4543K, committed 4608K, reserved 1048576K
Event: 17.407 GC heap after
Heap after GC invocations=11 (full 2):
 PSYoungGen      total 224768K, used 0K [0x00000000d6500000, 0x00000000e8e00000, 0x0000000100000000)
  eden space 215040K, 0% used [0x00000000d6500000,0x00000000d6500000,0x00000000e3700000)
  from space 9728K, 0% used [0x00000000e3700000,0x00000000e3700000,0x00000000e4080000)
  to   space 10752K, 0% used [0x00000000e8380000,0x00000000e8380000,0x00000000e8e00000)
 ParOldGen       total 81920K, used 14683K [0x0000000082e00000, 0x0000000087e00000, 0x00000000d6500000)
  object space 81920K, 17% used [0x0000000082e00000,0x0000000083c56e08,0x0000000087e00000)
 Metaspace       used 34060K, capacity 35358K, committed 35496K, reserved 1081344K
  class space    used 4236K, capacity 4543K, committed 4608K, reserved 1048576K
}
Event: 20.124 GC heap before
{Heap before GC invocations=12 (full 2):
 PSYoungGen      total 224768K, used 215040K [0x00000000d6500000, 0x00000000e8e00000, 0x0000000100000000)
  eden space 215040K, 100% used [0x00000000d6500000,0x00000000e3700000,0x00000000e3700000)
  from space 9728K, 0% used [0x00000000e3700000,0x00000000e3700000,0x00000000e4080000)
  to   space 10752K, 0% used [0x00000000e8380000,0x00000000e8380000,0x00000000e8e00000)
 ParOldGen       total 81920K, used 14683K [0x0000000082e00000, 0x0000000087e00000, 0x00000000d6500000)
  object space 81920K, 17% used [0x0000000082e00000,0x0000000083c56e08,0x0000000087e00000)
 Metaspace       used 38196K, capacity 39658K, committed 39808K, reserved 1083392K
  class space    used 4839K, capacity 5149K, committed 5248K, reserved 1048576K
Event: 20.137 GC heap after
Heap after GC invocations=12 (full 2):
 PSYoungGen      total 287744K, used 7843K [0x00000000d6500000, 0x00000000e8b80000, 0x0000000100000000)
  eden space 279552K, 0% used [0x00000000d6500000,0x00000000d6500000,0x00000000e7600000)
  from space 8192K, 95% used [0x00000000e8380000,0x00000000e8b28ef8,0x00000000e8b80000)
  to   space 10752K, 0% used [0x00000000e7680000,0x00000000e7680000,0x00000000e8100000)
 ParOldGen       total 81920K, used 14691K [0x0000000082e00000, 0x0000000087e00000, 0x00000000d6500000)
  object space 81920K, 17% used [0x0000000082e00000,0x0000000083c58e08,0x0000000087e00000)
 Metaspace       used 38196K, capacity 39658K, committed 39808K, reserved 1083392K
  class space    used 4839K, capacity 5149K, committed 5248K, reserved 1048576K
}
Event: 28.016 GC heap before
{Heap before GC invocations=13 (full 2):
 PSYoungGen      total 287744K, used 287395K [0x00000000d6500000, 0x00000000e8b80000, 0x0000000100000000)
  eden space 279552K, 100% used [0x00000000d6500000,0x00000000e7600000,0x00000000e7600000)
  from space 8192K, 95% used [0x00000000e8380000,0x00000000e8b28ef8,0x00000000e8b80000)
  to   space 10752K, 0% used [0x00000000e7680000,0x00000000e7680000,0x00000000e8100000)
 ParOldGen       total 81920K, used 14691K [0x0000000082e00000, 0x0000000087e00000, 0x00000000d6500000)
  object space 81920K, 17% used [0x0000000082e00000,0x0000000083c58e08,0x0000000087e00000)
 Metaspace       used 48325K, capacity 50042K, committed 50432K, reserved 1093632K
  class space    used 6257K, capacity 6577K, committed 6656K, reserved 1048576K
Event: 28.060 GC heap after
Heap after GC invocations=13 (full 2):
 PSYoungGen      total 290816K, used 10728K [0x00000000d6500000, 0x00000000edf00000, 0x0000000100000000)
  eden space 280064K, 0% used [0x00000000d6500000,0x00000000d6500000,0x00000000e7680000)
  from space 10752K, 99% used [0x00000000e7680000,0x00000000e80fa040,0x00000000e8100000)
  to   space 14848K, 0% used [0x00000000ed080000,0x00000000ed080000,0x00000000edf00000)
 ParOldGen       total 81920K, used 22536K [0x0000000082e00000, 0x0000000087e00000, 0x00000000d6500000)
  object space 81920K, 27% used [0x0000000082e00000,0x0000000084402388,0x0000000087e00000)
 Metaspace       used 48325K, capacity 50042K, committed 50432K, reserved 1093632K
  class space    used 6257K, capacity 6577K, committed 6656K, reserved 1048576K
}
Event: 33.901 GC heap before
{Heap before GC invocations=14 (full 2):
 PSYoungGen      total 290816K, used 250968K [0x00000000d6500000, 0x00000000edf00000, 0x0000000100000000)
  eden space 280064K, 85% used [0x00000000d6500000,0x00000000e4f9c140,0x00000000e7680000)
  from space 10752K, 99% used [0x00000000e7680000,0x00000000e80fa040,0x00000000e8100000)
  to   space 14848K, 0% used [0x00000000ed080000,0x00000000ed080000,0x00000000edf00000)
 ParOldGen       total 81920K, used 22536K [0x0000000082e00000, 0x0000000087e00000, 0x00000000d6500000)
  object space 81920K, 27% used [0x0000000082e00000,0x0000000084402388,0x0000000087e00000)
 Metaspace       used 56810K, capacity 59014K, committed 59160K, reserved 1101824K
  class space    used 7303K, capacity 7689K, committed 7704K, reserved 1048576K
Event: 33.938 GC heap after
Heap after GC invocations=14 (full 2):
 PSYoungGen      total 366080K, used 10048K [0x00000000d6500000, 0x00000000edc00000, 0x0000000100000000)
  eden space 354304K, 0% used [0x00000000d6500000,0x00000000d6500000,0x00000000ebf00000)
  from space 11776K, 85% used [0x00000000ed080000,0x00000000eda50180,0x00000000edc00000)
  to   space 14848K, 0% used [0x00000000ebf00000,0x00000000ebf00000,0x00000000ecd80000)
 ParOldGen       total 81920K, used 32601K [0x0000000082e00000, 0x0000000087e00000, 0x00000000d6500000)
  object space 81920K, 39% used [0x0000000082e00000,0x0000000084dd6518,0x0000000087e00000)
 Metaspace       used 56810K, capacity 59014K, committed 59160K, reserved 1101824K
  class space    used 7303K, capacity 7689K, committed 7704K, reserved 1048576K
}
Event: 33.939 GC heap before
{Heap before GC invocations=15 (full 3):
 PSYoungGen      total 366080K, used 10048K [0x00000000d6500000, 0x00000000edc00000, 0x0000000100000000)
  eden space 354304K, 0% used [0x00000000d6500000,0x00000000d6500000,0x00000000ebf00000)
  from space 11776K, 85% used [0x00000000ed080000,0x00000000eda50180,0x00000000edc00000)
  to   space 14848K, 0% used [0x00000000ebf00000,0x00000000ebf00000,0x00000000ecd80000)
 ParOldGen       total 81920K, used 32601K [0x0000000082e00000, 0x0000000087e00000, 0x00000000d6500000)
  object space 81920K, 39% used [0x0000000082e00000,0x0000000084dd6518,0x0000000087e00000)
 Metaspace       used 56810K, capacity 59014K, committed 59160K, reserved 1101824K
  class space    used 7303K, capacity 7689K, committed 7704K, reserved 1048576K
Event: 34.259 GC heap after
Heap after GC invocations=15 (full 3):
 PSYoungGen      total 366080K, used 0K [0x00000000d6500000, 0x00000000edc00000, 0x0000000100000000)
  eden space 354304K, 0% used [0x00000000d6500000,0x00000000d6500000,0x00000000ebf00000)
  from space 11776K, 0% used [0x00000000ed080000,0x00000000ed080000,0x00000000edc00000)
  to   space 14848K, 0% used [0x00000000ebf00000,0x00000000ebf00000,0x00000000ecd80000)
 ParOldGen       total 125440K, used 29518K [0x0000000082e00000, 0x000000008a880000, 0x00000000d6500000)
  object space 125440K, 23% used [0x0000000082e00000,0x0000000084ad3880,0x000000008a880000)
 Metaspace       used 56810K, capacity 59014K, committed 59160K, reserved 1101824K
  class space    used 7303K, capacity 7689K, committed 7704K, reserved 1048576K
}

Deoptimization events (10 events):
Event: 34.371 Thread 0x000000001e762800 Uncommon trap: reason=unhandled action=none pc=0x0000000004145f14 method=java.net.URLClassLoader.findClass(Ljava/lang/String;)Ljava/lang/Class; @ 44
Event: 34.371 Thread 0x000000001e762800 Uncommon trap: reason=unhandled action=none pc=0x0000000004145f14 method=java.net.URLClassLoader.findClass(Ljava/lang/String;)Ljava/lang/Class; @ 44
Event: 34.372 Thread 0x000000001e762800 Uncommon trap: reason=unhandled action=none pc=0x0000000004145f14 method=java.net.URLClassLoader.findClass(Ljava/lang/String;)Ljava/lang/Class; @ 44
Event: 34.372 Thread 0x000000001e762800 Uncommon trap: reason=unhandled action=none pc=0x0000000004145f14 method=java.net.URLClassLoader.findClass(Ljava/lang/String;)Ljava/lang/Class; @ 44
Event: 34.373 Thread 0x000000001e762800 Uncommon trap: reason=unhandled action=none pc=0x0000000004145f14 method=java.net.URLClassLoader.findClass(Ljava/lang/String;)Ljava/lang/Class; @ 44
Event: 34.373 Thread 0x000000001e762800 Uncommon trap: reason=unhandled action=none pc=0x0000000004145f14 method=java.net.URLClassLoader.findClass(Ljava/lang/String;)Ljava/lang/Class; @ 44
Event: 34.373 Thread 0x000000001e762800 Uncommon trap: reason=unhandled action=none pc=0x0000000004145f14 method=java.net.URLClassLoader.findClass(Ljava/lang/String;)Ljava/lang/Class; @ 44
Event: 34.374 Thread 0x000000001e762800 Uncommon trap: reason=unhandled action=none pc=0x0000000004145f14 method=java.net.URLClassLoader.findClass(Ljava/lang/String;)Ljava/lang/Class; @ 44
Event: 34.374 Thread 0x000000001e762800 Uncommon trap: reason=unhandled action=none pc=0x0000000004145f14 method=java.net.URLClassLoader.findClass(Ljava/lang/String;)Ljava/lang/Class; @ 44
Event: 34.375 Thread 0x000000001e762800 Uncommon trap: reason=unhandled action=none pc=0x0000000004145f14 method=java.net.URLClassLoader.findClass(Ljava/lang/String;)Ljava/lang/Class; @ 44

Classes redefined (0 events):
No events

Internal exceptions (10 events):
Event: 33.603 Thread 0x000000001e762800 Exception <a 'java/lang/ArrayIndexOutOfBoundsException': 61> (0x00000000e43af1c0) thrown at [C:\re\workspace\8-2-build-windows-amd64-cygwin\jdk8u201\12322\hotspot\src\share\vm\interpreter\interpreterRuntime.cpp, line 368]
Event: 33.604 Thread 0x000000001e762800 Exception <a 'java/lang/ArrayIndexOutOfBoundsException': 104> (0x00000000e43b9788) thrown at [C:\re\workspace\8-2-build-windows-amd64-cygwin\jdk8u201\12322\hotspot\src\share\vm\interpreter\interpreterRuntime.cpp, line 368]
Event: 33.604 Thread 0x000000001e762800 Exception <a 'java/lang/ArrayIndexOutOfBoundsException': 102> (0x00000000e43c3e00) thrown at [C:\re\workspace\8-2-build-windows-amd64-cygwin\jdk8u201\12322\hotspot\src\share\vm\interpreter\interpreterRuntime.cpp, line 368]
Event: 33.610 Thread 0x000000001e762800 Exception <a 'java/lang/ArrayIndexOutOfBoundsException': 119> (0x00000000e44016f0) thrown at [C:\re\workspace\8-2-build-windows-amd64-cygwin\jdk8u201\12322\hotspot\src\share\vm\interpreter\interpreterRuntime.cpp, line 368]
Event: 33.634 Thread 0x000000001e762800 Exception <a 'java/lang/ArrayIndexOutOfBoundsException': 199> (0x00000000e457ff18) thrown at [C:\re\workspace\8-2-build-windows-amd64-cygwin\jdk8u201\12322\hotspot\src\share\vm\interpreter\interpreterRuntime.cpp, line 368]
Event: 33.673 Thread 0x000000001e762800 Exception <a 'java/lang/ArrayIndexOutOfBoundsException': 199> (0x00000000e47f0ee0) thrown at [C:\re\workspace\8-2-build-windows-amd64-cygwin\jdk8u201\12322\hotspot\src\share\vm\interpreter\interpreterRuntime.cpp, line 368]
Event: 33.738 Thread 0x000000001e762800 Exception <a 'java/lang/NoSuchMethodError': java.lang.Object.lambda$and$0(Ljava/util/function/Predicate;Ljava/lang/Object;)Z> (0x00000000e4a293b0) thrown at [C:\re\workspace\8-2-build-windows-amd64-cygwin\jdk8u201\12322\hotspot\src\share\vm\interpreter\li
Event: 33.807 Thread 0x000000001e762800 Exception <a 'java/lang/ArrayIndexOutOfBoundsException': 189> (0x00000000e4b995d0) thrown at [C:\re\workspace\8-2-build-windows-amd64-cygwin\jdk8u201\12322\hotspot\src\share\vm\interpreter\interpreterRuntime.cpp, line 368]
Event: 33.828 Thread 0x000000001e762800 Exception <a 'java/lang/ArrayIndexOutOfBoundsException': 138> (0x00000000e4c7d770) thrown at [C:\re\workspace\8-2-build-windows-amd64-cygwin\jdk8u201\12322\hotspot\src\share\vm\interpreter\interpreterRuntime.cpp, line 368]
Event: 33.830 Thread 0x000000001e762800 Exception <a 'java/lang/ArrayIndexOutOfBoundsException': 102> (0x00000000e4c86f38) thrown at [C:\re\workspace\8-2-build-windows-amd64-cygwin\jdk8u201\12322\hotspot\src\share\vm\interpreter\interpreterRuntime.cpp, line 368]

Events (10 events):
Event: 34.374 Thread 0x000000001e762800 DEOPT UNPACKING pc=0x00000000037d7890 sp=0x0000000022af96c0 mode 1
Event: 34.374 Thread 0x000000001e762800 DEOPT PACKING pc=0x000000000497e7e4 sp=0x0000000022af99f0
Event: 34.374 Thread 0x000000001e762800 DEOPT UNPACKING pc=0x00000000037d7890 sp=0x0000000022af97b8 mode 1
Event: 34.375 Thread 0x000000001e762800 Uncommon trap: trap_request=0xffffffa7 fr.pc=0x0000000004145f14
Event: 34.375 Thread 0x000000001e762800 DEOPT PACKING pc=0x0000000004145f14 sp=0x0000000022af9950
Event: 34.375 Thread 0x000000001e762800 DEOPT UNPACKING pc=0x00000000037d583b sp=0x0000000022af98e8 mode 2
Event: 34.375 Thread 0x000000001e762800 DEOPT PACKING pc=0x000000000425c02c sp=0x0000000022af9990
Event: 34.375 Thread 0x000000001e762800 DEOPT UNPACKING pc=0x00000000037d7890 sp=0x0000000022af96c0 mode 1
Event: 34.375 Thread 0x000000001e762800 DEOPT PACKING pc=0x000000000497e7e4 sp=0x0000000022af99f0
Event: 34.375 Thread 0x000000001e762800 DEOPT UNPACKING pc=0x00000000037d7890 sp=0x0000000022af97b8 mode 1


Dynamic libraries:
0x00007ff7f6f80000 - 0x00007ff7f6fb7000 	D:\Software\base\java\jdk1.8.0_201\bin\javaw.exe
0x00007ffd64730000 - 0x00007ffd64925000 	C:\WINDOWS\SYSTEM32\ntdll.dll
0x00007ffd62bf0000 - 0x00007ffd62cad000 	C:\WINDOWS\System32\KERNEL32.DLL
0x00007ffd622e0000 - 0x00007ffd625a8000 	C:\WINDOWS\System32\KERNELBASE.dll
0x00007ffd62ee0000 - 0x00007ffd62f8c000 	C:\WINDOWS\System32\ADVAPI32.dll
0x00007ffd63fe0000 - 0x00007ffd6407e000 	C:\WINDOWS\System32\msvcrt.dll
0x00007ffd62b50000 - 0x00007ffd62beb000 	C:\WINDOWS\System32\sechost.dll
0x00007ffd627f0000 - 0x00007ffd6291b000 	C:\WINDOWS\System32\RPCRT4.dll
0x00007ffd64240000 - 0x00007ffd643e0000 	C:\WINDOWS\System32\USER32.dll
0x00007ffd61fa0000 - 0x00007ffd61fc2000 	C:\WINDOWS\System32\win32u.dll
0x00007ffd627c0000 - 0x00007ffd627ea000 	C:\WINDOWS\System32\GDI32.dll
0x00007ffd620d0000 - 0x00007ffd621db000 	C:\WINDOWS\System32\gdi32full.dll
0x00007ffd61fd0000 - 0x00007ffd6206d000 	C:\WINDOWS\System32\msvcp_win.dll
0x00007ffd61e70000 - 0x00007ffd61f70000 	C:\WINDOWS\System32\ucrtbase.dll
0x00007ffd575f0000 - 0x00007ffd5788a000 	C:\WINDOWS\WinSxS\amd64_microsoft.windows.common-controls_6595b64144ccf1df_6.0.19041.844_none_ca00b6081b84eb1d\COMCTL32.dll
0x00007ffd62790000 - 0x00007ffd627c0000 	C:\WINDOWS\System32\IMM32.DLL
0x0000000070260000 - 0x0000000070331000 	D:\Software\base\java\jdk1.8.0_201\jre\bin\msvcr100.dll
0x000000006d540000 - 0x000000006dde4000 	D:\Software\base\java\jdk1.8.0_201\jre\bin\server\jvm.dll
0x00007ffd62cb0000 - 0x00007ffd62cb8000 	C:\WINDOWS\System32\PSAPI.DLL
0x00007ffd482a0000 - 0x00007ffd482a9000 	C:\WINDOWS\SYSTEM32\WSOCK32.dll
0x00007ffd62e70000 - 0x00007ffd62edb000 	C:\WINDOWS\System32\WS2_32.dll
0x00007ffd5c830000 - 0x00007ffd5c857000 	C:\WINDOWS\SYSTEM32\WINMM.dll
0x00007ffd5ad60000 - 0x00007ffd5ad6a000 	C:\WINDOWS\SYSTEM32\VERSION.dll
0x00007ffd5a680000 - 0x00007ffd5a68f000 	D:\Software\base\java\jdk1.8.0_201\jre\bin\verify.dll
0x00007ffd43ac0000 - 0x00007ffd43ae9000 	D:\Software\base\java\jdk1.8.0_201\jre\bin\java.dll
0x00007ffd3a6b0000 - 0x00007ffd3a6e5000 	D:\Software\base\java\jdk1.8.0_201\jre\bin\jdwp.dll
0x00007ffd43c10000 - 0x00007ffd43c18000 	D:\Software\base\java\jdk1.8.0_201\jre\bin\npt.dll
0x00007ffd3c650000 - 0x00007ffd3c673000 	D:\Software\base\java\jdk1.8.0_201\jre\bin\instrument.dll
0x00007ffd4de30000 - 0x00007ffd4de46000 	D:\Software\base\java\jdk1.8.0_201\jre\bin\zip.dll
0x00007ffd63460000 - 0x00007ffd63ba2000 	C:\WINDOWS\System32\SHELL32.dll
0x00007ffd5fd30000 - 0x00007ffd604c1000 	C:\WINDOWS\SYSTEM32\windows.storage.dll
0x00007ffd63bb0000 - 0x00007ffd63f05000 	C:\WINDOWS\System32\combase.dll
0x00007ffd618e0000 - 0x00007ffd6190c000 	C:\WINDOWS\SYSTEM32\Wldp.dll
0x00007ffd62aa0000 - 0x00007ffd62b4e000 	C:\WINDOWS\System32\SHCORE.dll
0x00007ffd64560000 - 0x00007ffd645b5000 	C:\WINDOWS\System32\shlwapi.dll
0x00007ffd61db0000 - 0x00007ffd61dcf000 	C:\WINDOWS\SYSTEM32\profapi.dll
0x00007ffd43ab0000 - 0x00007ffd43ab9000 	D:\Software\base\java\jdk1.8.0_201\jre\bin\dt_socket.dll
0x00007ffd44210000 - 0x00007ffd44227000 	C:\WINDOWS\system32\napinsp.dll
0x00007ffd440d0000 - 0x00007ffd440eb000 	C:\WINDOWS\system32\pnrpnsp.dll
0x00007ffd5cf00000 - 0x00007ffd5cf15000 	C:\WINDOWS\system32\wshbth.dll
0x00007ffd5a520000 - 0x00007ffd5a53d000 	C:\WINDOWS\system32\NLAapi.dll
0x00007ffd612f0000 - 0x00007ffd6132b000 	C:\WINDOWS\SYSTEM32\IPHLPAPI.DLL
0x00007ffd61650000 - 0x00007ffd616ba000 	C:\WINDOWS\System32\mswsock.dll
0x00007ffd61340000 - 0x00007ffd6140c000 	C:\WINDOWS\SYSTEM32\DNSAPI.dll
0x00007ffd64550000 - 0x00007ffd64558000 	C:\WINDOWS\System32\NSI.dll
0x00007ffd440b0000 - 0x00007ffd440c2000 	C:\WINDOWS\System32\winrnr.dll
0x00007ffd56550000 - 0x00007ffd565cf000 	C:\WINDOWS\System32\fwpuclnt.dll
0x00007ffd61f70000 - 0x00007ffd61f97000 	C:\WINDOWS\System32\bcrypt.dll
0x00007ffd57470000 - 0x00007ffd5747a000 	C:\Windows\System32\rasadhlp.dll
0x00007ffd43e10000 - 0x00007ffd43e2a000 	D:\Software\base\java\jdk1.8.0_201\jre\bin\net.dll
0x00007ffd59f90000 - 0x00007ffd5a17e000 	C:\WINDOWS\SYSTEM32\urlmon.dll
0x00007ffd5aab0000 - 0x00007ffd5ad60000 	C:\WINDOWS\SYSTEM32\iertutil.dll
0x00007ffd5a330000 - 0x00007ffd5a33d000 	D:\Software\base\java\jdk1.8.0_201\jre\bin\management.dll
0x00007ffd43df0000 - 0x00007ffd43e01000 	D:\Software\base\java\jdk1.8.0_201\jre\bin\nio.dll
0x00007ffd61820000 - 0x00007ffd61838000 	C:\WINDOWS\SYSTEM32\CRYPTSP.dll
0x00007ffd60f80000 - 0x00007ffd60fb4000 	C:\WINDOWS\system32\rsaenh.dll
0x00007ffd61d70000 - 0x00007ffd61d9e000 	C:\WINDOWS\SYSTEM32\USERENV.dll
0x00007ffd62710000 - 0x00007ffd62790000 	C:\WINDOWS\System32\bcryptprimitives.dll
0x00007ffd61840000 - 0x00007ffd6184c000 	C:\WINDOWS\SYSTEM32\CRYPTBASE.dll
0x00007ffd59120000 - 0x00007ffd59137000 	C:\WINDOWS\SYSTEM32\dhcpcsvc6.DLL
0x00007ffd59100000 - 0x00007ffd5911d000 	C:\WINDOWS\SYSTEM32\dhcpcsvc.DLL
0x00007ffd5c710000 - 0x00007ffd5c734000 	D:\Software\base\java\jdk1.8.0_201\jre\bin\sunec.dll
0x0000000180000000 - 0x0000000180281000 	D:\Debug\server\apache-tomcat-9.0.19\bin\tcnative-1.dll
0x00007ffd625b0000 - 0x00007ffd6270f000 	C:\WINDOWS\System32\CRYPT32.dll

VM Arguments:
jvm_args: -agentlib:jdwp=transport=dt_socket,suspend=y,address=localhost:65310 -javaagent:D:\Debug\Tools\eclipse\eclipse\configuration\org.eclipse.osgi\409\0\.cp\lib\javaagent-shaded.jar -Dfile.encoding=UTF-8 
java_command: com.itour.OnlienApp
java_class_path (initial): D:\Debug\gitStore\itour\itour-parent\itour-online-web\target\classes;D:\Cache\.m2\repository\com\ibeetl\beetl-framework-starter\1.2.19.RELEASE\beetl-framework-starter-1.2.19.RELEASE.jar;D:\Cache\.m2\repository\com\ibeetl\beetl\3.0.15.RELEASE\beetl-3.0.15.RELEASE.jar;D:\Cache\.m2\repository\org\antlr\antlr4-runtime\4.7.2\antlr4-runtime-4.7.2.jar;D:\Cache\.m2\repository\org\ow2\asm\asm\5.2\asm-5.2.jar;D:\Cache\.m2\repository\org\ow2\asm\asm-commons\5.2\asm-commons-5.2.jar;D:\Cache\.m2\repository\org\ow2\asm\asm-tree\5.2\asm-tree-5.2.jar;D:\Cache\.m2\repository\com\ibeetl\beetlsql\2.12.17.RELEASE\beetlsql-2.12.17.RELEASE.jar;D:\Debug\gitStore\itour\itour-parent\itour-common\target\classes;D:\Cache\.m2\repository\com\baomidou\mybatis-plus-generator\3.3.0\mybatis-plus-generator-3.3.0.jar;D:\Cache\.m2\repository\com\baomidou\mybatis-plus-extension\3.3.0\mybatis-plus-extension-3.3.0.jar;D:\Cache\.m2\repository\com\baomidou\mybatis-plus-core\3.3.0\mybatis-plus-core-3.3.0.jar;D:\Cache\.m2\repository\com\baomidou\mybatis-plus-annotation\3.3.0\mybatis-plus-annotation-3.3.0.jar;D:\Cache\.m2\repository\org\mybatis\mybatis\3.5.3\mybatis-3.5.3.jar;D:\Cache\.m2\repository\org\mybatis\mybatis-spring\2.0.3\mybatis-spring-2.0.3.jar;D:\Cache\.m2\repository\org\apache\httpcomponents\httpclient\4.5.12\httpclient-4.5.12.jar;D:\Cache\.m2\repository\org\apache\httpcomponents\httpcore\4.4.14\httpcore-4.4.14.jar;D:\Cache\.m2\repository\commons-codec\commons-codec\1.13\commons-codec-1.13.jar;D:\Cache\.m2\repository\org\apache\httpcomponents\httpmime\4.5.12\httpmime-4.5.12.jar;D:\Cache\.m2\repository\org\im4java\im4java\1.4.0\im4java-1.4.0.jar;D:\Cache\.m2\repository\org\bytedeco\javacpp-presets\opencv\4.0.1-1.4.4\opencv-4.0.1-1.4.4.jar;D:\Cache\.m2\repository\org\bytedeco\javacpp\1.4.4\javacpp-1.4.4.jar;D:\Cache\.m2\repository\net\coobird\thumbnailator\0.4.11\thumbnailator-0.4.11.jar;D:\Debug\gitStore\itour\itour-parent\itour-account-api\target\classes;D:\Debug\git
Launcher Type: SUN_STANDARD

Environment Variables:
JAVA_HOME=D:\Software\base\java\jdk1.8.0_201
CLASSPATH=.;D:\Software\base\java\jdk1.8.0_201
PATH=D:\Software\base\java\jdk1.8.0_201\jre\bin;D:/Software/base/java/jre1.8.0_201/bin/server;D:/Software/base/java/jre1.8.0_201/bin;D:/Software/base/java/jre1.8.0_201/lib/amd64;D:\Software\db\oracle\product\12.2.0\dbhome_1\bin;C:\Program Files (x86)\Common Files\Oracle\Java\javapath;C:\Program Files (x86)\Intel\iCLS Client\;C:\Program Files\Intel\iCLS Client\;C:\Windows\system32;C:\Windows;C:\Windows\System32\Wbem;C:\Windows\System32\WindowsPowerShell\v1.0\;C:\Program Files (x86)\Intel\Intel(R) Management Engine Components\DAL;C:\Program Files\Intel\Intel(R) Management Engine Components\DAL;C:\Program Files (x86)\Intel\Intel(R) Management Engine Components\IPT;C:\Program Files\Intel\Intel(R) Management Engine Components\IPT;C:\Program Files (x86)\NVIDIA Corporation\PhysX\Common;C:\WINDOWS\system32;C:\WINDOWS;C:\WINDOWS\System32\Wbem;C:\WINDOWS\System32\WindowsPowerShell\v1.0\;C:\WINDOWS\System32\OpenSSH\;D:\Software\base\java\jdk1.8.0_201\bin;D:\Debug\Tools\apache-maven-3.6.1\bin;D:\Software\work\Git\cmd;D:\Debug\server\apache-tomcat-9.0.19\bin;C:\Users\wwang\AppData\Local\Microsoft\WindowsApps;C:\Users\wwang\AppData\Local\BypassRuntm;C:\Users\wwang\AppData\Local\Microsoft\WindowsApps;;C:\Users\wwang\Desktop;
USERNAME=wwang
OS=Windows_NT
PROCESSOR_IDENTIFIER=Intel64 Family 6 Model 142 Stepping 9, GenuineIntel



---------------  S Y S T E M  ---------------

OS: Windows 10.0 , 64 bit Build 19041 (10.0.19041.928)

CPU:total 4 (initial active 4) (2 cores per cpu, 2 threads per core) family 6 model 142 stepping 9, cmov, cx8, fxsr, mmx, sse, sse2, sse3, ssse3, sse4.1, sse4.2, popcnt, avx, avx2, aes, clmul, erms, 3dnowpref, lzcnt, ht, tsc, tscinvbit, bmi1, bmi2, adx

Memory: 4k page, physical 8193548k(387324k free), swap 21300744k(2392k free)

vm_info: Java HotSpot(TM) 64-Bit Server VM (25.201-b09) for windows-amd64 JRE (1.8.0_201-b09), built on Dec 15 2018 18:36:39 by "java_re" with MS VC++ 10.0 (VS2010)

time: Sun May 02 07:56:03 2021
timezone: 中国标准时间
elapsed time: 34 seconds (0d 0h 0m 34s)

