#
# There is insufficient memory for the Java Runtime Environment to continue.
# Native memory allocation (malloc) failed to allocate 32744 bytes for ChunkPool::allocate
# Possible reasons:
#   The system is out of physical RAM or swap space
#   The process is running with CompressedOops enabled, and the Java Heap may be blocking the growth of the native heap
# Possible solutions:
#   Reduce memory load on the system
#   Increase physical memory or swap space
#   Check if swap backing store is full
#   Decrease Java heap size (-Xmx/-Xms)
#   Decrease number of Java threads
#   Decrease Java thread stack sizes (-Xss)
#   Set larger code cache with -XX:ReservedCodeCacheSize=
#   JVM is running with Unscaled Compressed Oops mode in which the Java heap is
#     placed in the first 4GB address space. The Java Heap base address is the
#     maximum limit for the native heap growth. Please use -XX:HeapBaseMinAddress
#     to set the Java Heap base and to place the Java Heap above 4GB virtual address.
# This output file may be truncated or incomplete.
#
#  Out of Memory Error (allocation.cpp:273), pid=3556, tid=0x0000000000004998
#
# JRE version: Java(TM) SE Runtime Environment (8.0_201-b09) (build 1.8.0_201-b09)
# Java VM: Java HotSpot(TM) 64-Bit Server VM (25.201-b09 mixed mode windows-amd64 compressed oops)
# Failed to write core dump. Minidumps are not enabled by default on client versions of Windows
#

---------------  T H R E A D  ---------------

Current thread (0x000000001a1cb800):  JavaThread "C2 CompilerThread1" daemon [_thread_in_native, id=18840, stack(0x000000001a430000,0x000000001a530000)]

Stack: [0x000000001a430000,0x000000001a530000]
[error occurred during error reporting (printing stack bounds), id 0xc0000005]

Native frames: (J=compiled Java code, j=interpreted, Vv=VM code, C=native code)


Current CompileTask:
C2:  70060 4697       4       org.springframework.boot.context.properties.source.ConfigurationPropertyState::search (56 bytes)


---------------  P R O C E S S  ---------------

Java Threads: ( => current thread )
  0x0000000023411800 JavaThread "logback-5" daemon [_thread_blocked, id=3128, stack(0x0000000002ff0000,0x00000000030f0000)]
  0x0000000023413000 JavaThread "logback-4" daemon [_thread_blocked, id=17088, stack(0x000000001cd50000,0x000000001ce50000)]
  0x0000000023415800 JavaThread "logback-3" daemon [_thread_blocked, id=18968, stack(0x0000000023a60000,0x0000000023b60000)]
  0x0000000021992800 JavaThread "restartedMain" [_thread_in_native, id=11840, stack(0x000000001cc50000,0x000000001cd50000)]
  0x0000000021a4e000 JavaThread "Thread-0" [_thread_blocked, id=12808, stack(0x000000001cb50000,0x000000001cc50000)]
  0x000000001a180000 JavaThread "Service Thread" daemon [_thread_blocked, id=2924, stack(0x000000001a630000,0x000000001a730000)]
  0x000000001a1cc800 JavaThread "C1 CompilerThread2" daemon [_thread_blocked, id=10392, stack(0x000000001a530000,0x000000001a630000)]
=>0x000000001a1cb800 JavaThread "C2 CompilerThread1" daemon [_thread_in_native, id=18840, stack(0x000000001a430000,0x000000001a530000)]
  0x000000001a16a000 JavaThread "C2 CompilerThread0" daemon [_thread_in_native, id=17728, stack(0x000000001a330000,0x000000001a430000)]
  0x0000000017ea8800 JavaThread "JDWP Command Reader" daemon [_thread_in_native, id=13356, stack(0x0000000019a30000,0x0000000019b30000)]
  0x0000000017ea5000 JavaThread "JDWP Event Helper Thread" daemon [_thread_blocked, id=17796, stack(0x0000000019930000,0x0000000019a30000)]
  0x0000000017ea2800 JavaThread "JDWP Transport Listener: dt_socket" daemon [_thread_blocked, id=14744, stack(0x0000000019830000,0x0000000019930000)]
  0x0000000019273800 JavaThread "Attach Listener" daemon [_thread_blocked, id=17664, stack(0x0000000019730000,0x0000000019830000)]
  0x0000000017e7b000 JavaThread "Signal Dispatcher" daemon [_thread_blocked, id=8716, stack(0x0000000019630000,0x0000000019730000)]
  0x0000000017e52000 JavaThread "Finalizer" daemon [_thread_blocked, id=9596, stack(0x00000000190d0000,0x00000000191d0000)]
  0x0000000017e49800 JavaThread "Reference Handler" daemon [_thread_blocked, id=1320, stack(0x0000000018fd0000,0x00000000190d0000)]
  0x00000000031f9800 JavaThread "main" [_thread_blocked, id=7776, stack(0x00000000030f0000,0x00000000031f0000)]

Other Threads:
  0x0000000017e27800 VMThread [stack: 0x0000000018ed0000,0x0000000018fd0000] [id=6224]
  0x000000001a28d800 WatcherThread [stack: 0x000000001b700000,0x000000001b800000] [id=16160]

VM state:not at safepoint (normal execution)

VM Mutex/Monitor currently owned by a thread: None

heap address: 0x0000000082e00000, size: 2002 MB, Compressed Oops mode: 32-bit
Narrow klass base: 0x0000000000000000, Narrow klass shift: 3
Compressed class space size: 1073741824 Address: 0x0000000100000000

Heap:
 PSYoungGen      total 351744K, used 182239K [0x00000000d6500000, 0x00000000ef280000, 0x0000000100000000)
  eden space 340992K, 53% used [0x00000000d6500000,0x00000000e16f7c10,0x00000000eb200000)
  from space 10752K, 0% used [0x00000000ebc80000,0x00000000ebc80000,0x00000000ec700000)
  to   space 10752K, 0% used [0x00000000eb200000,0x00000000eb200000,0x00000000ebc80000)
 ParOldGen       total 71168K, used 15097K [0x0000000082e00000, 0x0000000087380000, 0x00000000d6500000)
  object space 71168K, 21% used [0x0000000082e00000,0x0000000083cbe570,0x0000000087380000)
 Metaspace       used 39864K, capacity 41360K, committed 41472K, reserved 1085440K
  class space    used 5022K, capacity 5318K, committed 5376K, reserved 1048576K

Card table byte_map: [0x00000000127b0000,0x0000000012ba0000] byte_map_base: 0x0000000012399000

Marking Bits: (ParMarkBitMap*) 0x0000000051d44ce0
 Begin Bits: [0x0000000013240000, 0x0000000015188000)
 End Bits:   [0x0000000015188000, 0x00000000170d0000)

Polling page: 0x0000000000bf0000

CodeCache: size=245760Kb used=17184Kb max_used=17847Kb free=228575Kb
 bounds [0x00000000033f0000, 0x0000000004580000, 0x00000000123f0000]
 total_blobs=4583 nmethods=4162 adapters=340
 compilation: enabled

Compilation events (10 events):
Event: 70.006 Thread 0x000000001a1cc800 4750       1       org.springframework.web.context.support.ServletContextAwareProcessor::getServletConfig (5 bytes)
Event: 70.007 Thread 0x000000001a1cc800 nmethod 4750 0x00000000036a3350 code [0x00000000036a34a0, 0x00000000036a35b0]
Event: 70.010 Thread 0x000000001a1cc800 4751       3       org.springframework.core.convert.support.GenericConversionService$Converters::addInterfacesToClassHierarchy (51 bytes)
Event: 70.011 Thread 0x000000001a1cc800 nmethod 4751 0x0000000003b9b6d0 code [0x0000000003b9b8a0, 0x0000000003b9c068]
Event: 70.043 Thread 0x000000001a1cc800 4752       3       org.springframework.core.convert.support.GenericConversionService$ConverterCacheKey::hashCode (19 bytes)
Event: 70.043 Thread 0x000000001a1cc800 nmethod 4752 0x000000000379dd10 code [0x000000000379dea0, 0x000000000379e478]
Event: 70.044 Thread 0x000000001a1cc800 4753   !   3       org.springframework.core.SerializableTypeWrapper$TypeProxyInvocationHandler::invoke (239 bytes)
Event: 70.046 Thread 0x000000001a1cc800 nmethod 4753 0x0000000003e8b150 code [0x0000000003e8b4c0, 0x0000000003e8d3f8]
Event: 70.047 Thread 0x000000001a1cc800 4754       1       com.fasterxml.jackson.databind.DeserializationFeature::enabledByDefault (5 bytes)
Event: 70.047 Thread 0x000000001a1cc800 nmethod 4754 0x0000000003db9c50 code [0x0000000003db9da0, 0x0000000003db9eb0]

GC Heap History (10 events):
Event: 31.929 GC heap before
{Heap before GC invocations=8 (full 1):
 PSYoungGen      total 140288K, used 6244K [0x00000000d6500000, 0x00000000e7600000, 0x0000000100000000)
  eden space 130560K, 0% used [0x00000000d6500000,0x00000000d6500000,0x00000000de480000)
  from space 9728K, 64% used [0x00000000de480000,0x00000000dea993d8,0x00000000dee00000)
  to   space 9216K, 0% used [0x00000000e6d00000,0x00000000e6d00000,0x00000000e7600000)
 ParOldGen       total 86016K, used 8022K [0x0000000082e00000, 0x0000000088200000, 0x00000000d6500000)
  object space 86016K, 9% used [0x0000000082e00000,0x00000000835d5840,0x0000000088200000)
 Metaspace       used 20686K, capacity 21192K, committed 21296K, reserved 1069056K
  class space    used 2507K, capacity 2651K, committed 2688K, reserved 1048576K
Event: 32.057 GC heap after
Heap after GC invocations=8 (full 1):
 PSYoungGen      total 140288K, used 0K [0x00000000d6500000, 0x00000000e7600000, 0x0000000100000000)
  eden space 130560K, 0% used [0x00000000d6500000,0x00000000d6500000,0x00000000de480000)
  from space 9728K, 0% used [0x00000000de480000,0x00000000de480000,0x00000000dee00000)
  to   space 9216K, 0% used [0x00000000e6d00000,0x00000000e6d00000,0x00000000e7600000)
 ParOldGen       total 49664K, used 7245K [0x0000000082e00000, 0x0000000085e80000, 0x00000000d6500000)
  object space 49664K, 14% used [0x0000000082e00000,0x00000000835134e0,0x0000000085e80000)
 Metaspace       used 20685K, capacity 21186K, committed 21296K, reserved 1069056K
  class space    used 2506K, capacity 2650K, committed 2688K, reserved 1048576K
}
Event: 44.985 GC heap before
{Heap before GC invocations=9 (full 1):
 PSYoungGen      total 140288K, used 130560K [0x00000000d6500000, 0x00000000e7600000, 0x0000000100000000)
  eden space 130560K, 100% used [0x00000000d6500000,0x00000000de480000,0x00000000de480000)
  from space 9728K, 0% used [0x00000000de480000,0x00000000de480000,0x00000000dee00000)
  to   space 9216K, 0% used [0x00000000e6d00000,0x00000000e6d00000,0x00000000e7600000)
 ParOldGen       total 49664K, used 7245K [0x0000000082e00000, 0x0000000085e80000, 0x00000000d6500000)
  object space 49664K, 14% used [0x0000000082e00000,0x00000000835134e0,0x0000000085e80000)
 Metaspace       used 27024K, capacity 27914K, committed 28288K, reserved 1073152K
  class space    used 3387K, capacity 3592K, committed 3712K, reserved 1048576K
Event: 45.002 GC heap after
Heap after GC invocations=9 (full 1):
 PSYoungGen      total 240128K, used 6579K [0x00000000d6500000, 0x00000000e7380000, 0x0000000100000000)
  eden space 233472K, 0% used [0x00000000d6500000,0x00000000d6500000,0x00000000e4900000)
  from space 6656K, 98% used [0x00000000e6d00000,0x00000000e736cc50,0x00000000e7380000)
  to   space 9216K, 0% used [0x00000000e6180000,0x00000000e6180000,0x00000000e6a80000)
 ParOldGen       total 49664K, used 7317K [0x0000000082e00000, 0x0000000085e80000, 0x00000000d6500000)
  object space 49664K, 14% used [0x0000000082e00000,0x00000000835254f0,0x0000000085e80000)
 Metaspace       used 27024K, capacity 27914K, committed 28288K, reserved 1073152K
  class space    used 3387K, capacity 3592K, committed 3712K, reserved 1048576K
}
Event: 49.918 GC heap before
{Heap before GC invocations=10 (full 1):
 PSYoungGen      total 240128K, used 240051K [0x00000000d6500000, 0x00000000e7380000, 0x0000000100000000)
  eden space 233472K, 100% used [0x00000000d6500000,0x00000000e4900000,0x00000000e4900000)
  from space 6656K, 98% used [0x00000000e6d00000,0x00000000e736cc50,0x00000000e7380000)
  to   space 9216K, 0% used [0x00000000e6180000,0x00000000e6180000,0x00000000e6a80000)
 ParOldGen       total 49664K, used 7317K [0x0000000082e00000, 0x0000000085e80000, 0x00000000d6500000)
  object space 49664K, 14% used [0x0000000082e00000,0x00000000835254f0,0x0000000085e80000)
 Metaspace       used 31505K, capacity 32636K, committed 32896K, reserved 1077248K
  class space    used 3904K, capacity 4168K, committed 4224K, reserved 1048576K
Event: 49.962 GC heap after
Heap after GC invocations=10 (full 1):
 PSYoungGen      total 267776K, used 9198K [0x00000000d6500000, 0x00000000ec700000, 0x0000000100000000)
  eden space 258560K, 0% used [0x00000000d6500000,0x00000000d6500000,0x00000000e6180000)
  from space 9216K, 99% used [0x00000000e6180000,0x00000000e6a7b950,0x00000000e6a80000)
  to   space 10752K, 0% used [0x00000000ebc80000,0x00000000ebc80000,0x00000000ec700000)
 ParOldGen       total 49664K, used 8796K [0x0000000082e00000, 0x0000000085e80000, 0x00000000d6500000)
  object space 49664K, 17% used [0x0000000082e00000,0x0000000083697308,0x0000000085e80000)
 Metaspace       used 31505K, capacity 32636K, committed 32896K, reserved 1077248K
  class space    used 3904K, capacity 4168K, committed 4224K, reserved 1048576K
}
Event: 54.435 GC heap before
{Heap before GC invocations=11 (full 1):
 PSYoungGen      total 267776K, used 155119K [0x00000000d6500000, 0x00000000ec700000, 0x0000000100000000)
  eden space 258560K, 56% used [0x00000000d6500000,0x00000000df3805d8,0x00000000e6180000)
  from space 9216K, 99% used [0x00000000e6180000,0x00000000e6a7b950,0x00000000e6a80000)
  to   space 10752K, 0% used [0x00000000ebc80000,0x00000000ebc80000,0x00000000ec700000)
 ParOldGen       total 49664K, used 8796K [0x0000000082e00000, 0x0000000085e80000, 0x00000000d6500000)
  object space 49664K, 17% used [0x0000000082e00000,0x0000000083697308,0x0000000085e80000)
 Metaspace       used 34127K, capacity 35438K, committed 35496K, reserved 1081344K
  class space    used 4280K, capacity 4565K, committed 4608K, reserved 1048576K
Event: 54.583 GC heap after
Heap after GC invocations=11 (full 1):
 PSYoungGen      total 351744K, used 8536K [0x00000000d6500000, 0x00000000ef280000, 0x0000000100000000)
  eden space 340992K, 0% used [0x00000000d6500000,0x00000000d6500000,0x00000000eb200000)
  from space 10752K, 79% used [0x00000000ebc80000,0x00000000ec4d6278,0x00000000ec700000)
  to   space 10752K, 0% used [0x00000000eb200000,0x00000000eb200000,0x00000000ebc80000)
 ParOldGen       total 49664K, used 10877K [0x0000000082e00000, 0x0000000085e80000, 0x00000000d6500000)
  object space 49664K, 21% used [0x0000000082e00000,0x000000008389f6b0,0x0000000085e80000)
 Metaspace       used 34127K, capacity 35438K, committed 35496K, reserved 1081344K
  class space    used 4280K, capacity 4565K, committed 4608K, reserved 1048576K
}
Event: 54.583 GC heap before
{Heap before GC invocations=12 (full 2):
 PSYoungGen      total 351744K, used 8536K [0x00000000d6500000, 0x00000000ef280000, 0x0000000100000000)
  eden space 340992K, 0% used [0x00000000d6500000,0x00000000d6500000,0x00000000eb200000)
  from space 10752K, 79% used [0x00000000ebc80000,0x00000000ec4d6278,0x00000000ec700000)
  to   space 10752K, 0% used [0x00000000eb200000,0x00000000eb200000,0x00000000ebc80000)
 ParOldGen       total 49664K, used 10877K [0x0000000082e00000, 0x0000000085e80000, 0x00000000d6500000)
  object space 49664K, 21% used [0x0000000082e00000,0x000000008389f6b0,0x0000000085e80000)
 Metaspace       used 34127K, capacity 35438K, committed 35496K, reserved 1081344K
  class space    used 4280K, capacity 4565K, committed 4608K, reserved 1048576K
Event: 54.919 GC heap after
Heap after GC invocations=12 (full 2):
 PSYoungGen      total 351744K, used 0K [0x00000000d6500000, 0x00000000ef280000, 0x0000000100000000)
  eden space 340992K, 0% used [0x00000000d6500000,0x00000000d6500000,0x00000000eb200000)
  from space 10752K, 0% used [0x00000000ebc80000,0x00000000ebc80000,0x00000000ec700000)
  to   space 10752K, 0% used [0x00000000eb200000,0x00000000eb200000,0x00000000ebc80000)
 ParOldGen       total 71168K, used 15097K [0x0000000082e00000, 0x0000000087380000, 0x00000000d6500000)
  object space 71168K, 21% used [0x0000000082e00000,0x0000000083cbe570,0x0000000087380000)
 Metaspace       used 34127K, capacity 35438K, committed 35496K, reserved 1081344K
  class space    used 4280K, capacity 4565K, committed 4608K, reserved 1048576K
}

Deoptimization events (10 events):
Event: 69.997 Thread 0x0000000021992800 Uncommon trap: reason=unhandled action=none pc=0x0000000003bd3e70 method=java.net.URLClassLoader.findClass(Ljava/lang/String;)Ljava/lang/Class; @ 44
Event: 69.999 Thread 0x0000000021992800 Uncommon trap: reason=unhandled action=none pc=0x0000000003bd3e70 method=java.net.URLClassLoader.findClass(Ljava/lang/String;)Ljava/lang/Class; @ 44
Event: 70.011 Thread 0x0000000021992800 Uncommon trap: reason=unhandled action=none pc=0x0000000003bd3e70 method=java.net.URLClassLoader.findClass(Ljava/lang/String;)Ljava/lang/Class; @ 44
Event: 70.011 Thread 0x0000000021992800 Uncommon trap: reason=unhandled action=none pc=0x0000000003bd3e70 method=java.net.URLClassLoader.findClass(Ljava/lang/String;)Ljava/lang/Class; @ 44
Event: 70.039 Thread 0x0000000021992800 Uncommon trap: reason=unhandled action=none pc=0x0000000003bd3e70 method=java.net.URLClassLoader.findClass(Ljava/lang/String;)Ljava/lang/Class; @ 44
Event: 70.050 Thread 0x0000000021992800 Uncommon trap: reason=unhandled action=none pc=0x0000000003bd3e70 method=java.net.URLClassLoader.findClass(Ljava/lang/String;)Ljava/lang/Class; @ 44
Event: 70.050 Thread 0x0000000021992800 Uncommon trap: reason=unhandled action=none pc=0x0000000003dd9d94 method=java.net.URLClassLoader.findClass(Ljava/lang/String;)Ljava/lang/Class; @ 44
Event: 70.050 Thread 0x0000000021992800 Uncommon trap: reason=unhandled action=none pc=0x0000000003bd3e70 method=java.net.URLClassLoader.findClass(Ljava/lang/String;)Ljava/lang/Class; @ 44
Event: 70.051 Thread 0x0000000021992800 Uncommon trap: reason=unhandled action=none pc=0x0000000003dd9d94 method=java.net.URLClassLoader.findClass(Ljava/lang/String;)Ljava/lang/Class; @ 44
Event: 70.052 Thread 0x0000000021992800 Uncommon trap: reason=unhandled action=none pc=0x0000000003bd3e70 method=java.net.URLClassLoader.findClass(Ljava/lang/String;)Ljava/lang/Class; @ 44

Classes redefined (0 events):
No events

Internal exceptions (10 events):
Event: 69.765 Thread 0x0000000021992800 Exception <a 'java/lang/ArrayIndexOutOfBoundsException': 101> (0x00000000e0c99218) thrown at [C:\re\workspace\8-2-build-windows-amd64-cygwin\jdk8u201\12322\hotspot\src\share\vm\interpreter\interpreterRuntime.cpp, line 368]
Event: 69.767 Thread 0x0000000021992800 Exception <a 'java/lang/ArrayIndexOutOfBoundsException': 92> (0x00000000e0ca4488) thrown at [C:\re\workspace\8-2-build-windows-amd64-cygwin\jdk8u201\12322\hotspot\src\share\vm\interpreter\interpreterRuntime.cpp, line 368]
Event: 69.767 Thread 0x0000000021992800 Exception <a 'java/lang/ArrayIndexOutOfBoundsException': 161> (0x00000000e0ca63e8) thrown at [C:\re\workspace\8-2-build-windows-amd64-cygwin\jdk8u201\12322\hotspot\src\share\vm\interpreter\interpreterRuntime.cpp, line 368]
Event: 69.768 Thread 0x0000000021992800 Exception <a 'java/lang/ArrayIndexOutOfBoundsException': 102> (0x00000000e0ca7f10) thrown at [C:\re\workspace\8-2-build-windows-amd64-cygwin\jdk8u201\12322\hotspot\src\share\vm\interpreter\interpreterRuntime.cpp, line 368]
Event: 69.782 Thread 0x0000000021992800 Exception <a 'java/lang/ArrayIndexOutOfBoundsException': 85> (0x00000000e0d05d50) thrown at [C:\re\workspace\8-2-build-windows-amd64-cygwin\jdk8u201\12322\hotspot\src\share\vm\interpreter\interpreterRuntime.cpp, line 368]
Event: 69.782 Thread 0x0000000021992800 Exception <a 'java/lang/ArrayIndexOutOfBoundsException': 93> (0x00000000e0d0a620) thrown at [C:\re\workspace\8-2-build-windows-amd64-cygwin\jdk8u201\12322\hotspot\src\share\vm\interpreter\interpreterRuntime.cpp, line 368]
Event: 69.783 Thread 0x0000000021992800 Exception <a 'java/lang/ArrayIndexOutOfBoundsException': 130> (0x00000000e0d0ee58) thrown at [C:\re\workspace\8-2-build-windows-amd64-cygwin\jdk8u201\12322\hotspot\src\share\vm\interpreter\interpreterRuntime.cpp, line 368]
Event: 69.783 Thread 0x0000000021992800 Exception <a 'java/lang/ArrayIndexOutOfBoundsException': 84> (0x00000000e0d165f8) thrown at [C:\re\workspace\8-2-build-windows-amd64-cygwin\jdk8u201\12322\hotspot\src\share\vm\interpreter\interpreterRuntime.cpp, line 368]
Event: 69.784 Thread 0x0000000021992800 Exception <a 'java/lang/ArrayIndexOutOfBoundsException': 88> (0x00000000e0d197b8) thrown at [C:\re\workspace\8-2-build-windows-amd64-cygwin\jdk8u201\12322\hotspot\src\share\vm\interpreter\interpreterRuntime.cpp, line 368]
Event: 69.784 Thread 0x0000000021992800 Exception <a 'java/lang/ArrayIndexOutOfBoundsException': 91> (0x00000000e0d1c9b8) thrown at [C:\re\workspace\8-2-build-windows-amd64-cygwin\jdk8u201\12322\hotspot\src\share\vm\interpreter\interpreterRuntime.cpp, line 368]

Events (10 events):
Event: 70.051 Thread 0x0000000021992800 DEOPT UNPACKING pc=0x0000000003437890 sp=0x000000001cd472a8 mode 1
Event: 70.051 Thread 0x0000000021992800 DEOPT PACKING pc=0x0000000003ff5bc8 sp=0x000000001cd475e0
Event: 70.051 Thread 0x0000000021992800 DEOPT UNPACKING pc=0x0000000003437890 sp=0x000000001cd47300 mode 1
Event: 70.051 Thread 0x0000000021992800 DEOPT PACKING pc=0x0000000004094214 sp=0x000000001cd47ef0
Event: 70.051 Thread 0x0000000021992800 DEOPT UNPACKING pc=0x0000000003437890 sp=0x000000001cd47c08 mode 1
Event: 70.052 loading class com/fasterxml/jackson/databind/ObjectReader
Event: 70.052 loading class com/fasterxml/jackson/databind/ObjectReader done
Event: 70.052 Thread 0x0000000021992800 Uncommon trap: trap_request=0xffffffa7 fr.pc=0x0000000003bd3e70
Event: 70.052 Thread 0x0000000021992800 DEOPT PACKING pc=0x0000000003bd3e70 sp=0x000000001cd47cc0
Event: 70.052 Thread 0x0000000021992800 DEOPT UNPACKING pc=0x000000000343583b sp=0x000000001cd47bb8 mode 2


Dynamic libraries:
0x00007ff70da10000 - 0x00007ff70da47000 	D:\Software\base\java\jdk1.8.0_201\bin\javaw.exe
0x00007ff8251e0000 - 0x00007ff8253d0000 	C:\WINDOWS\SYSTEM32\ntdll.dll
0x00007ff824e00000 - 0x00007ff824eb2000 	C:\WINDOWS\System32\KERNEL32.DLL
0x00007ff822510000 - 0x00007ff8227b5000 	C:\WINDOWS\System32\KERNELBASE.dll
0x00007ff823340000 - 0x00007ff8233e3000 	C:\WINDOWS\System32\ADVAPI32.dll
0x00007ff824f80000 - 0x00007ff82501e000 	C:\WINDOWS\System32\msvcrt.dll
0x00007ff823ed0000 - 0x00007ff823f67000 	C:\WINDOWS\System32\sechost.dll
0x00007ff8233f0000 - 0x00007ff82350f000 	C:\WINDOWS\System32\RPCRT4.dll
0x00007ff8235c0000 - 0x00007ff823754000 	C:\WINDOWS\System32\USER32.dll
0x00007ff8224b0000 - 0x00007ff8224d1000 	C:\WINDOWS\System32\win32u.dll
0x00007ff823310000 - 0x00007ff823336000 	C:\WINDOWS\System32\GDI32.dll
0x00007ff822810000 - 0x00007ff8229a8000 	C:\WINDOWS\System32\gdi32full.dll
0x00007ff822410000 - 0x00007ff8224ae000 	C:\WINDOWS\System32\msvcp_win.dll
0x00007ff823130000 - 0x00007ff82322a000 	C:\WINDOWS\System32\ucrtbase.dll
0x00007ff80cc30000 - 0x00007ff80ceb4000 	C:\WINDOWS\WinSxS\amd64_microsoft.windows.common-controls_6595b64144ccf1df_6.0.18362.1316_none_9e7a364fe461dbd7\COMCTL32.dll
0x00007ff824ac0000 - 0x00007ff824df7000 	C:\WINDOWS\System32\combase.dll
0x00007ff822180000 - 0x00007ff822201000 	C:\WINDOWS\System32\bcryptPrimitives.dll
0x00007ff824580000 - 0x00007ff8245ae000 	C:\WINDOWS\System32\IMM32.DLL
0x0000000053b60000 - 0x0000000053c31000 	D:\Software\base\java\jdk1.8.0_201\jre\bin\msvcr100.dll
0x0000000051520000 - 0x0000000051dc4000 	D:\Software\base\java\jdk1.8.0_201\jre\bin\server\jvm.dll
0x00007ff825190000 - 0x00007ff825198000 	C:\WINDOWS\System32\PSAPI.DLL
0x00007ff81c970000 - 0x00007ff81c979000 	C:\WINDOWS\SYSTEM32\WSOCK32.dll
0x00007ff824970000 - 0x00007ff8249df000 	C:\WINDOWS\System32\WS2_32.dll
0x00007ff816dc0000 - 0x00007ff816de4000 	C:\WINDOWS\SYSTEM32\WINMM.dll
0x00007ff81c040000 - 0x00007ff81c04a000 	C:\WINDOWS\SYSTEM32\VERSION.dll
0x00007ff816d90000 - 0x00007ff816dbd000 	C:\WINDOWS\SYSTEM32\WINMMBASE.dll
0x00007ff8227c0000 - 0x00007ff82280a000 	C:\WINDOWS\System32\cfgmgr32.dll
0x00007ff820c50000 - 0x00007ff820c5f000 	D:\Software\base\java\jdk1.8.0_201\jre\bin\verify.dll
0x00007ff820b60000 - 0x00007ff820b89000 	D:\Software\base\java\jdk1.8.0_201\jre\bin\java.dll
0x00007ff81c9c0000 - 0x00007ff81c9f5000 	D:\Software\base\java\jdk1.8.0_201\jre\bin\jdwp.dll
0x00007ff820c40000 - 0x00007ff820c48000 	D:\Software\base\java\jdk1.8.0_201\jre\bin\npt.dll
0x00007ff81bf20000 - 0x00007ff81bf43000 	D:\Software\base\java\jdk1.8.0_201\jre\bin\instrument.dll
0x00007ff8176a0000 - 0x00007ff8176b6000 	D:\Software\base\java\jdk1.8.0_201\jre\bin\zip.dll
0x00007ff8237e0000 - 0x00007ff823ec8000 	C:\WINDOWS\System32\SHELL32.dll
0x00007ff823510000 - 0x00007ff8235b7000 	C:\WINDOWS\System32\shcore.dll
0x00007ff8229b0000 - 0x00007ff82312b000 	C:\WINDOWS\System32\windows.storage.dll
0x00007ff8220f0000 - 0x00007ff822113000 	C:\WINDOWS\System32\profapi.dll
0x00007ff8220a0000 - 0x00007ff8220ea000 	C:\WINDOWS\System32\powrprof.dll
0x00007ff822090000 - 0x00007ff8220a0000 	C:\WINDOWS\System32\UMPDC.dll
0x00007ff824ec0000 - 0x00007ff824f12000 	C:\WINDOWS\System32\shlwapi.dll
0x00007ff822140000 - 0x00007ff822151000 	C:\WINDOWS\System32\kernel.appcore.dll
0x00007ff822160000 - 0x00007ff822177000 	C:\WINDOWS\System32\cryptsp.dll
0x00007ff820c30000 - 0x00007ff820c39000 	D:\Software\base\java\jdk1.8.0_201\jre\bin\dt_socket.dll
0x00007ff8066b0000 - 0x00007ff8066c6000 	C:\WINDOWS\system32\napinsp.dll
0x00007ff806690000 - 0x00007ff8066aa000 	C:\WINDOWS\system32\pnrpnsp.dll
0x00007ff8218d0000 - 0x00007ff821937000 	C:\WINDOWS\System32\mswsock.dll
0x00007ff821620000 - 0x00007ff8216eb000 	C:\WINDOWS\SYSTEM32\DNSAPI.dll
0x00007ff825020000 - 0x00007ff825028000 	C:\WINDOWS\System32\NSI.dll
0x00007ff8215e0000 - 0x00007ff82161a000 	C:\WINDOWS\SYSTEM32\IPHLPAPI.DLL
0x00007ff806660000 - 0x00007ff80666e000 	C:\WINDOWS\System32\winrnr.dll
0x00007ff81ab50000 - 0x00007ff81ab6c000 	C:\WINDOWS\system32\NLAapi.dll
0x00007ff81daa0000 - 0x00007ff81dab5000 	C:\WINDOWS\system32\wshbth.dll
0x00007ff818e40000 - 0x00007ff818eb7000 	C:\WINDOWS\System32\fwpuclnt.dll
0x00007ff8224e0000 - 0x00007ff822506000 	C:\WINDOWS\System32\bcrypt.dll
0x00007ff816810000 - 0x00007ff81681a000 	C:\Windows\System32\rasadhlp.dll
0x00007ff817680000 - 0x00007ff81769a000 	D:\Software\base\java\jdk1.8.0_201\jre\bin\net.dll
0x00007ff812310000 - 0x00007ff8124e6000 	C:\WINDOWS\SYSTEM32\urlmon.dll
0x00007ff812670000 - 0x00007ff812917000 	C:\WINDOWS\SYSTEM32\iertutil.dll
0x00007ff821aa0000 - 0x00007ff821aac000 	C:\WINDOWS\SYSTEM32\CRYPTBASE.DLL
0x00007ff819320000 - 0x00007ff819336000 	C:\WINDOWS\SYSTEM32\dhcpcsvc6.DLL
0x00007ff819630000 - 0x00007ff81964c000 	C:\WINDOWS\SYSTEM32\dhcpcsvc.DLL
0x00007ff820b50000 - 0x00007ff820b5d000 	D:\Software\base\java\jdk1.8.0_201\jre\bin\management.dll
0x00007ff817660000 - 0x00007ff817671000 	D:\Software\base\java\jdk1.8.0_201\jre\bin\nio.dll
0x00007ff816eb0000 - 0x00007ff816ed4000 	D:\Software\base\java\jdk1.8.0_201\jre\bin\sunec.dll
0x00007ff821450000 - 0x00007ff821483000 	C:\WINDOWS\system32\rsaenh.dll
0x00007ff821f70000 - 0x00007ff821f95000 	C:\WINDOWS\SYSTEM32\USERENV.dll

VM Arguments:
jvm_args: -agentlib:jdwp=transport=dt_socket,suspend=y,address=localhost:53142 -javaagent:D:\Debug\Tools\eclipse\eclipse\configuration\org.eclipse.osgi\409\0\.cp\lib\javaagent-shaded.jar -Dfile.encoding=UTF-8 
java_command: com.itour.OnlienApplication
java_class_path (initial): D:\Debug\gitStore\itour\itour-parent\itour-online-web\target\classes;D:\Cache\.m2\repository\com\ibeetl\beetl-framework-starter\1.2.19.RELEASE\beetl-framework-starter-1.2.19.RELEASE.jar;D:\Cache\.m2\repository\com\ibeetl\beetl\3.0.15.RELEASE\beetl-3.0.15.RELEASE.jar;D:\Cache\.m2\repository\org\antlr\antlr4-runtime\4.7.2\antlr4-runtime-4.7.2.jar;D:\Cache\.m2\repository\org\ow2\asm\asm\5.2\asm-5.2.jar;D:\Cache\.m2\repository\org\ow2\asm\asm-commons\5.2\asm-commons-5.2.jar;D:\Cache\.m2\repository\org\ow2\asm\asm-tree\5.2\asm-tree-5.2.jar;D:\Cache\.m2\repository\com\ibeetl\beetlsql\2.12.17.RELEASE\beetlsql-2.12.17.RELEASE.jar;D:\Debug\gitStore\itour\itour-parent\itour-common\target\classes;D:\Cache\.m2\repository\com\baomidou\mybatis-plus-generator\3.3.0\mybatis-plus-generator-3.3.0.jar;D:\Cache\.m2\repository\com\baomidou\mybatis-plus-extension\3.3.0\mybatis-plus-extension-3.3.0.jar;D:\Cache\.m2\repository\com\baomidou\mybatis-plus-core\3.3.0\mybatis-plus-core-3.3.0.jar;D:\Cache\.m2\repository\com\baomidou\mybatis-plus-annotation\3.3.0\mybatis-plus-annotation-3.3.0.jar;D:\Cache\.m2\repository\org\mybatis\mybatis\3.5.3\mybatis-3.5.3.jar;D:\Cache\.m2\repository\org\mybatis\mybatis-spring\2.0.3\mybatis-spring-2.0.3.jar;D:\Cache\.m2\repository\org\apache\shiro\shiro-spring\1.4.2\shiro-spring-1.4.2.jar;D:\Cache\.m2\repository\org\apache\shiro\shiro-core\1.4.2\shiro-core-1.4.2.jar;D:\Cache\.m2\repository\org\apache\shiro\shiro-lang\1.4.2\shiro-lang-1.4.2.jar;D:\Cache\.m2\repository\org\apache\shiro\shiro-cache\1.4.2\shiro-cache-1.4.2.jar;D:\Cache\.m2\repository\org\apache\shiro\shiro-crypto-hash\1.4.2\shiro-crypto-hash-1.4.2.jar;D:\Cache\.m2\repository\org\apache\shiro\shiro-crypto-core\1.4.2\shiro-crypto-core-1.4.2.jar;D:\Cache\.m2\repository\org\apache\shiro\shiro-crypto-cipher\1.4.2\shiro-crypto-cipher-1.4.2.jar;D:\Cache\.m2\repository\org\apache\shiro\shiro-config-core\1.4.2\shiro-config-core-1.4.2.jar;D:\Cache\.m2\repository\org\apache\shiro
Launcher Type: SUN_STANDARD

Environment Variables:
JAVA_HOME=D:\Software\base\java\jdk1.8.0_201
CLASSPATH=.;D:\Software\base\java\jdk1.8.0_201
PATH=D:\Software\base\java\jdk1.8.0_201\jre\bin;D:/Software/base/java/jre1.8.0_201/bin/server;D:/Software/base/java/jre1.8.0_201/bin;D:/Software/base/java/jre1.8.0_201/lib/amd64;D:\Software\db\oracle\product\12.2.0\dbhome_1\bin;C:\Program Files (x86)\Common Files\Oracle\Java\javapath;C:\Program Files (x86)\Intel\iCLS Client\;C:\Program Files\Intel\iCLS Client\;C:\Windows\system32;C:\Windows;C:\Windows\System32\Wbem;C:\Windows\System32\WindowsPowerShell\v1.0\;C:\Program Files (x86)\Intel\Intel(R) Management Engine Components\DAL;C:\Program Files\Intel\Intel(R) Management Engine Components\DAL;C:\Program Files (x86)\Intel\Intel(R) Management Engine Components\IPT;C:\Program Files\Intel\Intel(R) Management Engine Components\IPT;C:\Program Files (x86)\NVIDIA Corporation\PhysX\Common;C:\WINDOWS\system32;C:\WINDOWS;C:\WINDOWS\System32\Wbem;C:\WINDOWS\System32\WindowsPowerShell\v1.0\;C:\WINDOWS\System32\OpenSSH\;D:\Software\base\java\jdk1.8.0_201\bin;D:\Debug\Tools\apache-maven-3.6.1\bin;D:\Software\work\Git\cmd;D:\Debug\server\apache-tomcat-9.0.19\bin;C:\Users\wwang\AppData\Local\Microsoft\WindowsApps;C:\Users\wwang\AppData\Local\BypassRuntm;C:\Users\wwang\AppData\Local\Microsoft\WindowsApps;;C:\Users\wwang\Desktop;
USERNAME=wwang
OS=Windows_NT
PROCESSOR_IDENTIFIER=Intel64 Family 6 Model 142 Stepping 9, GenuineIntel



---------------  S Y S T E M  ---------------

OS: Windows 10.0 , 64 bit Build 18362 (10.0.18362.1316)

CPU:total 4 (initial active 4) (2 cores per cpu, 2 threads per core) family 6 model 142 stepping 9, cmov, cx8, fxsr, mmx, sse, sse2, sse3, ssse3, sse4.1, sse4.2, popcnt, avx, avx2, aes, clmul, erms, 3dnowpref, lzcnt, ht, tsc, tscinvbit, bmi1, bmi2, adx

Memory: 4k page, physical 8193548k(1120056k free), swap 21300744k(15280k free)

vm_info: Java HotSpot(TM) 64-Bit Server VM (25.201-b09) for windows-amd64 JRE (1.8.0_201-b09), built on Dec 15 2018 18:36:39 by "java_re" with MS VC++ 10.0 (VS2010)

time: Tue Jan 19 20:41:33 2021
timezone: 中国标准时间
elapsed time: 70 seconds (0d 0h 1m 10s)

