#
# There is insufficient memory for the Java Runtime Environment to continue.
# Native memory allocation (malloc) failed to allocate 1581136 bytes for Chunk::new
# Possible reasons:
#   The system is out of physical RAM or swap space
#   The process is running with CompressedOops enabled, and the Java Heap may be blocking the growth of the native heap
# Possible solutions:
#   Reduce memory load on the system
#   Increase physical memory or swap space
#   Check if swap backing store is full
#   Decrease Java heap size (-Xmx/-Xms)
#   Decrease number of Java threads
#   Decrease Java thread stack sizes (-Xss)
#   Set larger code cache with -XX:ReservedCodeCacheSize=
#   JVM is running with Unscaled Compressed Oops mode in which the Java heap is
#     placed in the first 4GB address space. The Java Heap base address is the
#     maximum limit for the native heap growth. Please use -XX:HeapBaseMinAddress
#     to set the Java Heap base and to place the Java Heap above 4GB virtual address.
# This output file may be truncated or incomplete.
#
#  Out of Memory Error (allocation.cpp:389), pid=30944, tid=0x000000000000a040
#
# JRE version: Java(TM) SE Runtime Environment (8.0_221-b11) (build 1.8.0_221-b11)
# Java VM: Java HotSpot(TM) 64-Bit Server VM (25.221-b11 mixed mode windows-amd64 compressed oops)
# Failed to write core dump. Minidumps are not enabled by default on client versions of Windows
#

---------------  T H R E A D  ---------------

Current thread (0x000000001b9de000):  JavaThread "C2 CompilerThread0" daemon [_thread_in_native, id=41024, stack(0x000000001ba40000,0x000000001bb40000)]

Stack: [0x000000001ba40000,0x000000001bb40000]
[error occurred during error reporting (printing stack bounds), id 0xc0000005]

Native frames: (J=compiled Java code, j=interpreted, Vv=VM code, C=native code)


Current CompileTask:
C2:   4744 1212       4       java.io.WinNTFileSystem::normalize (143 bytes)


---------------  P R O C E S S  ---------------

Java Threads: ( => current thread )
  0x000000001d6ae800 JavaThread "SeedGenerator Thread" daemon [_thread_blocked, id=24892, stack(0x000000001f060000,0x000000001f160000)]
  0x000000002068b800 JavaThread "restartedMain" [_thread_in_Java, id=33172, stack(0x0000000020d50000,0x0000000020e50000)]
  0x0000000020335800 JavaThread "Thread-1" [_thread_blocked, id=7644, stack(0x0000000020c50000,0x0000000020d50000)]
  0x000000001c9f1000 JavaThread "SeedGenerator Thread" daemon [_thread_in_Java, id=8856, stack(0x000000001f780000,0x000000001f880000)]
  0x000000001be70800 JavaThread "Service Thread" daemon [_thread_blocked, id=10784, stack(0x000000001ce10000,0x000000001cf10000)]
  0x000000001b9c9800 JavaThread "C1 CompilerThread3" daemon [_thread_blocked, id=22480, stack(0x000000001bd40000,0x000000001be40000)]
  0x000000001b9c9000 JavaThread "C2 CompilerThread2" daemon [_thread_in_native, id=40560, stack(0x000000001bc40000,0x000000001bd40000)]
  0x000000001b9c8000 JavaThread "C2 CompilerThread1" daemon [_thread_in_native, id=17660, stack(0x000000001bb40000,0x000000001bc40000)]
=>0x000000001b9de000 JavaThread "C2 CompilerThread0" daemon [_thread_in_native, id=41024, stack(0x000000001ba40000,0x000000001bb40000)]
  0x000000001a8f3000 JavaThread "JDWP Command Reader" daemon [_thread_in_native, id=33144, stack(0x000000001b140000,0x000000001b240000)]
  0x000000001a8f0000 JavaThread "JDWP Event Helper Thread" daemon [_thread_blocked, id=1140, stack(0x000000001b040000,0x000000001b140000)]
  0x000000001a8e4000 JavaThread "JDWP Transport Listener: dt_socket" daemon [_thread_blocked, id=29416, stack(0x000000001af40000,0x000000001b040000)]
  0x000000001a8d3000 JavaThread "Attach Listener" daemon [_thread_in_native, id=5772, stack(0x000000001ae40000,0x000000001af40000)]
  0x000000001a8d2800 JavaThread "Signal Dispatcher" daemon [_thread_blocked, id=41548, stack(0x000000001ad40000,0x000000001ae40000)]
  0x0000000018969000 JavaThread "Finalizer" daemon [_thread_blocked, id=22148, stack(0x000000001ac40000,0x000000001ad40000)]
  0x0000000018962000 JavaThread "Reference Handler" daemon [_thread_blocked, id=37976, stack(0x000000001a740000,0x000000001a840000)]
  0x0000000003719800 JavaThread "main" [_thread_blocked, id=13480, stack(0x00000000035e0000,0x00000000036e0000)]

Other Threads:
  0x000000001895a000 VMThread [stack: 0x000000001a640000,0x000000001a740000] [id=35608]
  0x000000001ba3d800 WatcherThread [stack: 0x000000001cf10000,0x000000001d010000] [id=40172]

VM state:not at safepoint (normal execution)

VM Mutex/Monitor currently owned by a thread: None

heap address: 0x0000000081c00000, size: 2020 MB, Compressed Oops mode: 32-bit
Narrow klass base: 0x0000000000000000, Narrow klass shift: 3
Compressed class space size: 1073741824 Address: 0x0000000100000000

Heap:
 PSYoungGen      total 38400K, used 13373K [0x00000000d5f00000, 0x00000000d8980000, 0x0000000100000000)
  eden space 33280K, 24% used [0x00000000d5f00000,0x00000000d6716d70,0x00000000d7f80000)
  from space 5120K, 99% used [0x00000000d7f80000,0x00000000d8478948,0x00000000d8480000)
  to   space 5120K, 0% used [0x00000000d8480000,0x00000000d8480000,0x00000000d8980000)
 ParOldGen       total 87552K, used 3679K [0x0000000081c00000, 0x0000000087180000, 0x00000000d5f00000)
  object space 87552K, 4% used [0x0000000081c00000,0x0000000081f97ea8,0x0000000087180000)
 Metaspace       used 12089K, capacity 12370K, committed 12544K, reserved 1060864K
  class space    used 1399K, capacity 1476K, committed 1536K, reserved 1048576K

Card table byte_map: [0x0000000012da0000,0x00000000131a0000] byte_map_base: 0x0000000012992000

Marking Bits: (ParMarkBitMap*) 0x00000000687b5ce0
 Begin Bits: [0x0000000013c50000, 0x0000000015be0000)
 End Bits:   [0x0000000015be0000, 0x0000000017b70000)

Polling page: 0x0000000001930000

CodeCache: size=245760Kb used=5348Kb max_used=5359Kb free=240411Kb
 bounds [0x00000000039e0000, 0x0000000003f20000, 0x00000000129e0000]
 total_blobs=1600 nmethods=1244 adapters=277
 compilation: enabled

Compilation events (10 events):
Event: 4.641 Thread 0x000000001b9c8000 1240 %     4       org.eclipse.jdt.launching.internal.org.objectweb.asm.ClassReader::<init> @ 110 (371 bytes)
Event: 4.659 Thread 0x000000001b9c8000 nmethod 1240% 0x0000000003f19090 code [0x0000000003f19460, 0x0000000003f19f68]
Event: 4.659 Thread 0x000000001b9c8000 1241       4       org.eclipse.jdt.launching.internal.org.objectweb.asm.ClassReader::createDebugLabel (23 bytes)
Event: 4.661 Thread 0x000000001b9c8000 nmethod 1241 0x0000000003f136d0 code [0x0000000003f13820, 0x0000000003f13998]
Event: 4.712 Thread 0x000000001b9c8000 1242       4       org.eclipse.jdt.launching.internal.org.objectweb.asm.Attribute::computeAttributesSize (62 bytes)
Event: 4.713 Thread 0x000000001b9c9800 1244   !   3       java.lang.ClassLoader::getPackage (118 bytes)
Event: 4.714 Thread 0x000000001b9c8000 nmethod 1242 0x0000000003f131d0 code [0x0000000003f13340, 0x0000000003f134e8]
Event: 4.714 Thread 0x000000001b9c9800 nmethod 1244 0x0000000003f17ed0 code [0x0000000003f180c0, 0x0000000003f18c28]
Event: 4.714 Thread 0x000000001b9c8000 1243       4       org.eclipse.jdt.launching.internal.org.objectweb.asm.Attribute::putAttributes (78 bytes)
Event: 4.722 Thread 0x000000001b9c8000 nmethod 1243 0x0000000003f1eb50 code [0x0000000003f1ed40, 0x0000000003f1f5f0]

GC Heap History (6 events):
Event: 3.181 GC heap before
{Heap before GC invocations=1 (full 0):
 PSYoungGen      total 38400K, used 33280K [0x00000000d5f00000, 0x00000000d8980000, 0x0000000100000000)
  eden space 33280K, 100% used [0x00000000d5f00000,0x00000000d7f80000,0x00000000d7f80000)
  from space 5120K, 0% used [0x00000000d8480000,0x00000000d8480000,0x00000000d8980000)
  to   space 5120K, 0% used [0x00000000d7f80000,0x00000000d7f80000,0x00000000d8480000)
 ParOldGen       total 87552K, used 0K [0x0000000081c00000, 0x0000000087180000, 0x00000000d5f00000)
  object space 87552K, 0% used [0x0000000081c00000,0x0000000081c00000,0x0000000087180000)
 Metaspace       used 7002K, capacity 7166K, committed 7296K, reserved 1056768K
  class space    used 743K, capacity 789K, committed 896K, reserved 1048576K
Event: 3.186 GC heap after
Heap after GC invocations=1 (full 0):
 PSYoungGen      total 38400K, used 3994K [0x00000000d5f00000, 0x00000000d8980000, 0x0000000100000000)
  eden space 33280K, 0% used [0x00000000d5f00000,0x00000000d5f00000,0x00000000d7f80000)
  from space 5120K, 78% used [0x00000000d7f80000,0x00000000d8366b40,0x00000000d8480000)
  to   space 5120K, 0% used [0x00000000d8480000,0x00000000d8480000,0x00000000d8980000)
 ParOldGen       total 87552K, used 8K [0x0000000081c00000, 0x0000000087180000, 0x00000000d5f00000)
  object space 87552K, 0% used [0x0000000081c00000,0x0000000081c02000,0x0000000087180000)
 Metaspace       used 7002K, capacity 7166K, committed 7296K, reserved 1056768K
  class space    used 743K, capacity 789K, committed 896K, reserved 1048576K
}
Event: 3.893 GC heap before
{Heap before GC invocations=2 (full 0):
 PSYoungGen      total 38400K, used 37274K [0x00000000d5f00000, 0x00000000d8980000, 0x0000000100000000)
  eden space 33280K, 100% used [0x00000000d5f00000,0x00000000d7f80000,0x00000000d7f80000)
  from space 5120K, 78% used [0x00000000d7f80000,0x00000000d8366b40,0x00000000d8480000)
  to   space 5120K, 0% used [0x00000000d8480000,0x00000000d8480000,0x00000000d8980000)
 ParOldGen       total 87552K, used 8K [0x0000000081c00000, 0x0000000087180000, 0x00000000d5f00000)
  object space 87552K, 0% used [0x0000000081c00000,0x0000000081c02000,0x0000000087180000)
 Metaspace       used 11021K, capacity 11246K, committed 11648K, reserved 1058816K
  class space    used 1243K, capacity 1297K, committed 1408K, reserved 1048576K
Event: 3.900 GC heap after
Heap after GC invocations=2 (full 0):
 PSYoungGen      total 38400K, used 4798K [0x00000000d5f00000, 0x00000000d8980000, 0x0000000100000000)
  eden space 33280K, 0% used [0x00000000d5f00000,0x00000000d5f00000,0x00000000d7f80000)
  from space 5120K, 93% used [0x00000000d8480000,0x00000000d892fa28,0x00000000d8980000)
  to   space 5120K, 0% used [0x00000000d7f80000,0x00000000d7f80000,0x00000000d8480000)
 ParOldGen       total 87552K, used 24K [0x0000000081c00000, 0x0000000087180000, 0x00000000d5f00000)
  object space 87552K, 0% used [0x0000000081c00000,0x0000000081c06000,0x0000000087180000)
 Metaspace       used 11021K, capacity 11246K, committed 11648K, reserved 1058816K
  class space    used 1243K, capacity 1297K, committed 1408K, reserved 1048576K
}
Event: 4.524 GC heap before
{Heap before GC invocations=3 (full 0):
 PSYoungGen      total 38400K, used 38078K [0x00000000d5f00000, 0x00000000d8980000, 0x0000000100000000)
  eden space 33280K, 100% used [0x00000000d5f00000,0x00000000d7f80000,0x00000000d7f80000)
  from space 5120K, 93% used [0x00000000d8480000,0x00000000d892fa28,0x00000000d8980000)
  to   space 5120K, 0% used [0x00000000d7f80000,0x00000000d7f80000,0x00000000d8480000)
 ParOldGen       total 87552K, used 24K [0x0000000081c00000, 0x0000000087180000, 0x00000000d5f00000)
  object space 87552K, 0% used [0x0000000081c00000,0x0000000081c06000,0x0000000087180000)
 Metaspace       used 11705K, capacity 11978K, committed 12288K, reserved 1060864K
  class space    used 1345K, capacity 1410K, committed 1536K, reserved 1048576K
Event: 4.538 GC heap after
Heap after GC invocations=3 (full 0):
 PSYoungGen      total 38400K, used 5090K [0x00000000d5f00000, 0x00000000d8980000, 0x0000000100000000)
  eden space 33280K, 0% used [0x00000000d5f00000,0x00000000d5f00000,0x00000000d7f80000)
  from space 5120K, 99% used [0x00000000d7f80000,0x00000000d8478948,0x00000000d8480000)
  to   space 5120K, 0% used [0x00000000d8480000,0x00000000d8480000,0x00000000d8980000)
 ParOldGen       total 87552K, used 3679K [0x0000000081c00000, 0x0000000087180000, 0x00000000d5f00000)
  object space 87552K, 4% used [0x0000000081c00000,0x0000000081f97ea8,0x0000000087180000)
 Metaspace       used 11705K, capacity 11978K, committed 12288K, reserved 1060864K
  class space    used 1345K, capacity 1410K, committed 1536K, reserved 1048576K
}

Deoptimization events (10 events):
Event: 4.618 Thread 0x000000002068b800 Uncommon trap: reason=range_check action=none pc=0x0000000003e1a09c method=sun.reflect.generics.parser.SignatureParser.current()C @ 34
Event: 4.621 Thread 0x000000002068b800 Uncommon trap: reason=range_check action=none pc=0x0000000003e1a09c method=sun.reflect.generics.parser.SignatureParser.current()C @ 34
Event: 4.625 Thread 0x000000002068b800 Uncommon trap: reason=range_check action=none pc=0x0000000003e1a09c method=sun.reflect.generics.parser.SignatureParser.current()C @ 34
Event: 4.627 Thread 0x000000002068b800 Uncommon trap: reason=range_check action=none pc=0x0000000003e1a09c method=sun.reflect.generics.parser.SignatureParser.current()C @ 34
Event: 4.629 Thread 0x000000002068b800 Uncommon trap: reason=range_check action=none pc=0x0000000003e1a09c method=sun.reflect.generics.parser.SignatureParser.current()C @ 34
Event: 4.632 Thread 0x000000002068b800 Uncommon trap: reason=range_check action=none pc=0x0000000003e1a09c method=sun.reflect.generics.parser.SignatureParser.current()C @ 34
Event: 4.678 Thread 0x000000002068b800 Uncommon trap: reason=range_check action=none pc=0x0000000003e1a09c method=sun.reflect.generics.parser.SignatureParser.current()C @ 34
Event: 4.679 Thread 0x000000002068b800 Uncommon trap: reason=range_check action=none pc=0x0000000003e1a09c method=sun.reflect.generics.parser.SignatureParser.current()C @ 34
Event: 4.682 Thread 0x000000002068b800 Uncommon trap: reason=range_check action=none pc=0x0000000003e1a09c method=sun.reflect.generics.parser.SignatureParser.current()C @ 34
Event: 4.732 Thread 0x000000002068b800 Uncommon trap: reason=range_check action=none pc=0x0000000003e1a09c method=sun.reflect.generics.parser.SignatureParser.current()C @ 34

Classes redefined (0 events):
No events

Internal exceptions (10 events):
Event: 4.619 Thread 0x000000002068b800 Exception <a 'java/lang/ArrayIndexOutOfBoundsException': 110> (0x00000000d6240578) thrown at [C:\re\workspace\8-2-build-windows-amd64-cygwin\jdk8u221\13320\hotspot\src\share\vm\interpreter\interpreterRuntime.cpp, line 368]
Event: 4.621 Thread 0x000000002068b800 Exception <a 'java/lang/ArrayIndexOutOfBoundsException': 118> (0x00000000d6255398) thrown at [C:\re\workspace\8-2-build-windows-amd64-cygwin\jdk8u221\13320\hotspot\src\share\vm\interpreter\interpreterRuntime.cpp, line 368]
Event: 4.625 Thread 0x000000002068b800 Exception <a 'java/lang/ArrayIndexOutOfBoundsException': 112> (0x00000000d626a118) thrown at [C:\re\workspace\8-2-build-windows-amd64-cygwin\jdk8u221\13320\hotspot\src\share\vm\interpreter\interpreterRuntime.cpp, line 368]
Event: 4.627 Thread 0x000000002068b800 Exception <a 'java/lang/ArrayIndexOutOfBoundsException': 114> (0x00000000d6282608) thrown at [C:\re\workspace\8-2-build-windows-amd64-cygwin\jdk8u221\13320\hotspot\src\share\vm\interpreter\interpreterRuntime.cpp, line 368]
Event: 4.629 Thread 0x000000002068b800 Exception <a 'java/lang/ArrayIndexOutOfBoundsException': 114> (0x00000000d629a618) thrown at [C:\re\workspace\8-2-build-windows-amd64-cygwin\jdk8u221\13320\hotspot\src\share\vm\interpreter\interpreterRuntime.cpp, line 368]
Event: 4.633 Thread 0x000000002068b800 Exception <a 'java/lang/ArrayIndexOutOfBoundsException': 108> (0x00000000d62af958) thrown at [C:\re\workspace\8-2-build-windows-amd64-cygwin\jdk8u221\13320\hotspot\src\share\vm\interpreter\interpreterRuntime.cpp, line 368]
Event: 4.678 Thread 0x000000002068b800 Exception <a 'java/lang/ArrayIndexOutOfBoundsException': 112> (0x00000000d64ddb20) thrown at [C:\re\workspace\8-2-build-windows-amd64-cygwin\jdk8u221\13320\hotspot\src\share\vm\interpreter\interpreterRuntime.cpp, line 368]
Event: 4.679 Thread 0x000000002068b800 Exception <a 'java/lang/ArrayIndexOutOfBoundsException': 112> (0x00000000d64f2528) thrown at [C:\re\workspace\8-2-build-windows-amd64-cygwin\jdk8u221\13320\hotspot\src\share\vm\interpreter\interpreterRuntime.cpp, line 368]
Event: 4.682 Thread 0x000000002068b800 Exception <a 'java/lang/ArrayIndexOutOfBoundsException': 119> (0x00000000d650a888) thrown at [C:\re\workspace\8-2-build-windows-amd64-cygwin\jdk8u221\13320\hotspot\src\share\vm\interpreter\interpreterRuntime.cpp, line 368]
Event: 4.732 Thread 0x000000002068b800 Exception <a 'java/lang/ArrayIndexOutOfBoundsException': 177> (0x00000000d66d1a20) thrown at [C:\re\workspace\8-2-build-windows-amd64-cygwin\jdk8u221\13320\hotspot\src\share\vm\interpreter\interpreterRuntime.cpp, line 368]

Events (10 events):
Event: 4.732 Thread 0x000000002068b800 DEOPT PACKING pc=0x0000000003e1a09c sp=0x0000000020e4dbf0
Event: 4.732 Thread 0x000000002068b800 DEOPT UNPACKING pc=0x0000000003a2583b sp=0x0000000020e4db88 mode 2
Event: 4.732 loading class org/springframework/format/annotation/NumberFormat
Event: 4.732 loading class org/springframework/format/annotation/NumberFormat done
Event: 4.732 Thread 0x000000002068b800 DEOPT PACKING pc=0x0000000003ce1981 sp=0x0000000020e4cea0
Event: 4.732 Thread 0x000000002068b800 DEOPT UNPACKING pc=0x0000000003a27890 sp=0x0000000020e4cbf0 mode 1
Event: 4.732 Thread 0x000000002068b800 DEOPT PACKING pc=0x0000000003c7bcbc sp=0x0000000020e4cf20
Event: 4.732 Thread 0x000000002068b800 DEOPT UNPACKING pc=0x0000000003a27890 sp=0x0000000020e4cd40 mode 1
Event: 4.732 Thread 0x000000002068b800 DEOPT PACKING pc=0x0000000003c7ba54 sp=0x0000000020e4d0b0
Event: 4.732 Thread 0x000000002068b800 DEOPT UNPACKING pc=0x0000000003a27890 sp=0x0000000020e4ced0 mode 1


Dynamic libraries:
0x00007ff670b00000 - 0x00007ff670b37000 	C:\Program Files\Java\jre1.8.0_221\bin\javaw.exe
0x00007ffbb11c0000 - 0x00007ffbb13b0000 	C:\Windows\SYSTEM32\ntdll.dll
0x00007ffbafe80000 - 0x00007ffbaff32000 	C:\Windows\System32\KERNEL32.DLL
0x00007ffbae2d0000 - 0x00007ffbae575000 	C:\Windows\System32\KERNELBASE.dll
0x00007ffbafd20000 - 0x00007ffbafdc3000 	C:\Windows\System32\ADVAPI32.dll
0x00007ffbb1010000 - 0x00007ffbb10ae000 	C:\Windows\System32\msvcrt.dll
0x00007ffbaf9c0000 - 0x00007ffbafa57000 	C:\Windows\System32\sechost.dll
0x00007ffbaf270000 - 0x00007ffbaf38f000 	C:\Windows\System32\RPCRT4.dll
0x00007ffbb03a0000 - 0x00007ffbb0534000 	C:\Windows\System32\USER32.dll
0x00007ffbaedb0000 - 0x00007ffbaedd1000 	C:\Windows\System32\win32u.dll
0x00007ffbaff40000 - 0x00007ffbaff66000 	C:\Windows\System32\GDI32.dll
0x00007ffbae130000 - 0x00007ffbae2c8000 	C:\Windows\System32\gdi32full.dll
0x00007ffbaee90000 - 0x00007ffbaef2e000 	C:\Windows\System32\msvcp_win.dll
0x00007ffbaf010000 - 0x00007ffbaf10a000 	C:\Windows\System32\ucrtbase.dll
0x00007ffb9bba0000 - 0x00007ffb9be24000 	C:\Windows\WinSxS\amd64_microsoft.windows.common-controls_6595b64144ccf1df_6.0.18362.1500_none_9e79be6de462295c\COMCTL32.dll
0x00007ffbb05c0000 - 0x00007ffbb08f6000 	C:\Windows\System32\combase.dll
0x00007ffbaef60000 - 0x00007ffbaefe1000 	C:\Windows\System32\bcryptPrimitives.dll
0x00007ffbafe50000 - 0x00007ffbafe7e000 	C:\Windows\System32\IMM32.DLL
0x000000006a140000 - 0x000000006a212000 	C:\Program Files\Java\jre1.8.0_221\bin\msvcr100.dll
0x0000000067f90000 - 0x0000000068835000 	C:\Program Files\Java\jre1.8.0_221\bin\server\jvm.dll
0x00007ffbb0270000 - 0x00007ffbb0278000 	C:\Windows\System32\PSAPI.DLL
0x00007ffbab1a0000 - 0x00007ffbab1c4000 	C:\Windows\SYSTEM32\WINMM.dll
0x00007ffbadc50000 - 0x00007ffbadc5a000 	C:\Windows\SYSTEM32\VERSION.dll
0x00007ffba7330000 - 0x00007ffba7339000 	C:\Windows\SYSTEM32\WSOCK32.dll
0x00007ffbb0330000 - 0x00007ffbb039f000 	C:\Windows\System32\WS2_32.dll
0x00007ffbaaab0000 - 0x00007ffbaaadd000 	C:\Windows\SYSTEM32\winmmbase.dll
0x00007ffbaed60000 - 0x00007ffbaedaa000 	C:\Windows\System32\cfgmgr32.dll
0x00007ffbab450000 - 0x00007ffbab45f000 	C:\Program Files\Java\jre1.8.0_221\bin\verify.dll
0x00007ffba9ca0000 - 0x00007ffba9cc9000 	C:\Program Files\Java\jre1.8.0_221\bin\java.dll
0x00007ffb9ec10000 - 0x00007ffb9ec45000 	C:\Program Files\Java\jre1.8.0_221\bin\jdwp.dll
0x00007ffba5420000 - 0x00007ffba5428000 	C:\Program Files\Java\jre1.8.0_221\bin\npt.dll
0x00007ffba9c70000 - 0x00007ffba9c93000 	C:\Program Files\Java\jre1.8.0_221\bin\instrument.dll
0x00007ffba9c50000 - 0x00007ffba9c66000 	C:\Program Files\Java\jre1.8.0_221\bin\zip.dll
0x00007ffbb0900000 - 0x00007ffbb0fe8000 	C:\Windows\System32\SHELL32.dll
0x00007ffbafb30000 - 0x00007ffbafbd7000 	C:\Windows\System32\shcore.dll
0x00007ffbae580000 - 0x00007ffbaecfb000 	C:\Windows\System32\windows.storage.dll
0x00007ffbae0f0000 - 0x00007ffbae10e000 	C:\Windows\System32\profapi.dll
0x00007ffbae0a0000 - 0x00007ffbae0ea000 	C:\Windows\System32\powrprof.dll
0x00007ffbae070000 - 0x00007ffbae080000 	C:\Windows\System32\UMPDC.dll
0x00007ffbafa60000 - 0x00007ffbafab2000 	C:\Windows\System32\shlwapi.dll
0x00007ffbae080000 - 0x00007ffbae091000 	C:\Windows\System32\kernel.appcore.dll
0x00007ffbaeff0000 - 0x00007ffbaf007000 	C:\Windows\System32\cryptsp.dll
0x00007ffba4f60000 - 0x00007ffba4f69000 	C:\Program Files\Java\jre1.8.0_221\bin\dt_socket.dll
0x00007ffb8ba80000 - 0x00007ffb8ba96000 	C:\Windows\system32\napinsp.dll
0x00007ffb8ba60000 - 0x00007ffb8ba7a000 	C:\Windows\system32\pnrpnsp.dll
0x00007ffba8bb0000 - 0x00007ffba8bc5000 	C:\Windows\system32\wshbth.dll
0x00007ffba9fd0000 - 0x00007ffba9fec000 	C:\Windows\system32\NLAapi.dll
0x00007ffbad550000 - 0x00007ffbad58a000 	C:\Windows\SYSTEM32\IPHLPAPI.DLL
0x00007ffbad840000 - 0x00007ffbad8a7000 	C:\Windows\System32\mswsock.dll
0x00007ffbad5a0000 - 0x00007ffbad66b000 	C:\Windows\SYSTEM32\DNSAPI.dll
0x00007ffbaf9b0000 - 0x00007ffbaf9b8000 	C:\Windows\System32\NSI.dll
0x00007ffb8ba50000 - 0x00007ffb8ba5e000 	C:\Windows\System32\winrnr.dll
0x00007ffbabb40000 - 0x00007ffbabbb7000 	C:\Windows\System32\fwpuclnt.dll
0x00007ffbaef30000 - 0x00007ffbaef56000 	C:\Windows\System32\bcrypt.dll
0x00007ffb99230000 - 0x00007ffb9923a000 	C:\Windows\System32\rasadhlp.dll
0x00007ffba9c30000 - 0x00007ffba9c4a000 	C:\Program Files\Java\jre1.8.0_221\bin\net.dll
0x00007ffb9dc50000 - 0x00007ffb9de27000 	C:\Windows\SYSTEM32\urlmon.dll
0x00007ffb9e670000 - 0x00007ffb9e917000 	C:\Windows\SYSTEM32\iertutil.dll
0x00007ffbada10000 - 0x00007ffbada1c000 	C:\Windows\SYSTEM32\CRYPTBASE.DLL
0x00007ffbaba30000 - 0x00007ffbaba3d000 	C:\Program Files\Java\jre1.8.0_221\bin\management.dll
0x00007ffba60c0000 - 0x00007ffba60d2000 	C:\Program Files\Java\jre1.8.0_221\bin\nio.dll
0x00007ffbac500000 - 0x00007ffbac516000 	C:\Windows\SYSTEM32\dhcpcsvc6.DLL
0x00007ffbac4e0000 - 0x00007ffbac4fc000 	C:\Windows\SYSTEM32\dhcpcsvc.DLL

VM Arguments:
jvm_args: -agentlib:jdwp=transport=dt_socket,suspend=y,address=localhost:60470 -javaagent:D:\debug\tool\jee-2019-06\eclipse\configuration\org.eclipse.osgi\411\0\.cp\lib\javaagent-shaded.jar -Dfile.encoding=UTF-8 
java_command: com.itour.TravelApp
java_class_path (initial): D:\private\itour\itour-parent\itour-travel-service\target\classes;D:\private\itour\itour-parent\itour-travel-api\target\classes;D:\private\itour\itour-parent\itour-common\target\classes;D:\Cache\.m2\repo\com\baomidou\mybatis-plus-generator\3.3.0\mybatis-plus-generator-3.3.0.jar;D:\Cache\.m2\repo\com\baomidou\mybatis-plus-extension\3.3.0\mybatis-plus-extension-3.3.0.jar;D:\Cache\.m2\repo\com\baomidou\mybatis-plus-core\3.3.0\mybatis-plus-core-3.3.0.jar;D:\Cache\.m2\repo\com\baomidou\mybatis-plus-annotation\3.3.0\mybatis-plus-annotation-3.3.0.jar;D:\Cache\.m2\repo\org\mybatis\mybatis\3.5.3\mybatis-3.5.3.jar;D:\Cache\.m2\repo\org\mybatis\mybatis-spring\2.0.3\mybatis-spring-2.0.3.jar;D:\Cache\.m2\repo\com\ibeetl\beetl-framework-starter\1.2.19.RELEASE\beetl-framework-starter-1.2.19.RELEASE.jar;D:\Cache\.m2\repo\com\ibeetl\beetl\3.0.15.RELEASE\beetl-3.0.15.RELEASE.jar;D:\Cache\.m2\repo\org\antlr\antlr4-runtime\4.7.2\antlr4-runtime-4.7.2.jar;D:\Cache\.m2\repo\org\ow2\asm\asm-commons\5.2\asm-commons-5.2.jar;D:\Cache\.m2\repo\org\ow2\asm\asm-tree\5.2\asm-tree-5.2.jar;D:\Cache\.m2\repo\com\ibeetl\beetlsql\2.12.17.RELEASE\beetlsql-2.12.17.RELEASE.jar;D:\Cache\.m2\repo\org\apache\shiro\shiro-spring\1.6.0\shiro-spring-1.6.0.jar;D:\Cache\.m2\repo\org\apache\shiro\shiro-core\1.6.0\shiro-core-1.6.0.jar;D:\Cache\.m2\repo\org\apache\shiro\shiro-lang\1.6.0\shiro-lang-1.6.0.jar;D:\Cache\.m2\repo\org\apache\shiro\shiro-cache\1.6.0\shiro-cache-1.6.0.jar;D:\Cache\.m2\repo\org\apache\shiro\shiro-crypto-hash\1.6.0\shiro-crypto-hash-1.6.0.jar;D:\Cache\.m2\repo\org\apache\shiro\shiro-crypto-core\1.6.0\shiro-crypto-core-1.6.0.jar;D:\Cache\.m2\repo\org\apache\shiro\shiro-crypto-cipher\1.6.0\shiro-crypto-cipher-1.6.0.jar;D:\Cache\.m2\repo\org\apache\shiro\shiro-config-core\1.6.0\shiro-config-core-1.6.0.jar;D:\Cache\.m2\repo\org\apache\shiro\shiro-config-ogdl\1.6.0\shiro-config-ogdl-1.6.0.jar;D:\Cache\.m2\repo\commons-beanutils\commons-beanutils\1.9.4\commons-beanutils
Launcher Type: SUN_STANDARD

Environment Variables:
JAVA_HOME=C:\Program Files\Java\jdk1.8.0_221
CLASSPATH=.;C:\Program Files\Java\jdk1.8.0_221\lib
PATH=C:/Program Files/Java/jre1.8.0_221/bin/server;C:/Program Files/Java/jre1.8.0_221/bin;C:/Program Files/Java/jre1.8.0_221/lib/amd64;D:\software\life\;C:\Program Files (x86)\Common Files\Oracle\Java\javapath;C:\Program Files (x86)\Intel\iCLS Client\;C:\Program Files\Intel\iCLS Client\;C:\windows\system32;C:\windows;C:\windows\System32\Wbem;C:\windows\System32\WindowsPowerShell\v1.0\;C:\Program Files (x86)\Intel\Intel(R) Management Engine Components\DAL;C:\Program Files\Intel\Intel(R) Management Engine Components\DAL;C:\Program Files (x86)\Intel\Intel(R) Management Engine Components\IPT;C:\Program Files\Intel\Intel(R) Management Engine Components\IPT;C:\Program Files (x86)\NVIDIA Corporation\PhysX\Common;C:\Windows\system32;C:\Windows;C:\Windows\System32\Wbem;C:\Windows\System32\WindowsPowerShell\v1.0\;C:\Windows\System32\OpenSSH\;C:\Program Files\Java\jdk1.8.0_221\bin;D:\software\work\Git\cmd;D:\software\nodejs\;C:\Users\wwang\AppData\Local\Microsoft\WindowsApps;C:\Users\wwang\AppData\Local\BypassRuntm;C:\Users\wwang\AppData\Roaming\npm;C:\Users\wwang\Desktop;
USERNAME=wwang
OS=Windows_NT
PROCESSOR_IDENTIFIER=Intel64 Family 6 Model 158 Stepping 9, GenuineIntel



---------------  S Y S T E M  ---------------

OS: Windows 10.0 , 64 bit Build 18362 (10.0.18362.1500)

CPU:total 8 (initial active 8) (4 cores per cpu, 2 threads per core) family 6 model 158 stepping 9, cmov, cx8, fxsr, mmx, sse, sse2, sse3, ssse3, sse4.1, sse4.2, popcnt, avx, avx2, aes, clmul, erms, 3dnowpref, lzcnt, ht, tsc, tscinvbit, bmi1, bmi2, adx

Memory: 4k page, physical 8271080k(446428k free), swap 23738724k(5392k free)

vm_info: Java HotSpot(TM) 64-Bit Server VM (25.221-b11) for windows-amd64 JRE (1.8.0_221-b11), built on Jul  4 2019 04:39:29 by "java_re" with MS VC++ 10.0 (VS2010)

time: Wed May 19 13:22:32 2021
timezone: 中国标准时间
elapsed time: 4 seconds (0d 0h 0m 4s)

