#
# There is insufficient memory for the Java Runtime Environment to continue.
# Native memory allocation (malloc) failed to allocate 32744 bytes for ChunkPool::allocate
# Possible reasons:
#   The system is out of physical RAM or swap space
#   The process is running with CompressedOops enabled, and the Java Heap may be blocking the growth of the native heap
# Possible solutions:
#   Reduce memory load on the system
#   Increase physical memory or swap space
#   Check if swap backing store is full
#   Decrease Java heap size (-Xmx/-Xms)
#   Decrease number of Java threads
#   Decrease Java thread stack sizes (-Xss)
#   Set larger code cache with -XX:ReservedCodeCacheSize=
#   JVM is running with Unscaled Compressed Oops mode in which the Java heap is
#     placed in the first 4GB address space. The Java Heap base address is the
#     maximum limit for the native heap growth. Please use -XX:HeapBaseMinAddress
#     to set the Java Heap base and to place the Java Heap above 4GB virtual address.
# This output file may be truncated or incomplete.
#
#  Out of Memory Error (allocation.cpp:272), pid=31280, tid=0x000000000000a08c
#
# JRE version: Java(TM) SE Runtime Environment (8.0_221-b11) (build 1.8.0_221-b11)
# Java VM: Java HotSpot(TM) 64-Bit Server VM (25.221-b11 mixed mode windows-amd64 compressed oops)
# Failed to write core dump. Minidumps are not enabled by default on client versions of Windows
#

---------------  T H R E A D  ---------------

Current thread (0x000000001a22b000):  JavaThread "C1 CompilerThread3" daemon [_thread_in_native, id=41100, stack(0x000000001aef0000,0x000000001aff0000)]

Stack: [0x000000001aef0000,0x000000001aff0000]
[error occurred during error reporting (printing stack bounds), id 0xc0000005]

Native frames: (J=compiled Java code, j=interpreted, Vv=VM code, C=native code)


Current CompileTask:
C1:  34351 4069       1       javax.management.ObjectName::construct (1228 bytes)


---------------  P R O C E S S  ---------------

Java Threads: ( => current thread )
  0x000000001bee2800 JavaThread "restartedMain" [_thread_in_native, id=23300, stack(0x000000001d970000,0x000000001da70000)]
  0x000000001bee0000 JavaThread "Thread-3" [_thread_blocked, id=39596, stack(0x000000001d570000,0x000000001d670000)]
  0x000000001be98000 JavaThread "JMX server connection timeout 47" daemon [_thread_blocked, id=27168, stack(0x000000001d770000,0x000000001d870000)]
  0x000000001bbfb000 JavaThread "JMX server connection timeout 46" daemon [_thread_blocked, id=39272, stack(0x000000001d070000,0x000000001d170000)]
  0x000000001be84000 JavaThread "RMI TCP Connection(3)-127.0.0.1" daemon [_thread_in_native, id=34852, stack(0x000000001d670000,0x000000001d770000)]
  0x000000001be59800 JavaThread "RMI Scheduler(0)" daemon [_thread_blocked, id=22636, stack(0x000000001d470000,0x000000001d570000)]
  0x000000001be5c800 JavaThread "RMI TCP Connection(2)-127.0.0.1" daemon [_thread_in_native, id=40924, stack(0x000000001d370000,0x000000001d470000)]
  0x000000001bd95000 JavaThread "RMI TCP Connection(1)-127.0.0.1" daemon [_thread_in_native, id=4240, stack(0x000000001ca70000,0x000000001cb70000)]
  0x000000001bb4d000 JavaThread "RMI TCP Accept-0" daemon [_thread_in_native, id=36768, stack(0x000000001cd70000,0x000000001ce70000)]
  0x000000001bb41800 JavaThread "RMI TCP Accept-59497" daemon [_thread_in_native, id=33172, stack(0x000000001cc70000,0x000000001cd70000)]
  0x000000001bb2b000 JavaThread "RMI TCP Accept-0" daemon [_thread_in_native, id=33144, stack(0x000000001cb70000,0x000000001cc70000)]
  0x000000001ba7c000 JavaThread "SeedGenerator Thread" daemon [_thread_blocked, id=41116, stack(0x000000001c970000,0x000000001ca70000)]
  0x000000001a2af000 JavaThread "Service Thread" daemon [_thread_blocked, id=41656, stack(0x000000001aff0000,0x000000001b0f0000)]
=>0x000000001a22b000 JavaThread "C1 CompilerThread3" daemon [_thread_in_native, id=41100, stack(0x000000001aef0000,0x000000001aff0000)]
  0x000000001a22a000 JavaThread "C2 CompilerThread2" daemon [_thread_blocked, id=30304, stack(0x000000001adf0000,0x000000001aef0000)]
  0x000000001a227000 JavaThread "C2 CompilerThread1" daemon [_thread_blocked, id=36180, stack(0x000000001acf0000,0x000000001adf0000)]
  0x000000001a221800 JavaThread "C2 CompilerThread0" daemon [_thread_blocked, id=41396, stack(0x000000001abf0000,0x000000001acf0000)]
  0x000000001a210000 JavaThread "JDWP Command Reader" daemon [_thread_in_native, id=3244, stack(0x000000001aaf0000,0x000000001abf0000)]
  0x000000001a20a800 JavaThread "JDWP Event Helper Thread" daemon [_thread_blocked, id=26716, stack(0x000000001a9f0000,0x000000001aaf0000)]
  0x000000001a1ff800 JavaThread "JDWP Transport Listener: dt_socket" daemon [_thread_blocked, id=41584, stack(0x000000001a8f0000,0x000000001a9f0000)]
  0x000000001a1f2000 JavaThread "Attach Listener" daemon [_thread_blocked, id=39728, stack(0x000000001a7d0000,0x000000001a8d0000)]
  0x000000001a1f1800 JavaThread "Signal Dispatcher" daemon [_thread_blocked, id=36220, stack(0x000000001a6d0000,0x000000001a7d0000)]
  0x0000000018299800 JavaThread "Finalizer" daemon [_thread_blocked, id=19376, stack(0x000000001a560000,0x000000001a660000)]
  0x0000000018291000 JavaThread "Reference Handler" daemon [_thread_blocked, id=1008, stack(0x000000001a060000,0x000000001a160000)]
  0x00000000031ed800 JavaThread "main" [_thread_blocked, id=37264, stack(0x00000000030e0000,0x00000000031e0000)]

Other Threads:
  0x0000000018288000 VMThread [stack: 0x0000000019f60000,0x000000001a060000] [id=38488]
  0x000000001bb4e000 WatcherThread [stack: 0x000000001ce70000,0x000000001cf70000] [id=17752]

VM state:not at safepoint (normal execution)

VM Mutex/Monitor currently owned by a thread: None

heap address: 0x0000000081c00000, size: 2020 MB, Compressed Oops mode: 32-bit
Narrow klass base: 0x0000000000000000, Narrow klass shift: 3
Compressed class space size: 1073741824 Address: 0x0000000100000000

Heap:
 PSYoungGen      total 382464K, used 268086K [0x00000000d5f00000, 0x00000000f1400000, 0x0000000100000000)
  eden space 359936K, 74% used [0x00000000d5f00000,0x00000000e64cdaf8,0x00000000ebe80000)
  from space 22528K, 0% used [0x00000000ee280000,0x00000000ee280000,0x00000000ef880000)
  to   space 36864K, 0% used [0x00000000ebe80000,0x00000000ebe80000,0x00000000ee280000)
 ParOldGen       total 65024K, used 59244K [0x0000000081c00000, 0x0000000085b80000, 0x00000000d5f00000)
  object space 65024K, 91% used [0x0000000081c00000,0x00000000855db1d0,0x0000000085b80000)
 Metaspace       used 35825K, capacity 37882K, committed 38144K, reserved 1081344K
  class space    used 4920K, capacity 5299K, committed 5376K, reserved 1048576K

Card table byte_map: [0x00000000126a0000,0x0000000012aa0000] byte_map_base: 0x0000000012292000

Marking Bits: (ParMarkBitMap*) 0x00000000687b5ce0
 Begin Bits: [0x0000000013550000, 0x00000000154e0000)
 End Bits:   [0x00000000154e0000, 0x0000000017470000)

Polling page: 0x00000000015c0000

CodeCache: size=245760Kb used=8207Kb max_used=8207Kb free=237552Kb
 bounds [0x00000000032e0000, 0x0000000003af0000, 0x00000000122e0000]
 total_blobs=4468 nmethods=4030 adapters=357
 compilation: enabled

Compilation events (10 events):
Event: 34.245 Thread 0x000000001a22b000 nmethod 4064 0x0000000003ae3150 code [0x0000000003ae32a0, 0x0000000003ae33b0]
Event: 34.327 Thread 0x000000001a22b000 4065       1       java.io.FilterInputStream::read (9 bytes)
Event: 34.328 Thread 0x000000001a22b000 nmethod 4065 0x0000000003ae3410 code [0x0000000003ae3580, 0x0000000003ae36e8]
Event: 34.328 Thread 0x000000001a22b000 4066       1       sun.util.locale.BaseLocale::equals (71 bytes)
Event: 34.328 Thread 0x000000001a22b000 nmethod 4066 0x0000000003ae3790 code [0x0000000003ae38e0, 0x0000000003ae3af0]
Event: 34.332 Thread 0x000000001a22b000 4067   !   1       java.util.ResourceBundle$CacheKey::clone (57 bytes)
Event: 34.332 Thread 0x000000001a22b000 nmethod 4067 0x0000000003ae3b90 code [0x0000000003ae3d20, 0x0000000003ae4058]
Event: 34.332 Thread 0x000000001a22b000 4068       1       java.util.ResourceBundle$CacheKey::getCause (5 bytes)
Event: 34.332 Thread 0x000000001a22b000 nmethod 4068 0x0000000003ae4310 code [0x0000000003ae4460, 0x0000000003ae4570]
Event: 34.333 Thread 0x000000001a22b000 4069       1       javax.management.ObjectName::construct (1228 bytes)

GC Heap History (10 events):
Event: 17.273 GC heap before
{Heap before GC invocations=8 (full 1):
 PSYoungGen      total 142336K, used 133120K [0x00000000d5f00000, 0x00000000df400000, 0x0000000100000000)
  eden space 133120K, 100% used [0x00000000d5f00000,0x00000000de100000,0x00000000de100000)
  from space 9216K, 0% used [0x00000000deb00000,0x00000000deb00000,0x00000000df400000)
  to   space 9728K, 0% used [0x00000000de100000,0x00000000de100000,0x00000000dea80000)
 ParOldGen       total 49664K, used 7627K [0x0000000081c00000, 0x0000000084c80000, 0x00000000d5f00000)
  object space 49664K, 15% used [0x0000000081c00000,0x0000000082372d18,0x0000000084c80000)
 Metaspace       used 25460K, capacity 26572K, committed 26880K, reserved 1073152K
  class space    used 3465K, capacity 3754K, committed 3840K, reserved 1048576K
Event: 17.281 GC heap after
Heap after GC invocations=8 (full 1):
 PSYoungGen      total 142848K, used 8302K [0x00000000d5f00000, 0x00000000e6780000, 0x0000000100000000)
  eden space 133120K, 0% used [0x00000000d5f00000,0x00000000d5f00000,0x00000000de100000)
  from space 9728K, 85% used [0x00000000de100000,0x00000000de91b8d8,0x00000000dea80000)
  to   space 10240K, 0% used [0x00000000e5d80000,0x00000000e5d80000,0x00000000e6780000)
 ParOldGen       total 49664K, used 7635K [0x0000000081c00000, 0x0000000084c80000, 0x00000000d5f00000)
  object space 49664K, 15% used [0x0000000081c00000,0x0000000082374d18,0x0000000084c80000)
 Metaspace       used 25460K, capacity 26572K, committed 26880K, reserved 1073152K
  class space    used 3465K, capacity 3754K, committed 3840K, reserved 1048576K
}
Event: 18.286 GC heap before
{Heap before GC invocations=9 (full 1):
 PSYoungGen      total 142848K, used 141422K [0x00000000d5f00000, 0x00000000e6780000, 0x0000000100000000)
  eden space 133120K, 100% used [0x00000000d5f00000,0x00000000de100000,0x00000000de100000)
  from space 9728K, 85% used [0x00000000de100000,0x00000000de91b8d8,0x00000000dea80000)
  to   space 10240K, 0% used [0x00000000e5d80000,0x00000000e5d80000,0x00000000e6780000)
 ParOldGen       total 49664K, used 7635K [0x0000000081c00000, 0x0000000084c80000, 0x00000000d5f00000)
  object space 49664K, 15% used [0x0000000081c00000,0x0000000082374d18,0x0000000084c80000)
 Metaspace       used 27952K, capacity 29214K, committed 29568K, reserved 1075200K
  class space    used 3796K, capacity 4099K, committed 4224K, reserved 1048576K
Event: 18.295 GC heap after
Heap after GC invocations=9 (full 1):
 PSYoungGen      total 257536K, used 9332K [0x00000000d5f00000, 0x00000000e6700000, 0x0000000100000000)
  eden space 247808K, 0% used [0x00000000d5f00000,0x00000000d5f00000,0x00000000e5100000)
  from space 9728K, 95% used [0x00000000e5d80000,0x00000000e669d1b8,0x00000000e6700000)
  to   space 10752K, 0% used [0x00000000e5200000,0x00000000e5200000,0x00000000e5c80000)
 ParOldGen       total 49664K, used 7643K [0x0000000081c00000, 0x0000000084c80000, 0x00000000d5f00000)
  object space 49664K, 15% used [0x0000000081c00000,0x0000000082376d18,0x0000000084c80000)
 Metaspace       used 27952K, capacity 29214K, committed 29568K, reserved 1075200K
  class space    used 3796K, capacity 4099K, committed 4224K, reserved 1048576K
}
Event: 22.743 GC heap before
{Heap before GC invocations=10 (full 1):
 PSYoungGen      total 257536K, used 257140K [0x00000000d5f00000, 0x00000000e6700000, 0x0000000100000000)
  eden space 247808K, 100% used [0x00000000d5f00000,0x00000000e5100000,0x00000000e5100000)
  from space 9728K, 95% used [0x00000000e5d80000,0x00000000e669d1b8,0x00000000e6700000)
  to   space 10752K, 0% used [0x00000000e5200000,0x00000000e5200000,0x00000000e5c80000)
 ParOldGen       total 49664K, used 7643K [0x0000000081c00000, 0x0000000084c80000, 0x00000000d5f00000)
  object space 49664K, 15% used [0x0000000081c00000,0x0000000082376d18,0x0000000084c80000)
 Metaspace       used 28042K, capacity 29386K, committed 29568K, reserved 1075200K
  class space    used 3822K, capacity 4133K, committed 4224K, reserved 1048576K
Event: 22.787 GC heap after
Heap after GC invocations=10 (full 1):
 PSYoungGen      total 259584K, used 10720K [0x00000000d5f00000, 0x00000000ef880000, 0x0000000100000000)
  eden space 248832K, 0% used [0x00000000d5f00000,0x00000000d5f00000,0x00000000e5200000)
  from space 10752K, 99% used [0x00000000e5200000,0x00000000e5c782d0,0x00000000e5c80000)
  to   space 22528K, 0% used [0x00000000ee280000,0x00000000ee280000,0x00000000ef880000)
 ParOldGen       total 49664K, used 34535K [0x0000000081c00000, 0x0000000084c80000, 0x00000000d5f00000)
  object space 49664K, 69% used [0x0000000081c00000,0x0000000083db9d18,0x0000000084c80000)
 Metaspace       used 28042K, capacity 29386K, committed 29568K, reserved 1075200K
  class space    used 3822K, capacity 4133K, committed 4224K, reserved 1048576K
}
Event: 30.137 GC heap before
{Heap before GC invocations=11 (full 1):
 PSYoungGen      total 259584K, used 259552K [0x00000000d5f00000, 0x00000000ef880000, 0x0000000100000000)
  eden space 248832K, 100% used [0x00000000d5f00000,0x00000000e5200000,0x00000000e5200000)
  from space 10752K, 99% used [0x00000000e5200000,0x00000000e5c782d0,0x00000000e5c80000)
  to   space 22528K, 0% used [0x00000000ee280000,0x00000000ee280000,0x00000000ef880000)
 ParOldGen       total 49664K, used 34535K [0x0000000081c00000, 0x0000000084c80000, 0x00000000d5f00000)
  object space 49664K, 69% used [0x0000000081c00000,0x0000000083db9d18,0x0000000084c80000)
 Metaspace       used 28121K, capacity 29482K, committed 29568K, reserved 1075200K
  class space    used 3850K, capacity 4165K, committed 4224K, reserved 1048576K
Event: 30.205 GC heap after
Heap after GC invocations=11 (full 1):
 PSYoungGen      total 382464K, used 22510K [0x00000000d5f00000, 0x00000000f1400000, 0x0000000100000000)
  eden space 359936K, 0% used [0x00000000d5f00000,0x00000000d5f00000,0x00000000ebe80000)
  from space 22528K, 99% used [0x00000000ee280000,0x00000000ef87b8a8,0x00000000ef880000)
  to   space 36864K, 0% used [0x00000000ebe80000,0x00000000ebe80000,0x00000000ee280000)
 ParOldGen       total 65024K, used 64645K [0x0000000081c00000, 0x0000000085b80000, 0x00000000d5f00000)
  object space 65024K, 99% used [0x0000000081c00000,0x0000000085b21718,0x0000000085b80000)
 Metaspace       used 28121K, capacity 29482K, committed 29568K, reserved 1075200K
  class space    used 3850K, capacity 4165K, committed 4224K, reserved 1048576K
}
Event: 30.205 GC heap before
{Heap before GC invocations=12 (full 2):
 PSYoungGen      total 382464K, used 22510K [0x00000000d5f00000, 0x00000000f1400000, 0x0000000100000000)
  eden space 359936K, 0% used [0x00000000d5f00000,0x00000000d5f00000,0x00000000ebe80000)
  from space 22528K, 99% used [0x00000000ee280000,0x00000000ef87b8a8,0x00000000ef880000)
  to   space 36864K, 0% used [0x00000000ebe80000,0x00000000ebe80000,0x00000000ee280000)
 ParOldGen       total 65024K, used 64645K [0x0000000081c00000, 0x0000000085b80000, 0x00000000d5f00000)
  object space 65024K, 99% used [0x0000000081c00000,0x0000000085b21718,0x0000000085b80000)
 Metaspace       used 28121K, capacity 29482K, committed 29568K, reserved 1075200K
  class space    used 3850K, capacity 4165K, committed 4224K, reserved 1048576K
Event: 30.377 GC heap after
Heap after GC invocations=12 (full 2):
 PSYoungGen      total 382464K, used 0K [0x00000000d5f00000, 0x00000000f1400000, 0x0000000100000000)
  eden space 359936K, 0% used [0x00000000d5f00000,0x00000000d5f00000,0x00000000ebe80000)
  from space 22528K, 0% used [0x00000000ee280000,0x00000000ee280000,0x00000000ef880000)
  to   space 36864K, 0% used [0x00000000ebe80000,0x00000000ebe80000,0x00000000ee280000)
 ParOldGen       total 65024K, used 59244K [0x0000000081c00000, 0x0000000085b80000, 0x00000000d5f00000)
  object space 65024K, 91% used [0x0000000081c00000,0x00000000855db1d0,0x0000000085b80000)
 Metaspace       used 28121K, capacity 29482K, committed 29568K, reserved 1075200K
  class space    used 3850K, capacity 4165K, committed 4224K, reserved 1048576K
}

Deoptimization events (0 events):
No events

Classes redefined (0 events):
No events

Internal exceptions (10 events):
Event: 32.895 Thread 0x000000001bee2800 Exception <a 'java/lang/ArrayIndexOutOfBoundsException'> (0x00000000e0ee6fe8) thrown at [C:\re\workspace\8-2-build-windows-amd64-cygwin\jdk8u221\13320\hotspot\src\share\vm\runtime\sharedRuntime.cpp, line 605]
Event: 32.895 Thread 0x000000001bee2800 Exception <a 'java/lang/ArrayIndexOutOfBoundsException'> (0x00000000e0ee8330) thrown at [C:\re\workspace\8-2-build-windows-amd64-cygwin\jdk8u221\13320\hotspot\src\share\vm\runtime\sharedRuntime.cpp, line 605]
Event: 32.896 Thread 0x000000001bee2800 Exception <a 'java/lang/ArrayIndexOutOfBoundsException'> (0x00000000e0efb078) thrown at [C:\re\workspace\8-2-build-windows-amd64-cygwin\jdk8u221\13320\hotspot\src\share\vm\runtime\sharedRuntime.cpp, line 605]
Event: 32.905 Thread 0x000000001bee2800 Exception <a 'java/lang/ArrayIndexOutOfBoundsException'> (0x00000000e0faddf8) thrown at [C:\re\workspace\8-2-build-windows-amd64-cygwin\jdk8u221\13320\hotspot\src\share\vm\runtime\sharedRuntime.cpp, line 605]
Event: 32.906 Thread 0x000000001bee2800 Exception <a 'java/lang/ArrayIndexOutOfBoundsException'> (0x00000000e0fb9300) thrown at [C:\re\workspace\8-2-build-windows-amd64-cygwin\jdk8u221\13320\hotspot\src\share\vm\runtime\sharedRuntime.cpp, line 605]
Event: 32.909 Thread 0x000000001bee2800 Exception <a 'java/lang/NoSuchMethodError': java.lang.Object.lambda$and$0(Ljava/util/function/Predicate;Ljava/lang/Object;)Z> (0x00000000e0fe8e90) thrown at [C:\re\workspace\8-2-build-windows-amd64-cygwin\jdk8u221\13320\hotspot\src\share\vm\interpreter\li
Event: 32.923 Thread 0x000000001bee2800 Exception <a 'java/lang/ArrayIndexOutOfBoundsException'> (0x00000000e10a7ed0) thrown at [C:\re\workspace\8-2-build-windows-amd64-cygwin\jdk8u221\13320\hotspot\src\share\vm\runtime\sharedRuntime.cpp, line 605]
Event: 32.980 Thread 0x000000001bee2800 Exception <a 'java/lang/ArrayIndexOutOfBoundsException'> (0x00000000e14b5a18) thrown at [C:\re\workspace\8-2-build-windows-amd64-cygwin\jdk8u221\13320\hotspot\src\share\vm\runtime\sharedRuntime.cpp, line 605]
Event: 32.980 Thread 0x000000001bee2800 Exception <a 'java/lang/ArrayIndexOutOfBoundsException'> (0x00000000e14b6d60) thrown at [C:\re\workspace\8-2-build-windows-amd64-cygwin\jdk8u221\13320\hotspot\src\share\vm\runtime\sharedRuntime.cpp, line 605]
Event: 32.980 Thread 0x000000001bee2800 Exception <a 'java/lang/ArrayIndexOutOfBoundsException'> (0x00000000e14b85a8) thrown at [C:\re\workspace\8-2-build-windows-amd64-cygwin\jdk8u221\13320\hotspot\src\share\vm\runtime\sharedRuntime.cpp, line 605]

Events (10 events):
Event: 34.336 Thread 0x000000001bee2800 DEOPT PACKING pc=0x000000000350d8fc sp=0x000000001da6a0c0
Event: 34.336 Thread 0x000000001bee2800 DEOPT UNPACKING pc=0x0000000003327890 sp=0x000000001da69ee0 mode 1
Event: 34.337 loading class org/apache/catalina/webresources/AbstractResourceSet
Event: 34.337 loading class org/apache/catalina/webresources/AbstractResourceSet done
Event: 34.337 Thread 0x000000001bee2800 DEOPT PACKING pc=0x000000000352c749 sp=0x000000001da67950
Event: 34.337 Thread 0x000000001bee2800 DEOPT UNPACKING pc=0x0000000003327890 sp=0x000000001da676a0 mode 1
Event: 34.337 Thread 0x000000001bee2800 DEOPT PACKING pc=0x000000000350d9b4 sp=0x000000001da679d0
Event: 34.337 Thread 0x000000001bee2800 DEOPT UNPACKING pc=0x0000000003327890 sp=0x000000001da677f0 mode 1
Event: 34.337 Thread 0x000000001bee2800 DEOPT PACKING pc=0x000000000350d8fc sp=0x000000001da67b60
Event: 34.337 Thread 0x000000001bee2800 DEOPT UNPACKING pc=0x0000000003327890 sp=0x000000001da67980 mode 1


Dynamic libraries:
0x00007ff670b00000 - 0x00007ff670b37000 	C:\Program Files\Java\jre1.8.0_221\bin\javaw.exe
0x00007ffbb11c0000 - 0x00007ffbb13b0000 	C:\Windows\SYSTEM32\ntdll.dll
0x00007ffbafe80000 - 0x00007ffbaff32000 	C:\Windows\System32\KERNEL32.DLL
0x00007ffbae2d0000 - 0x00007ffbae575000 	C:\Windows\System32\KERNELBASE.dll
0x00007ffbafd20000 - 0x00007ffbafdc3000 	C:\Windows\System32\ADVAPI32.dll
0x00007ffbb1010000 - 0x00007ffbb10ae000 	C:\Windows\System32\msvcrt.dll
0x00007ffbaf9c0000 - 0x00007ffbafa57000 	C:\Windows\System32\sechost.dll
0x00007ffbaf270000 - 0x00007ffbaf38f000 	C:\Windows\System32\RPCRT4.dll
0x00007ffbb03a0000 - 0x00007ffbb0534000 	C:\Windows\System32\USER32.dll
0x00007ffbaedb0000 - 0x00007ffbaedd1000 	C:\Windows\System32\win32u.dll
0x00007ffbaff40000 - 0x00007ffbaff66000 	C:\Windows\System32\GDI32.dll
0x00007ffbae130000 - 0x00007ffbae2c8000 	C:\Windows\System32\gdi32full.dll
0x00007ffbaee90000 - 0x00007ffbaef2e000 	C:\Windows\System32\msvcp_win.dll
0x00007ffbaf010000 - 0x00007ffbaf10a000 	C:\Windows\System32\ucrtbase.dll
0x00007ffb9bba0000 - 0x00007ffb9be24000 	C:\Windows\WinSxS\amd64_microsoft.windows.common-controls_6595b64144ccf1df_6.0.18362.1500_none_9e79be6de462295c\COMCTL32.dll
0x00007ffbb05c0000 - 0x00007ffbb08f6000 	C:\Windows\System32\combase.dll
0x00007ffbaef60000 - 0x00007ffbaefe1000 	C:\Windows\System32\bcryptPrimitives.dll
0x00007ffbafe50000 - 0x00007ffbafe7e000 	C:\Windows\System32\IMM32.DLL
0x000000006a140000 - 0x000000006a212000 	C:\Program Files\Java\jre1.8.0_221\bin\msvcr100.dll
0x0000000067f90000 - 0x0000000068835000 	C:\Program Files\Java\jre1.8.0_221\bin\server\jvm.dll
0x00007ffbb0270000 - 0x00007ffbb0278000 	C:\Windows\System32\PSAPI.DLL
0x00007ffba7330000 - 0x00007ffba7339000 	C:\Windows\SYSTEM32\WSOCK32.dll
0x00007ffbab1a0000 - 0x00007ffbab1c4000 	C:\Windows\SYSTEM32\WINMM.dll
0x00007ffbb0330000 - 0x00007ffbb039f000 	C:\Windows\System32\WS2_32.dll
0x00007ffbadc50000 - 0x00007ffbadc5a000 	C:\Windows\SYSTEM32\VERSION.dll
0x00007ffbaaab0000 - 0x00007ffbaaadd000 	C:\Windows\SYSTEM32\WINMMBASE.dll
0x00007ffbaed60000 - 0x00007ffbaedaa000 	C:\Windows\System32\cfgmgr32.dll
0x00007ffbab450000 - 0x00007ffbab45f000 	C:\Program Files\Java\jre1.8.0_221\bin\verify.dll
0x00007ffba9ca0000 - 0x00007ffba9cc9000 	C:\Program Files\Java\jre1.8.0_221\bin\java.dll
0x00007ffb9ec10000 - 0x00007ffb9ec45000 	C:\Program Files\Java\jre1.8.0_221\bin\jdwp.dll
0x00007ffba5420000 - 0x00007ffba5428000 	C:\Program Files\Java\jre1.8.0_221\bin\npt.dll
0x00007ffba9c50000 - 0x00007ffba9c66000 	C:\Program Files\Java\jre1.8.0_221\bin\zip.dll
0x00007ffbb0900000 - 0x00007ffbb0fe8000 	C:\Windows\System32\SHELL32.dll
0x00007ffbafb30000 - 0x00007ffbafbd7000 	C:\Windows\System32\shcore.dll
0x00007ffbae580000 - 0x00007ffbaecfb000 	C:\Windows\System32\windows.storage.dll
0x00007ffbae0f0000 - 0x00007ffbae10e000 	C:\Windows\System32\profapi.dll
0x00007ffbae0a0000 - 0x00007ffbae0ea000 	C:\Windows\System32\powrprof.dll
0x00007ffbae070000 - 0x00007ffbae080000 	C:\Windows\System32\UMPDC.dll
0x00007ffbafa60000 - 0x00007ffbafab2000 	C:\Windows\System32\shlwapi.dll
0x00007ffbae080000 - 0x00007ffbae091000 	C:\Windows\System32\kernel.appcore.dll
0x00007ffbaeff0000 - 0x00007ffbaf007000 	C:\Windows\System32\cryptsp.dll
0x00007ffba4f60000 - 0x00007ffba4f69000 	C:\Program Files\Java\jre1.8.0_221\bin\dt_socket.dll
0x00007ffb8ba80000 - 0x00007ffb8ba96000 	C:\Windows\system32\napinsp.dll
0x00007ffb8ba60000 - 0x00007ffb8ba7a000 	C:\Windows\system32\pnrpnsp.dll
0x00007ffba8bb0000 - 0x00007ffba8bc5000 	C:\Windows\system32\wshbth.dll
0x00007ffba9fd0000 - 0x00007ffba9fec000 	C:\Windows\system32\NLAapi.dll
0x00007ffbad550000 - 0x00007ffbad58a000 	C:\Windows\SYSTEM32\IPHLPAPI.DLL
0x00007ffbad840000 - 0x00007ffbad8a7000 	C:\Windows\System32\mswsock.dll
0x00007ffbad5a0000 - 0x00007ffbad66b000 	C:\Windows\SYSTEM32\DNSAPI.dll
0x00007ffbaf9b0000 - 0x00007ffbaf9b8000 	C:\Windows\System32\NSI.dll
0x00007ffb8ba50000 - 0x00007ffb8ba5e000 	C:\Windows\System32\winrnr.dll
0x00007ffbabb40000 - 0x00007ffbabbb7000 	C:\Windows\System32\fwpuclnt.dll
0x00007ffbaef30000 - 0x00007ffbaef56000 	C:\Windows\System32\bcrypt.dll
0x00007ffb99230000 - 0x00007ffb9923a000 	C:\Windows\System32\rasadhlp.dll
0x00007ffbaba30000 - 0x00007ffbaba3d000 	C:\Program Files\Java\jre1.8.0_221\bin\management.dll
0x00007ffba9c30000 - 0x00007ffba9c4a000 	C:\Program Files\Java\jre1.8.0_221\bin\net.dll
0x00007ffb9dc50000 - 0x00007ffb9de27000 	C:\Windows\SYSTEM32\urlmon.dll
0x00007ffb9e670000 - 0x00007ffb9e917000 	C:\Windows\SYSTEM32\iertutil.dll
0x00007ffbada10000 - 0x00007ffbada1c000 	C:\Windows\SYSTEM32\CRYPTBASE.DLL
0x00007ffba60c0000 - 0x00007ffba60d2000 	C:\Program Files\Java\jre1.8.0_221\bin\nio.dll
0x00007ffbac500000 - 0x00007ffbac516000 	C:\Windows\SYSTEM32\dhcpcsvc6.DLL
0x00007ffbac4e0000 - 0x00007ffbac4fc000 	C:\Windows\SYSTEM32\dhcpcsvc.DLL

VM Arguments:
jvm_args: -agentlib:jdwp=transport=dt_socket,suspend=y,address=localhost:59502 -Dcom.sun.management.jmxremote -Dcom.sun.management.jmxremote.port=59497 -Dcom.sun.management.jmxremote.authenticate=false -Dcom.sun.management.jmxremote.ssl=false -Djava.rmi.server.hostname=localhost -Dspring.jmx.enabled=true -Dspring.application.admin.enabled=true -Xverify:none -XX:TieredStopAtLevel=1 -Dfile.encoding=UTF-8 
java_command: com.itour.TravelApp
java_class_path (initial): D:\private\itour\itour-parent\itour-travel-service\target\classes;D:\private\itour\itour-parent\itour-travel-api\target\classes;D:\private\itour\itour-parent\itour-common\target\classes;D:\Cache\.m2\repo\com\baomidou\mybatis-plus-generator\3.3.0\mybatis-plus-generator-3.3.0.jar;D:\Cache\.m2\repo\com\baomidou\mybatis-plus-extension\3.3.0\mybatis-plus-extension-3.3.0.jar;D:\Cache\.m2\repo\com\baomidou\mybatis-plus-core\3.3.0\mybatis-plus-core-3.3.0.jar;D:\Cache\.m2\repo\com\baomidou\mybatis-plus-annotation\3.3.0\mybatis-plus-annotation-3.3.0.jar;D:\Cache\.m2\repo\org\mybatis\mybatis\3.5.3\mybatis-3.5.3.jar;D:\Cache\.m2\repo\org\mybatis\mybatis-spring\2.0.3\mybatis-spring-2.0.3.jar;D:\Cache\.m2\repo\com\ibeetl\beetl-framework-starter\1.2.19.RELEASE\beetl-framework-starter-1.2.19.RELEASE.jar;D:\Cache\.m2\repo\com\ibeetl\beetl\3.0.15.RELEASE\beetl-3.0.15.RELEASE.jar;D:\Cache\.m2\repo\org\antlr\antlr4-runtime\4.7.2\antlr4-runtime-4.7.2.jar;D:\Cache\.m2\repo\org\ow2\asm\asm-commons\5.2\asm-commons-5.2.jar;D:\Cache\.m2\repo\org\ow2\asm\asm-tree\5.2\asm-tree-5.2.jar;D:\Cache\.m2\repo\com\ibeetl\beetlsql\2.12.17.RELEASE\beetlsql-2.12.17.RELEASE.jar;D:\Cache\.m2\repo\org\apache\shiro\shiro-spring\1.6.0\shiro-spring-1.6.0.jar;D:\Cache\.m2\repo\org\apache\shiro\shiro-core\1.6.0\shiro-core-1.6.0.jar;D:\Cache\.m2\repo\org\apache\shiro\shiro-lang\1.6.0\shiro-lang-1.6.0.jar;D:\Cache\.m2\repo\org\apache\shiro\shiro-cache\1.6.0\shiro-cache-1.6.0.jar;D:\Cache\.m2\repo\org\apache\shiro\shiro-crypto-hash\1.6.0\shiro-crypto-hash-1.6.0.jar;D:\Cache\.m2\repo\org\apache\shiro\shiro-crypto-core\1.6.0\shiro-crypto-core-1.6.0.jar;D:\Cache\.m2\repo\org\apache\shiro\shiro-crypto-cipher\1.6.0\shiro-crypto-cipher-1.6.0.jar;D:\Cache\.m2\repo\org\apache\shiro\shiro-config-core\1.6.0\shiro-config-core-1.6.0.jar;D:\Cache\.m2\repo\org\apache\shiro\shiro-config-ogdl\1.6.0\shiro-config-ogdl-1.6.0.jar;D:\Cache\.m2\repo\commons-beanutils\commons-beanutils\1.9.4\commons-beanutils
Launcher Type: SUN_STANDARD

Environment Variables:
JAVA_HOME=C:\Program Files\Java\jdk1.8.0_221
CLASSPATH=.;C:\Program Files\Java\jdk1.8.0_221\lib
PATH=C:/Program Files/Java/jre1.8.0_221/bin/server;C:/Program Files/Java/jre1.8.0_221/bin;C:/Program Files/Java/jre1.8.0_221/lib/amd64;D:\software\life\;C:\Program Files (x86)\Common Files\Oracle\Java\javapath;C:\Program Files (x86)\Intel\iCLS Client\;C:\Program Files\Intel\iCLS Client\;C:\windows\system32;C:\windows;C:\windows\System32\Wbem;C:\windows\System32\WindowsPowerShell\v1.0\;C:\Program Files (x86)\Intel\Intel(R) Management Engine Components\DAL;C:\Program Files\Intel\Intel(R) Management Engine Components\DAL;C:\Program Files (x86)\Intel\Intel(R) Management Engine Components\IPT;C:\Program Files\Intel\Intel(R) Management Engine Components\IPT;C:\Program Files (x86)\NVIDIA Corporation\PhysX\Common;C:\Windows\system32;C:\Windows;C:\Windows\System32\Wbem;C:\Windows\System32\WindowsPowerShell\v1.0\;C:\Windows\System32\OpenSSH\;C:\Program Files\Java\jdk1.8.0_221\bin;D:\software\work\Git\cmd;D:\software\nodejs\;C:\Users\wwang\AppData\Local\Microsoft\WindowsApps;C:\Users\wwang\AppData\Local\BypassRuntm;C:\Users\wwang\AppData\Roaming\npm;C:\Users\wwang\Desktop;
USERNAME=wwang
OS=Windows_NT
PROCESSOR_IDENTIFIER=Intel64 Family 6 Model 158 Stepping 9, GenuineIntel



---------------  S Y S T E M  ---------------

OS: Windows 10.0 , 64 bit Build 18362 (10.0.18362.1500)

CPU:total 8 (initial active 8) (4 cores per cpu, 2 threads per core) family 6 model 158 stepping 9, cmov, cx8, fxsr, mmx, sse, sse2, sse3, ssse3, sse4.1, sse4.2, popcnt, avx, avx2, aes, clmul, erms, 3dnowpref, lzcnt, ht, tsc, tscinvbit, bmi1, bmi2, adx

Memory: 4k page, physical 8271080k(208028k free), swap 23738724k(92k free)

vm_info: Java HotSpot(TM) 64-Bit Server VM (25.221-b11) for windows-amd64 JRE (1.8.0_221-b11), built on Jul  4 2019 04:39:29 by "java_re" with MS VC++ 10.0 (VS2010)

time: Wed May 19 13:15:55 2021
timezone: 中国标准时间
elapsed time: 34 seconds (0d 0h 0m 34s)

